#
# There is insufficient memory for the Java Runtime Environment to continue.
# Native memory allocation (malloc) failed to allocate 1045936 bytes for Chunk::new
# Possible reasons:
#   The system is out of physical RAM or swap space
#   The process is running with CompressedOops enabled, and the Java Heap may be blocking the growth of the native heap
# Possible solutions:
#   Reduce memory load on the system
#   Increase physical memory or swap space
#   Check if swap backing store is full
#   Decrease Java heap size (-Xmx/-Xms)
#   Decrease number of Java threads
#   Decrease Java thread stack sizes (-Xss)
#   Set larger code cache with -XX:ReservedCodeCacheSize=
#   JVM is running with Unscaled Compressed Oops mode in which the Java heap is
#     placed in the first 4GB address space. The Java Heap base address is the
#     maximum limit for the native heap growth. Please use -XX:HeapBaseMinAddress
#     to set the Java Heap base and to place the Java Heap above 4GB virtual address.
# This output file may be truncated or incomplete.
#
#  Out of Memory Error (arena.cpp:189), pid=20252, tid=20064
#
# JRE version: OpenJDK Runtime Environment Temurin-17.0.7+7 (17.0.7+7) (build 17.0.7+7)
# Java VM: OpenJDK 64-Bit Server VM Temurin-17.0.7+7 (17.0.7+7, mixed mode, tiered, compressed oops, compressed class ptrs, g1 gc, windows-amd64)
# No core dump will be written. Minidumps are not enabled by default on client versions of Windows
#

---------------  S U M M A R Y ------------

Command Line: -Dgroovy.home=C:\Users\DELL/.groovy -Djava.system.class.loader=groovy.lang.GroovyClassLoader -Xmx2048m -Dfile.encoding=UTF-8 -XX:+ShowCodeDetailsInExceptionMessages org.codehaus.groovy.tools.GroovyStarter --classpath C:\Users\DELL\Katalon Studio\katalon\bin\keyword;C:\Users\DELL\Katalon Studio\katalon\Keywords;C:\Users\DELL\Katalon Studio\katalon\bin\listener;C:\Users\DELL\Katalon Studio\katalon\Test Listeners;C:\Users\DELL\Katalon Studio\katalon\bin\lib;C:\Users\DELL\Katalon Studio\katalon\Libs;C:\Users\DELL\Katalon Studio\katalon\bin\groovy;C:\Users\DELL\Katalon Studio\katalon\Include\scripts\groovy;C:\Users\DELL\.katalon\packages\KSE-10.0.1\plugins\com.kms.katalon.core_1.0.0.202412050416.jar;C:\Users\DELL\.katalon\packages\KSE-10.0.1\configuration\resources\lib\aalto-xml-1.0.0.jar;C:\Users\DELL\.katalon\packages\KSE-10.0.1\configuration\resources\lib\aspectjweaver-1.9.1.jar;C:\Users\DELL\.katalon\packages\KSE-10.0.1\configuration\resources\lib\aws-2.20.3-fat.jar;C:\Users\DELL\.katalon\packages\KSE-10.0.1\configuration\resources\lib\bcpkix-jdk15on-1.64.jar;C:\Users\DELL\.katalon\packages\KSE-10.0.1\configuration\resources\lib\bcprov-jdk15on-1.64.jar;C:\Users\DELL\.katalon\packages\KSE-10.0.1\configuration\resources\lib\browsermob-core-2.1.5.jar;C:\Users\DELL\.katalon\packages\KSE-10.0.1\configuration\resources\lib\byte-buddy-1.14.3.jar;C:\Users\DELL\.katalon\packages\KSE-10.0.1\configuration\resources\lib\byte-buddy-agent-1.14.3.jar;C:\Users\DELL\.katalon\packages\KSE-10.0.1\configuration\resources\lib\cglib-3.2.10.jar;C:\Users\DELL\.katalon\packages\KSE-10.0.1\configuration\resources\lib\commons-codec-1.10.jar;C:\Users\DELL\.katalon\packages\KSE-10.0.1\configuration\resources\lib\commons-collections4-4.1.jar;C:\Users\DELL\.katalon\packages\KSE-10.0.1\configuration\resources\lib\commons-validator-1.6.jar;C:\Users\DELL\.katalon\packages\KSE-10.0.1\configuration\resources\lib\curvesapi-1.04.jar;C:\Users\DELL\.katalon\packages\KSE-10.0.1\configuration\resources\lib\dnsjava-3.6.2.jar;C:\Users\DELL\.katalon\packages\KSE-10.0.1\configuration\resources\lib\groovy-3.0.17-fat.jar;C:\Users\DELL\.katalon\packages\KSE-10.0.1\configuration\resources\lib\jackson-coreutils-2.0.jar;C:\Users\DELL\.katalon\packages\KSE-10.0.1\configuration\resources\lib\jackson-coreutils-equivalence-1.0.jar;C:\Users\DELL\.katalon\packages\KSE-10.0.1\configuration\resources\lib\java-client-9.2.3.jar;C:\Users\DELL\.katalon\packages\KSE-10.0.1\configuration\resources\lib\javax.servlet-api_3.1.0.jar;C:\Users\DELL\.katalon\packages\KSE-10.0.1\configuration\resources\lib\jna-5.12.1.jar;C:\Users\DELL\.katalon\packages\KSE-10.0.1\configuration\resources\lib\jna-platform-5.12.1.jar;C:\Users\DELL\.katalon\packages\KSE-10.0.1\configuration\resources\lib\json-schema-core-1.2.14.jar;C:\Users\DELL\.katalon\packages\KSE-10.0.1\configuration\resources\lib\json-schema-validator-2.2.14.jar;C:\Users\DELL\.katalon\packages\KSE-10.0.1\configuration\resources\lib\jzlib-1.1.3.jar;C:\Users\DELL\.katalon\packages\KSE-10.0.1\configuration\resources\lib\kat-server.jar;C:\Users\DELL\.katalon\packages\KSE-10.0.1\configuration\resources\lib\littleproxy-1.1.0-beta-bmp-17.jar;C:\Users\DELL\.katalon\packages\KSE-10.0.1\configuration\resources\lib\log4j-1.2-api-2.17.1.jar;C:\Users\DELL\.katalon\packages\KSE-10.0.1\configuration\resources\lib\log4j-api-2.17.1.jar;C:\Users\DELL\.katalon\packages\KSE-10.0.1\configuration\resources\lib\log4j-core-2.17.1.jar;C:\Users\DELL\.katalon\packages\KSE-10.0.1\configuration\resources\lib\mitm-2.1.5.jar;C:\Users\DELL\.katalon\packages\KSE-10.0.1\configuration\resources\lib\mockito-core-5.2.0.jar;C:\Users\DELL\.katalon\packages\KSE-10.0.1\configuration\resources\lib\mockito-inline-5.2.0.jar;C:\Users\DELL\.katalon\packages\KSE-10.0.1\configuration\resources\lib\netty-all-4.1.109.Final.jar;C:\Users\DELL\.katalon\packages\KSE-10.0.1\configuration\resources\lib\objenesis-3.3.jar;C:\Users\DELL\.katalon\packages\KSE-10.0.1\configuration\resources\lib\poi-3.17.jar;C:\Users\DELL\.katalon\packages\KSE-10.0.1\configuration\resources\lib\poi-ooxml-3.17.jar;C:\Users\DELL\.katalon\packages\KSE-10.0.1\configuration\resources\lib\poi-ooxml-schemas-3.17.jar;C:\Users\DELL\.katalon\packages\KSE-10.0.1\configuration\resources\lib\proxy-vole-1.1.5-jar-with-dependencies.jar;C:\Users\DELL\.katalon\packages\KSE-10.0.1\configuration\resources\lib\repackaged-sikuli-api-1.0.2-standalone.jar;C:\Users\DELL\.katalon\packages\KSE-10.0.1\configuration\resources\lib\selenium-server-4.22.0.jar;C:\Users\DELL\.katalon\packages\KSE-10.0.1\configuration\resources\lib\selenium-shutterbug-1.1.jar;C:\Users\DELL\.katalon\packages\KSE-10.0.1\configuration\resources\lib\slf4j-api-1.7.25.jar;C:\Users\DELL\.katalon\packages\KSE-10.0.1\configuration\resources\lib\soap-builder-1.0.0.jar;C:\Users\DELL\.katalon\packages\KSE-10.0.1\configuration\resources\lib\soap-common-1.0.0.jar;C:\Users\DELL\.katalon\packages\KSE-10.0.1\configuration\resources\lib\soap-legacy-1.0.0.jar;C:\Users\DELL\.katalon\packages\KSE-10.0.1\configuration\resources\lib\spring-context-5.3.19.jar;C:\Users\DELL\.katalon\packages\KSE-10.0.1\configuration\resources\lib\stax2-api-4.0.0.jar;C:\Users\DELL\.katalon\packages\KSE-10.0.1\configuration\resources\lib\su.jar;C:\Users\DELL\.katalon\packages\KSE-10.0.1\configuration\resources\lib\swagger-parser-1.0.67-fat.jar;C:\Users\DELL\.katalon\packages\KSE-10.0.1\configuration\resources\lib\testng-7.8.0.jar;C:\Users\DELL\.katalon\packages\KSE-10.0.1\configuration\resources\lib\uri-template-0.1.jar;C:\Users\DELL\.katalon\packages\KSE-10.0.1\configuration\resources\lib\wadl.jar;C:\Users\DELL\.katalon\packages\KSE-10.0.1\configuration\resources\lib\xmlbeans-3.1.0.jar;C:\Users\DELL\.katalon\packages\KSE-10.0.1\plugins\net.sf.supercsv.super-csv_2.1.0.jar;C:\Users\DELL\.katalon\packages\KSE-10.0.1\plugins\org.apache.commons.commons-io_2.15.1.jar;C:\Users\DELL\.katalon\packages\KSE-10.0.1\plugins\org.apache.commons.lang_2.6.0.jar;C:\Users\DELL\.katalon\packages\KSE-10.0.1\plugins\com.google.gson_2.10.1.v20230109-0753.jar;C:\Users\DELL\.katalon\packages\KSE-10.0.1\plugins\org.jsoup_1.14.3.jar;C:\Users\DELL\.katalon\packages\KSE-10.0.1\plugins\org.apache.commons.dbutils_1.6.0.jar;C:\Users\DELL\.katalon\packages\KSE-10.0.1\plugins\com.oracle.jdbc.ojdbc7_12.1.0.2.jar;C:\Users\DELL\.katalon\packages\KSE-10.0.1\plugins\org.postgresql.jdbc_42.7.3.jar;c:\Users\DELL\.katalon\packages\KSE-10.0.1\plugins\org.eclipse.osgi_3.18.300.v20230220-1352.jar;C:\Users\DELL\.katalon\packages\KSE-10.0.1\plugins\com.kms.katalon.constant_1.0.0.202412050416.jar;C:\Users\DELL\.katalon\packages\KSE-10.0.1\plugins\org.eclipse.persistence.eclipselink_2.7.11.jar;C:\Users\DELL\.katalon\packages\KSE-10.0.1\plugins\com.kms.katalon.selenium-standalone_1.0.0.202412050416.jar;C:\Users\DELL\.katalon\packages\KSE-10.0.1\plugins\atu.testrecorder.screen-recorder_2.1.0.jar;C:\Users\DELL\.katalon\packages\KSE-10.0.1\plugins\com.google.guava_32.0.0.jre.jar;C:\Users\DELL\.katalon\packages\KSE-10.0.1\plugins\com.kms.katalon.util_1.0.0.202412050416.jar;C:\Users\DELL\.katalon\packages\KSE-10.0.1\plugins\org.apache.httpcomponents.httpclient_4.5.14.v20221207-1049.jar;C:\Users\DELL\.katalon\packages\KSE-10.0.1\plugins\org.apache.httpcomponents.httpcore_4.4.16.v20221207-1049.jar;C:\Users\DELL\.katalon\packages\KSE-10.0.1\plugins\org.apache.httpcomponents.httpmime_4.5.13.jar;C:\Users\DELL\.katalon\packages\KSE-10.0.1\plugins\org.apache.commons.lang3_3.14.0.jar;C:\Users\DELL\.katalon\packages\KSE-10.0.1\plugins\org.greenrobot.eventbus_3.1.1.jar;C:\Users\DELL\.katalon\packages\KSE-10.0.1\plugins\net.bytebuddy.byte-buddy_1.14.15.jar;C:\Users\DELL\.katalon\packages\KSE-10.0.1\plugins\org.junit_4.13.2.v20211018-1956.jar;C:\Users\DELL\.katalon\packages\KSE-10.0.1\plugins\com.fasterxml.jackson.core.jackson-databind_2.17.1.jar;C:\Users\DELL\.katalon\packages\KSE-10.0.1\plugins\com.fasterxml.jackson.core.jackson-core_2.17.1.jar;C:\Users\DELL\.katalon\packages\KSE-10.0.1\plugins\com.fasterxml.jackson.core.jackson-annotations_2.17.1.jar;C:\Users\DELL\.katalon\packages\KSE-10.0.1\plugins\ch.qos.logback.classic_1.2.13.jar;C:\Users\DELL\.katalon\packages\KSE-10.0.1\plugins\ch.qos.logback.core_1.2.13.jar;C:\Users\DELL\.katalon\packages\KSE-10.0.1\plugins\slf4j.api_1.7.36.jar;C:\Users\DELL\.katalon\packages\KSE-10.0.1\plugins\org.fusesource.jansi_1.17.1.jar;C:\Users\DELL\.katalon\packages\KSE-10.0.1\plugins\com.kms.katalon.netlightbody_1.0.0.202412050416.jar;C:\Users\DELL\.katalon\packages\KSE-10.0.1\plugins\com.kms.katalon.poi_1.0.0.202412050416.jar;C:\Users\DELL\.katalon\packages\KSE-10.0.1\plugins\org.apache.commons.commons-text_1.10.0.jar;C:\Users\DELL\.katalon\packages\KSE-10.0.1\plugins\com.kms.katalon.proxyvole_1.0.0.202412050416.jar;C:\Users\DELL\.katalon\packages\KSE-10.0.1\plugins\com.microsoft.sqlserver.mssql-jdbc_6.2.2.jre8.jar;C:\Users\DELL\.katalon\packages\KSE-10.0.1\plugins\com.github.kklisura.cdt.java-client_2.1.0.jar;C:\Users\DELL\.katalon\packages\KSE-10.0.1\plugins\javax.websocket-api_1.1.0.jar;C:\Users\DELL\.katalon\packages\KSE-10.0.1\plugins\org.glassfish.tyrus.container-grizzly-client_1.13.1.jar;C:\Users\DELL\.katalon\packages\KSE-10.0.1\plugins\org.glassfish.grizzly.http-server_2.3.25.jar;C:\Users\DELL\.katalon\packages\KSE-10.0.1\plugins\org.glassfish.grizzly.framework_2.3.25.jar;C:\Users\DELL\.katalon\packages\KSE-10.0.1\plugins\org.glassfish.grizzly.http_2.3.25.jar;C:\Users\DELL\.katalon\packages\KSE-10.0.1\plugins\org.glassfish.tyrus.client_1.13.1.jar;C:\Users\DELL\.katalon\packages\KSE-10.0.1\plugins\org.glassfish.tyrus.core_1.13.1.jar;C:\Users\DELL\.katalon\packages\KSE-10.0.1\plugins\org.glassfish.tyrus.spi_1.13.1.jar;C:\Users\DELL\.katalon\packages\KSE-10.0.1\plugins\javassist_3.28.0.GA.jar;C:\Users\DELL\.katalon\packages\KSE-10.0.1\plugins\graphql-java_22.3.0.jar;C:\Users\DELL\.katalon\packages\KSE-10.0.1\plugins\org.glassfish.jaxb.runtime_2.3.6.jar;C:\Users\DELL\.katalon\packages\KSE-10.0.1\plugins\org.glassfish.jaxb.txw2_2.3.6.jar;C:\Users\DELL\.katalon\packages\KSE-10.0.1\plugins\org.dom4j_2.1.4.jar;C:\Users\DELL\.katalon\packages\KSE-10.0.1\plugins\com.kms.katalon.groovy-extended_1.0.0.202412050416.jar;C:\Users\DELL\.katalon\packages\KSE-10.0.1\plugins\com.sun.activation.javax.activation_1.2.0.jar;C:\Users\DELL\.katalon\packages\KSE-10.0.1\plugins\jakarta.xml.bind-api_2.3.3.jar;C:\Users\DELL\.katalon\packages\KSE-10.0.1\plugins\com.sun.xml.bind.jaxb-impl_2.3.6.jar;C:\Users\DELL\.katalon\packages\KSE-10.0.1\plugins\org.eclipse.jface_3.29.0.v20230214-1401.jar;C:\Users\DELL\.katalon\packages\KSE-10.0.1\plugins\com.kms.katalon.logging_1.0.0.202412050416.jar;C:\Users\DELL\.katalon\packages\KSE-10.0.1\plugins\json_20240303.0.0.jar;C:\Users\DELL\.katalon\packages\KSE-10.0.1\plugins\assertj-core_3.25.3.jar;C:\Users\DELL\.katalon\packages\KSE-10.0.1\plugins\com.networknt.json-schema-validator_1.0.66.jar;C:\Users\DELL\.katalon\packages\KSE-10.0.1\plugins\com.kms.katalon.network.apache_1.0.0.202412050416.jar;C:\Users\DELL\.katalon\packages\KSE-10.0.1\plugins\java-dataloader_3.3.0.jar;C:\Users\DELL\.katalon\packages\KSE-10.0.1\plugins\org.apache.commons.logging_1.2.0.v20180409-1502.jar;C:\Users\DELL\.katalon\packages\KSE-10.0.1\plugins\org.hamcrest.core_1.3.0.v20180420-1519.jar;C:\Users\DELL\.katalon\packages\KSE-10.0.1\plugins\org.beanshell.bsh_2.0.0.0b4.jar;C:\Users\DELL\.katalon\packages\KSE-10.0.1\plugins\org.apache.ant.launcher_1.9.6.jar;C:\Users\DELL\.katalon\packages\KSE-10.0.1\plugins\com.kms.katalon.core.appium_1.0.0.202412050416.jar;C:\Users\DELL\.katalon\packages\KSE-10.0.1\plugins\com.kms.katalon.api_1.0.0.202412050416.jar;C:\Users\DELL\.katalon\packages\KSE-10.0.1\plugins\org.eclipse.equinox.common_3.17.100.v20230202-1341.jar;C:\Users\DELL\.katalon\packages\KSE-10.0.1\plugins\com.kms.katalon.platform.core_1.0.0.202412050416.jar;C:\Users\DELL\.katalon\packages\KSE-10.0.1\plugins\com.kms.katalon.common_1.0.0.202412050416.jar;C:\Users\DELL\.katalon\packages\KSE-10.0.1\plugins\com.kms.katalon.session.core_1.0.0.202412050416.jar;C:\Users\DELL\.katalon\packages\KSE-10.0.1\plugins\org.eclipse.e4.core.contexts_1.11.0.v20220716-0839.jar;C:\Users\DELL\.katalon\packages\KSE-10.0.1\plugins\javax.inject_1.0.0.v20220405-0441.jar;C:\Users\DELL\.katalon\packages\KSE-10.0.1\plugins\org.eclipse.e4.core.di_1.8.300.v20220817-1539.jar;C:\Users\DELL\.katalon\packages\KSE-10.0.1\plugins\com.kms.katalon.network.core_1.0.0.202412050416.jar;C:\Users\DELL\.katalon\packages\KSE-10.0.1\plugins\com.kms.katalon.execution.core_1.0.0.202412050416.jar;C:\Users\DELL\.katalon\packages\KSE-10.0.1\plugins\org.eclipse.equinox.registry_3.11.200.v20220817-1601.jar;C:\Users\DELL\.katalon\packages\KSE-10.0.1\plugins\dev.failsafe_3.3.2.jar;C:\Users\DELL\.katalon\packages\KSE-10.0.1\plugins\com.fasterxml.jackson.datatype.jackson-datatype-jsr310_2.17.1.jar;C:\Users\DELL\.katalon\packages\KSE-10.0.1\plugins\org.eclipse.e4.core.di.annotations_1.7.200.v20220613-1008.jar;C:\Users\DELL\.katalon\packages\KSE-10.0.1\plugins\com.kms.katalon.core.webui_1.0.0.202412050416.jar;C:\Users\DELL\.katalon\packages\KSE-10.0.1\plugins\org.eclipse.e4.core.services_2.3.400.v20220915-1347.jar;C:\Users\DELL\.katalon\packages\KSE-10.0.1\plugins\com.kms.katalon.core.mobile_1.0.0.202412050416.jar;C:\Users\DELL\.katalon\packages\KSE-10.0.1\plugins\org.apache.commons.commons-validator_1.7.0.jar;C:\Users\DELL\.katalon\packages\KSE-10.0.1\plugins\com.kms.katalon.core.cucumber_1.0.0.202412050416.jar;C:\Users\DELL\.katalon\packages\KSE-10.0.1\plugins\io.cucumber.core_3.0.3.jar;C:\Users\DELL\.katalon\packages\KSE-10.0.1\plugins\io.cucumber.datatable_1.1.15.jar;C:\Users\DELL\.katalon\packages\KSE-10.0.1\plugins\io.cucumber.datatable-dependencies_1.1.15.jar;C:\Users\DELL\.katalon\packages\KSE-10.0.1\plugins\io.cucumber.expressions_5.0.19.jar;C:\Users\DELL\.katalon\packages\KSE-10.0.1\plugins\io.cucumber.gherkin_5.0.0.jar;C:\Users\DELL\.katalon\packages\KSE-10.0.1\plugins\io.cucumber.html_0.2.7.jar;C:\Users\DELL\.katalon\packages\KSE-10.0.1\plugins\io.cucumber.java_3.0.3.jar;C:\Users\DELL\.katalon\packages\KSE-10.0.1\plugins\io.cucumber.tag-expressions_1.1.1.jar;C:\Users\DELL\.katalon\packages\KSE-10.0.1\plugins\io.cucumber.junit_3.0.3.jar;C:\Users\DELL\.katalon\packages\KSE-10.0.1\plugins\com.kms.katalon.core.webservice_1.0.0.202412050416.jar;C:\Users\DELL\.katalon\packages\KSE-10.0.1\plugins\wsdl4j_1.6.2.jar;C:\Users\DELL\.katalon\packages\KSE-10.0.1\plugins\com.google.oauth-client.google-oauth-client_1.22.0.jar;C:\Users\DELL\.katalon\packages\KSE-10.0.1\plugins\com.google.http-client.google-http-client_1.22.0.jar;C:\Users\DELL\.katalon\packages\KSE-10.0.1\plugins\com.kms.katalon.preferences_1.0.0.202412050416.jar;C:\Users\DELL\.katalon\packages\KSE-10.0.1\plugins\org.apache.xmlbeans_3.1.0.jar;C:\Users\DELL\.katalon\packages\KSE-10.0.1\plugins\com.kms.katalon.entity_1.0.0.202412050416.jar;C:\Users\DELL\.katalon\packages\KSE-10.0.1\plugins\jakarta.xml.ws-api_2.3.3.jar;C:\Users\DELL\.katalon\packages\KSE-10.0.1\plugins\javax.xml.soap-api_1.4.0.jar;C:\Users\DELL\.katalon\packages\KSE-10.0.1\plugins\com.atlassian.oai.swagger-request-validator-core_2.38.0.jar;C:\Users\DELL\.katalon\packages\KSE-10.0.1\plugins\io.swagger.compat-spec-parser_1.0.67.jar;C:\Users\DELL\.katalon\packages\KSE-10.0.1\plugins\io.swagger.core.v3.swagger-annotations_2.2.14.jar;C:\Users\DELL\.katalon\packages\KSE-10.0.1\plugins\io.swagger.core.v3.swagger-core_2.2.14.jar;C:\Users\DELL\.katalon\packages\KSE-10.0.1\plugins\io.swagger.core.v3.swagger-models_2.2.14.jar;C:\Users\DELL\.katalon\packages\KSE-10.0.1\plugins\io.swagger.parser.v3.swagger-parser-core_2.1.16.jar;C:\Users\DELL\.katalon\packages\KSE-10.0.1\plugins\io.swagger.parser.v3.swagger-parser-v2-converter_2.1.16.jar;C:\Users\DELL\.katalon\packages\KSE-10.0.1\plugins\com.github.java-json-tools.btf_1.3.0.jar;C:\Users\DELL\.katalon\packages\KSE-10.0.1\plugins\com.fasterxml.jackson.dataformat.jackson-dataformat-yaml_2.17.1.jar;C:\Users\DELL\.katalon\packages\KSE-10.0.1\plugins\org.yaml.snakeyaml_2.2.0.jar;C:\Users\DELL\.katalon\packages\KSE-10.0.1\plugins\com.github.java-json-tools.msg-simple_1.2.0.jar;C:\Users\DELL\.katalon\packages\KSE-10.0.1\plugins\jackson-core-asl_1.9.13.jar;C:\Users\DELL\.katalon\packages\KSE-10.0.1\plugins\joda-time_2.10.5.jar;C:\Users\DELL\.katalon\packages\KSE-10.0.1\plugins\javax.mail-api_1.6.2.jar;C:\Users\DELL\.katalon\packages\KSE-10.0.1\plugins\com.googlecode.libphonenumber_8.11.1.jar;C:\Users\DELL\.katalon\packages\KSE-10.0.1\plugins\com.google.guava.failureaccess_1.0.1.jar;C:\Users\DELL\.katalon\packages\KSE-10.0.1\plugins\io.swagger.parser.v3.swagger-parser_2.1.16.jar;C:\Users\DELL\.katalon\packages\KSE-10.0.1\plugins\io.swagger.parser.v3.swagger-parser-v3_2.1.16.jar;C:\Users\DELL\.katalon\packages\KSE-10.0.1\plugins\io.swagger.parser_1.0.67.jar;C:\Users\DELL\.katalon\packages\KSE-10.0.1\plugins\com.narupley.not-going-to-be-commons-ssl_0.3.20.jar;C:\Users\DELL\.katalon\packages\KSE-10.0.1\plugins\com.kms.katalon.core.windows_1.0.0.202412050416.jar;C:\Users\DELL\.katalon\packages\KSE-10.0.1\plugins\com.sun.jna_5.13.0.jar;C:\Users\DELL\.katalon\packages\KSE-10.0.1\plugins\com.sun.jna.platform_5.13.0.jar;C:\Users\DELL\.katalon\packages\KSE-10.0.1\plugins\com.kms.katalon.core.testng_1.0.0.202412050416.jar;C:\Users\DELL\.katalon\packages\KSE-10.0.1\configuration\org.eclipse.osgi\34\0\.cp\resources\basic-report\katalon-studio-report-plugin.jar;C:\Users\DELL\.katalon\packages\KSE-10.0.1\plugins\org.codehaus.groovy_3.0.17.v202303311542-e2303\lib\groovy-3.0.17-indy.jar;C:\Users\DELL\.katalon\packages\KSE-10.0.1\plugins\org.codehaus.groovy_3.0.17.v202303311542-e2303\lib\ivy-2.5.1.jar --main groovy.ui.GroovyMain --encoding UTF-8 --indy C:\Users\DELL\Katalon Studio\katalon\Libs\TempTestSuite1735619402210.groovy

Host: 12th Gen Intel(R) Core(TM) i5-1235U, 12 cores, 7G,  Windows 11 , 64 bit Build 22621 (10.0.22621.3958)
Time: Tue Dec 31 11:30:31 2024 SE Asia Standard Time elapsed time: 20.222857 seconds (0d 0h 0m 20s)

---------------  T H R E A D  ---------------

Current thread (0x0000013a53c69c60):  JavaThread "C2 CompilerThread1" daemon [_thread_in_native, id=20064, stack(0x0000002118600000,0x0000002118700000)]


Current CompileTask:
C2:  20222 6119       4       groovy.lang.MetaClassImpl$1MOPIter::methodNameAction (325 bytes)

Stack: [0x0000002118600000,0x0000002118700000]
Native frames: (J=compiled Java code, j=interpreted, Vv=VM code, C=native code)
V  [jvm.dll+0x67754a]
V  [jvm.dll+0x834304]
V  [jvm.dll+0x835aae]
V  [jvm.dll+0x836113]
V  [jvm.dll+0x24696f]
V  [jvm.dll+0xac0ac]
V  [jvm.dll+0xac67c]
V  [jvm.dll+0x364de2]
V  [jvm.dll+0x1bcc02]
V  [jvm.dll+0x219799]
V  [jvm.dll+0x218a61]
V  [jvm.dll+0x1a4d8d]
V  [jvm.dll+0x2284da]
V  [jvm.dll+0x226615]
V  [jvm.dll+0x7ea90b]
V  [jvm.dll+0x7e4e7a]
V  [jvm.dll+0x676395]
C  [ucrtbase.dll+0x29333]
C  [KERNEL32.DLL+0x1257d]
C  [ntdll.dll+0x5af28]


---------------  P R O C E S S  ---------------

Threads class SMR info:
_java_thread_list=0x0000013a547b5840, length=26, elements={
0x0000013a32cce940, 0x0000013a4d167050, 0x0000013a4d167ec0, 0x0000013a4ce0d740,
0x0000013a4ce0e200, 0x0000013a4d1ae020, 0x0000013a4d1ae9d0, 0x0000013a4d1b1770,
0x0000013a4d1b2210, 0x0000013a4d1b8110, 0x0000013a4d32b4e0, 0x0000013a4d93d680,
0x0000013a4d93fd00, 0x0000013a4d93cce0, 0x0000013a4d93c810, 0x0000013a4d93c340,
0x0000013a4d93db50, 0x0000013a4d93d1b0, 0x0000013a4d93e020, 0x0000013a4d93e9c0,
0x0000013a54813540, 0x0000013a54819580, 0x0000013a54813a10, 0x0000013a54813ee0,
0x0000013a54817d70, 0x0000013a53c69c60
}

Java Threads: ( => current thread )
  0x0000013a32cce940 JavaThread "Forwarding executeAsyncScript on session a7638132-6769-4335-8671-71b7acc21cf3 to remote" [_thread_blocked, id=8892, stack(0x0000002117500000,0x0000002117600000)]
  0x0000013a4d167050 JavaThread "Reference Handler" daemon [_thread_blocked, id=13348, stack(0x0000002117c00000,0x0000002117d00000)]
  0x0000013a4d167ec0 JavaThread "Finalizer" daemon [_thread_blocked, id=8300, stack(0x0000002117d00000,0x0000002117e00000)]
  0x0000013a4ce0d740 JavaThread "Signal Dispatcher" daemon [_thread_blocked, id=13500, stack(0x0000002117e00000,0x0000002117f00000)]
  0x0000013a4ce0e200 JavaThread "Attach Listener" daemon [_thread_blocked, id=16156, stack(0x0000002117f00000,0x0000002118000000)]
  0x0000013a4d1ae020 JavaThread "Service Thread" daemon [_thread_blocked, id=19316, stack(0x0000002118000000,0x0000002118100000)]
  0x0000013a4d1ae9d0 JavaThread "Monitor Deflation Thread" daemon [_thread_blocked, id=23372, stack(0x0000002118100000,0x0000002118200000)]
  0x0000013a4d1b1770 JavaThread "C2 CompilerThread0" daemon [_thread_blocked, id=9420, stack(0x0000002118200000,0x0000002118300000)]
  0x0000013a4d1b2210 JavaThread "C1 CompilerThread0" daemon [_thread_blocked, id=23252, stack(0x0000002118300000,0x0000002118400000)]
  0x0000013a4d1b8110 JavaThread "Sweeper thread" daemon [_thread_blocked, id=22112, stack(0x0000002118400000,0x0000002118500000)]
  0x0000013a4d32b4e0 JavaThread "Common-Cleaner" daemon [_thread_blocked, id=18280, stack(0x0000002118500000,0x0000002118600000)]
  0x0000013a4d93d680 JavaThread "Notification Thread" daemon [_thread_blocked, id=12000, stack(0x0000002118700000,0x0000002118800000)]
  0x0000013a4d93fd00 JavaThread "ForkJoinPool.commonPool-worker-1" daemon [_thread_blocked, id=22812, stack(0x0000002119400000,0x0000002119500000)]
  0x0000013a4d93cce0 JavaThread "HttpClient-1-SelectorManager" daemon [_thread_in_native, id=21956, stack(0x0000002119500000,0x0000002119600000)]
  0x0000013a4d93c810 JavaThread "External Process Output Forwarder - C:\Users\DELL\.katalon\packages\KSE-10.0.1\configuration\resources\drivers\firefox_win64\geckodriver.exe" daemon [_thread_in_native, id=10836, stack(0x0000002119600000,0x0000002119700000)]
  0x0000013a4d93c340 JavaThread "Driver Service Executor" daemon [_thread_blocked, id=22180, stack(0x0000002119700000,0x0000002119800000)]
  0x0000013a4d93db50 JavaThread "Driver Service Executor" daemon [_thread_in_native, id=18192, stack(0x0000002119800000,0x0000002119900000)]
  0x0000013a4d93d1b0 JavaThread "JdkHttpClient-0-0" daemon [_thread_blocked, id=7232, stack(0x0000002119a00000,0x0000002119b00000)]
  0x0000013a4d93e020 JavaThread "JdkHttpClient-0-1" daemon [_thread_blocked, id=16152, stack(0x0000002119b00000,0x0000002119c00000)]
  0x0000013a4d93e9c0 JavaThread "JdkHttpClient-0-2" daemon [_thread_blocked, id=22720, stack(0x0000002119c00000,0x0000002119d00000)]
  0x0000013a54813540 JavaThread "HttpClient-3-SelectorManager" daemon [_thread_in_native, id=17360, stack(0x0000002119d00000,0x0000002119e00000)]
  0x0000013a54819580 JavaThread "JdkHttpClient-2-0" daemon [_thread_blocked, id=22224, stack(0x0000002119e00000,0x0000002119f00000)]
  0x0000013a54813a10 JavaThread "JdkHttpClient-2-1" daemon [_thread_blocked, id=23480, stack(0x0000002119f00000,0x000000211a000000)]
  0x0000013a54813ee0 JavaThread "JdkHttpClient-2-2" daemon [_thread_blocked, id=8316, stack(0x000000211a000000,0x000000211a100000)]
  0x0000013a54817d70 JavaThread "BiDi Connection" daemon [_thread_blocked, id=19516, stack(0x000000211a200000,0x000000211a300000)]
=>0x0000013a53c69c60 JavaThread "C2 CompilerThread1" daemon [_thread_in_native, id=20064, stack(0x0000002118600000,0x0000002118700000)]

Other Threads:
  0x0000013a4ce08ee0 VMThread "VM Thread" [stack: 0x0000002117b00000,0x0000002117c00000] [id=5464]
  0x0000013a32d4c340 WatcherThread [stack: 0x0000002118800000,0x0000002118900000] [id=2068]
  0x0000013a32d2ebf0 GCTaskThread "GC Thread#0" [stack: 0x0000002117600000,0x0000002117700000] [id=15476]
  0x0000013a52bbac20 GCTaskThread "GC Thread#1" [stack: 0x0000002118900000,0x0000002118a00000] [id=9656]
  0x0000013a52321530 GCTaskThread "GC Thread#2" [stack: 0x0000002118a00000,0x0000002118b00000] [id=10668]
  0x0000013a53b75500 GCTaskThread "GC Thread#3" [stack: 0x0000002118b00000,0x0000002118c00000] [id=9884]
  0x0000013a53b757b0 GCTaskThread "GC Thread#4" [stack: 0x0000002118c00000,0x0000002118d00000] [id=22896]
  0x0000013a535c3070 GCTaskThread "GC Thread#5" [stack: 0x0000002118d00000,0x0000002118e00000] [id=19100]
  0x0000013a535c3320 GCTaskThread "GC Thread#6" [stack: 0x0000002118e00000,0x0000002118f00000] [id=12620]
  0x0000013a53317030 GCTaskThread "GC Thread#7" [stack: 0x0000002118f00000,0x0000002119000000] [id=1808]
  0x0000013a533172e0 GCTaskThread "GC Thread#8" [stack: 0x0000002119000000,0x0000002119100000] [id=11536]
  0x0000013a5374a440 GCTaskThread "GC Thread#9" [stack: 0x0000002119100000,0x0000002119200000] [id=15856]
  0x0000013a32d3fb30 ConcurrentGCThread "G1 Main Marker" [stack: 0x0000002117700000,0x0000002117800000] [id=20376]
  0x0000013a32d40ce0 ConcurrentGCThread "G1 Conc#0" [stack: 0x0000002117800000,0x0000002117900000] [id=10736]
  0x0000013a5374b710 ConcurrentGCThread "G1 Conc#1" [stack: 0x0000002119200000,0x0000002119300000] [id=14068]
  0x0000013a5374a6f0 ConcurrentGCThread "G1 Conc#2" [stack: 0x0000002119300000,0x0000002119400000] [id=12952]
  0x0000013a4cc83aa0 ConcurrentGCThread "G1 Refine#0" [stack: 0x0000002117900000,0x0000002117a00000] [id=16696]
  0x0000013a4cc844c0 ConcurrentGCThread "G1 Service" [stack: 0x0000002117a00000,0x0000002117b00000] [id=11052]

Threads with active compile tasks:
C2 CompilerThread1    20235 6119       4       groovy.lang.MetaClassImpl$1MOPIter::methodNameAction (325 bytes)

VM state: not at safepoint (normal execution)

VM Mutex/Monitor currently owned by a thread: None

Heap address: 0x0000000080000000, size: 2048 MB, Compressed Oops mode: 32-bit

CDS archive(s) not mapped
Compressed class space mapped at: 0x0000000100000000-0x0000000140000000, reserved size: 1073741824
Narrow klass base: 0x0000000000000000, Narrow klass shift: 3, Narrow klass range: 0x140000000

GC Precious Log:
 CPUs: 12 total, 12 available
 Memory: 7876M
 Large Page Support: Disabled
 NUMA Support: Disabled
 Compressed Oops: Enabled (32-bit)
 Heap Region Size: 1M
 Heap Min Capacity: 8M
 Heap Initial Capacity: 124M
 Heap Max Capacity: 2G
 Pre-touch: Disabled
 Parallel Workers: 10
 Concurrent Workers: 3
 Concurrent Refinement Workers: 10
 Periodic GC: Disabled

Heap:
 garbage-first heap   total 130048K, used 86247K [0x0000000080000000, 0x0000000100000000)
  region size 1024K, 54 young (55296K), 8 survivors (8192K)
 Metaspace       used 48632K, committed 49216K, reserved 1114112K
  class space    used 5599K, committed 5824K, reserved 1048576K

Heap Regions: E=young(eden), S=young(survivor), O=old, HS=humongous(starts), HC=humongous(continues), CS=collection set, F=free, OA=open archive, CA=closed archive, TAMS=top-at-mark-start (previous, next)
|   0|0x0000000080000000, 0x0000000080100000, 0x0000000080100000|100%|HS|  |TAMS 0x0000000080100000, 0x0000000080000000| Complete 
|   1|0x0000000080100000, 0x0000000080200000, 0x0000000080200000|100%|HS|  |TAMS 0x0000000080200000, 0x0000000080100000| Complete 
|   2|0x0000000080200000, 0x0000000080300000, 0x0000000080300000|100%|HC|  |TAMS 0x0000000080300000, 0x0000000080200000| Complete 
|   3|0x0000000080300000, 0x0000000080400000, 0x0000000080400000|100%|HC|  |TAMS 0x0000000080400000, 0x0000000080300000| Complete 
|   4|0x0000000080400000, 0x0000000080500000, 0x0000000080500000|100%|HS|  |TAMS 0x0000000080500000, 0x0000000080400000| Complete 
|   5|0x0000000080500000, 0x0000000080600000, 0x0000000080600000|100%| O|  |TAMS 0x0000000080600000, 0x0000000080500000| Untracked 
|   6|0x0000000080600000, 0x0000000080700000, 0x0000000080700000|100%| O|  |TAMS 0x0000000080700000, 0x0000000080600000| Untracked 
|   7|0x0000000080700000, 0x0000000080800000, 0x0000000080800000|100%| O|  |TAMS 0x0000000080800000, 0x0000000080700000| Untracked 
|   8|0x0000000080800000, 0x0000000080900000, 0x0000000080900000|100%| O|  |TAMS 0x0000000080900000, 0x0000000080800000| Untracked 
|   9|0x0000000080900000, 0x0000000080a00000, 0x0000000080a00000|100%| O|  |TAMS 0x0000000080a00000, 0x0000000080900000| Untracked 
|  10|0x0000000080a00000, 0x0000000080b00000, 0x0000000080b00000|100%| O|  |TAMS 0x0000000080b00000, 0x0000000080a00000| Untracked 
|  11|0x0000000080b00000, 0x0000000080c00000, 0x0000000080c00000|100%| O|  |TAMS 0x0000000080c00000, 0x0000000080b00000| Untracked 
|  12|0x0000000080c00000, 0x0000000080d00000, 0x0000000080d00000|100%| O|  |TAMS 0x0000000080d00000, 0x0000000080c00000| Untracked 
|  13|0x0000000080d00000, 0x0000000080e00000, 0x0000000080e00000|100%| O|  |TAMS 0x0000000080e00000, 0x0000000080d00000| Untracked 
|  14|0x0000000080e00000, 0x0000000080f00000, 0x0000000080f00000|100%| O|  |TAMS 0x0000000080f00000, 0x0000000080e00000| Untracked 
|  15|0x0000000080f00000, 0x0000000081000000, 0x0000000081000000|100%| O|  |TAMS 0x0000000081000000, 0x0000000080f00000| Untracked 
|  16|0x0000000081000000, 0x0000000081100000, 0x0000000081100000|100%| O|  |TAMS 0x0000000081100000, 0x0000000081000000| Untracked 
|  17|0x0000000081100000, 0x0000000081200000, 0x0000000081200000|100%| O|  |TAMS 0x0000000081200000, 0x0000000081100000| Untracked 
|  18|0x0000000081200000, 0x0000000081300000, 0x0000000081300000|100%| O|  |TAMS 0x0000000081300000, 0x0000000081200000| Untracked 
|  19|0x0000000081300000, 0x0000000081400000, 0x0000000081400000|100%| O|  |TAMS 0x0000000081400000, 0x0000000081300000| Untracked 
|  20|0x0000000081400000, 0x0000000081500000, 0x0000000081500000|100%| O|  |TAMS 0x0000000081500000, 0x0000000081400000| Untracked 
|  21|0x0000000081500000, 0x0000000081600000, 0x0000000081600000|100%| O|  |TAMS 0x0000000081600000, 0x0000000081500000| Untracked 
|  22|0x0000000081600000, 0x0000000081700000, 0x0000000081700000|100%| O|  |TAMS 0x0000000081700000, 0x0000000081600000| Untracked 
|  23|0x0000000081700000, 0x000000008175a600, 0x0000000081800000| 35%| O|  |TAMS 0x000000008175a600, 0x0000000081700000| Untracked 
|  24|0x0000000081800000, 0x0000000081900000, 0x0000000081900000|100%| O|  |TAMS 0x0000000081800000, 0x0000000081800000| Untracked 
|  25|0x0000000081900000, 0x0000000081a00000, 0x0000000081a00000|100%| O|  |TAMS 0x0000000081900000, 0x0000000081900000| Untracked 
|  26|0x0000000081a00000, 0x0000000081a1ba00, 0x0000000081b00000| 10%| O|  |TAMS 0x0000000081a00000, 0x0000000081a00000| Untracked 
|  27|0x0000000081b00000, 0x0000000081c00000, 0x0000000081c00000|100%| O|  |TAMS 0x0000000081c00000, 0x0000000081b00000| Untracked 
|  28|0x0000000081c00000, 0x0000000081d00000, 0x0000000081d00000|100%| O|  |TAMS 0x0000000081d00000, 0x0000000081c00000| Untracked 
|  29|0x0000000081d00000, 0x0000000081e00000, 0x0000000081e00000|100%| O|  |TAMS 0x0000000081e00000, 0x0000000081d00000| Untracked 
|  30|0x0000000081e00000, 0x0000000081f00000, 0x0000000081f00000|100%| O|  |TAMS 0x0000000081f00000, 0x0000000081e00000| Untracked 
|  31|0x0000000081f00000, 0x0000000082000000, 0x0000000082000000|100%| O|  |TAMS 0x0000000082000000, 0x0000000081f00000| Untracked 
|  32|0x0000000082000000, 0x0000000082100000, 0x0000000082100000|100%| O|  |TAMS 0x00000000820eae00, 0x0000000082000000| Untracked 
|  33|0x0000000082100000, 0x0000000082100000, 0x0000000082200000|  0%| F|  |TAMS 0x0000000082100000, 0x0000000082100000| Untracked 
|  34|0x0000000082200000, 0x0000000082200000, 0x0000000082300000|  0%| F|  |TAMS 0x0000000082200000, 0x0000000082200000| Untracked 
|  35|0x0000000082300000, 0x0000000082300000, 0x0000000082400000|  0%| F|  |TAMS 0x0000000082300000, 0x0000000082300000| Untracked 
|  36|0x0000000082400000, 0x0000000082400000, 0x0000000082500000|  0%| F|  |TAMS 0x0000000082400000, 0x0000000082400000| Untracked 
|  37|0x0000000082500000, 0x0000000082500000, 0x0000000082600000|  0%| F|  |TAMS 0x0000000082500000, 0x0000000082500000| Untracked 
|  38|0x0000000082600000, 0x0000000082600000, 0x0000000082700000|  0%| F|  |TAMS 0x0000000082600000, 0x0000000082600000| Untracked 
|  39|0x0000000082700000, 0x0000000082700000, 0x0000000082800000|  0%| F|  |TAMS 0x0000000082700000, 0x0000000082700000| Untracked 
|  40|0x0000000082800000, 0x0000000082800000, 0x0000000082900000|  0%| F|  |TAMS 0x0000000082800000, 0x0000000082800000| Untracked 
|  41|0x0000000082900000, 0x0000000082900000, 0x0000000082a00000|  0%| F|  |TAMS 0x0000000082900000, 0x0000000082900000| Untracked 
|  42|0x0000000082a00000, 0x0000000082a00000, 0x0000000082b00000|  0%| F|  |TAMS 0x0000000082a00000, 0x0000000082a00000| Untracked 
|  43|0x0000000082b00000, 0x0000000082b00000, 0x0000000082c00000|  0%| F|  |TAMS 0x0000000082b00000, 0x0000000082b00000| Untracked 
|  44|0x0000000082c00000, 0x0000000082c00000, 0x0000000082d00000|  0%| F|  |TAMS 0x0000000082c00000, 0x0000000082c00000| Untracked 
|  45|0x0000000082d00000, 0x0000000082d00000, 0x0000000082e00000|  0%| F|  |TAMS 0x0000000082d00000, 0x0000000082d00000| Untracked 
|  46|0x0000000082e00000, 0x0000000082e00000, 0x0000000082f00000|  0%| F|  |TAMS 0x0000000082e00000, 0x0000000082e00000| Untracked 
|  47|0x0000000082f00000, 0x0000000082f00000, 0x0000000083000000|  0%| F|  |TAMS 0x0000000082f00000, 0x0000000082f00000| Untracked 
|  48|0x0000000083000000, 0x0000000083000000, 0x0000000083100000|  0%| F|  |TAMS 0x0000000083000000, 0x0000000083000000| Untracked 
|  49|0x0000000083100000, 0x0000000083100000, 0x0000000083200000|  0%| F|  |TAMS 0x0000000083100000, 0x0000000083100000| Untracked 
|  50|0x0000000083200000, 0x0000000083200000, 0x0000000083300000|  0%| F|  |TAMS 0x0000000083200000, 0x0000000083200000| Untracked 
|  51|0x0000000083300000, 0x0000000083300000, 0x0000000083400000|  0%| F|  |TAMS 0x0000000083300000, 0x0000000083300000| Untracked 
|  52|0x0000000083400000, 0x00000000834c3f78, 0x0000000083500000| 76%| S|CS|TAMS 0x0000000083400000, 0x0000000083400000| Complete 
|  53|0x0000000083500000, 0x0000000083600000, 0x0000000083600000|100%| S|CS|TAMS 0x0000000083500000, 0x0000000083500000| Complete 
|  54|0x0000000083600000, 0x0000000083700000, 0x0000000083700000|100%| S|CS|TAMS 0x0000000083600000, 0x0000000083600000| Complete 
|  55|0x0000000083700000, 0x0000000083800000, 0x0000000083800000|100%| S|CS|TAMS 0x0000000083700000, 0x0000000083700000| Complete 
|  56|0x0000000083800000, 0x0000000083900000, 0x0000000083900000|100%| S|CS|TAMS 0x0000000083800000, 0x0000000083800000| Complete 
|  57|0x0000000083900000, 0x0000000083a00000, 0x0000000083a00000|100%| S|CS|TAMS 0x0000000083900000, 0x0000000083900000| Complete 
|  58|0x0000000083a00000, 0x0000000083b00000, 0x0000000083b00000|100%| S|CS|TAMS 0x0000000083a00000, 0x0000000083a00000| Complete 
|  59|0x0000000083b00000, 0x0000000083c00000, 0x0000000083c00000|100%| S|CS|TAMS 0x0000000083b00000, 0x0000000083b00000| Complete 
|  60|0x0000000083c00000, 0x0000000083c00000, 0x0000000083d00000|  0%| F|  |TAMS 0x0000000083c00000, 0x0000000083c00000| Untracked 
|  61|0x0000000083d00000, 0x0000000083d00000, 0x0000000083e00000|  0%| F|  |TAMS 0x0000000083d00000, 0x0000000083d00000| Untracked 
|  62|0x0000000083e00000, 0x0000000083e00000, 0x0000000083f00000|  0%| F|  |TAMS 0x0000000083e00000, 0x0000000083e00000| Untracked 
|  63|0x0000000083f00000, 0x0000000083f00000, 0x0000000084000000|  0%| F|  |TAMS 0x0000000083f00000, 0x0000000083f00000| Untracked 
|  64|0x0000000084000000, 0x0000000084000000, 0x0000000084100000|  0%| F|  |TAMS 0x0000000084000000, 0x0000000084000000| Untracked 
|  65|0x0000000084100000, 0x0000000084100000, 0x0000000084200000|  0%| F|  |TAMS 0x0000000084100000, 0x0000000084100000| Untracked 
|  66|0x0000000084200000, 0x0000000084200000, 0x0000000084300000|  0%| F|  |TAMS 0x0000000084200000, 0x0000000084200000| Untracked 
|  67|0x0000000084300000, 0x0000000084300000, 0x0000000084400000|  0%| F|  |TAMS 0x0000000084300000, 0x0000000084300000| Untracked 
|  68|0x0000000084400000, 0x0000000084400000, 0x0000000084500000|  0%| F|  |TAMS 0x0000000084400000, 0x0000000084400000| Untracked 
|  69|0x0000000084500000, 0x0000000084500000, 0x0000000084600000|  0%| F|  |TAMS 0x0000000084500000, 0x0000000084500000| Untracked 
|  70|0x0000000084600000, 0x0000000084600000, 0x0000000084700000|  0%| F|  |TAMS 0x0000000084600000, 0x0000000084600000| Untracked 
|  71|0x0000000084700000, 0x0000000084700000, 0x0000000084800000|  0%| F|  |TAMS 0x0000000084700000, 0x0000000084700000| Untracked 
|  72|0x0000000084800000, 0x0000000084800000, 0x0000000084900000|  0%| F|  |TAMS 0x0000000084800000, 0x0000000084800000| Untracked 
|  73|0x0000000084900000, 0x0000000084900000, 0x0000000084a00000|  0%| F|  |TAMS 0x0000000084900000, 0x0000000084900000| Untracked 
|  74|0x0000000084a00000, 0x0000000084a00000, 0x0000000084b00000|  0%| F|  |TAMS 0x0000000084a00000, 0x0000000084a00000| Untracked 
|  75|0x0000000084b00000, 0x0000000084b00000, 0x0000000084c00000|  0%| F|  |TAMS 0x0000000084b00000, 0x0000000084b00000| Untracked 
|  76|0x0000000084c00000, 0x0000000084c00000, 0x0000000084d00000|  0%| F|  |TAMS 0x0000000084c00000, 0x0000000084c00000| Untracked 
|  77|0x0000000084d00000, 0x0000000084d00000, 0x0000000084e00000|  0%| F|  |TAMS 0x0000000084d00000, 0x0000000084d00000| Untracked 
|  78|0x0000000084e00000, 0x0000000084e00000, 0x0000000084f00000|  0%| F|  |TAMS 0x0000000084e00000, 0x0000000084e00000| Untracked 
|  79|0x0000000084f00000, 0x0000000084f00000, 0x0000000085000000|  0%| F|  |TAMS 0x0000000084f00000, 0x0000000084f00000| Untracked 
|  80|0x0000000085000000, 0x0000000085000000, 0x0000000085100000|  0%| F|  |TAMS 0x0000000085000000, 0x0000000085000000| Untracked 
|  81|0x0000000085100000, 0x0000000085200000, 0x0000000085200000|100%| E|  |TAMS 0x0000000085100000, 0x0000000085100000| Complete 
|  82|0x0000000085200000, 0x0000000085300000, 0x0000000085300000|100%| E|CS|TAMS 0x0000000085200000, 0x0000000085200000| Complete 
|  83|0x0000000085300000, 0x0000000085400000, 0x0000000085400000|100%| E|CS|TAMS 0x0000000085300000, 0x0000000085300000| Complete 
|  84|0x0000000085400000, 0x0000000085500000, 0x0000000085500000|100%| E|CS|TAMS 0x0000000085400000, 0x0000000085400000| Complete 
|  85|0x0000000085500000, 0x0000000085600000, 0x0000000085600000|100%| E|CS|TAMS 0x0000000085500000, 0x0000000085500000| Complete 
|  86|0x0000000085600000, 0x0000000085700000, 0x0000000085700000|100%| E|CS|TAMS 0x0000000085600000, 0x0000000085600000| Complete 
|  87|0x0000000085700000, 0x0000000085800000, 0x0000000085800000|100%| E|CS|TAMS 0x0000000085700000, 0x0000000085700000| Complete 
|  88|0x0000000085800000, 0x0000000085900000, 0x0000000085900000|100%| E|CS|TAMS 0x0000000085800000, 0x0000000085800000| Complete 
|  89|0x0000000085900000, 0x0000000085a00000, 0x0000000085a00000|100%| E|CS|TAMS 0x0000000085900000, 0x0000000085900000| Complete 
|  90|0x0000000085a00000, 0x0000000085b00000, 0x0000000085b00000|100%| E|CS|TAMS 0x0000000085a00000, 0x0000000085a00000| Complete 
|  91|0x0000000085b00000, 0x0000000085c00000, 0x0000000085c00000|100%| E|CS|TAMS 0x0000000085b00000, 0x0000000085b00000| Complete 
|  92|0x0000000085c00000, 0x0000000085d00000, 0x0000000085d00000|100%| E|CS|TAMS 0x0000000085c00000, 0x0000000085c00000| Complete 
|  93|0x0000000085d00000, 0x0000000085e00000, 0x0000000085e00000|100%| E|CS|TAMS 0x0000000085d00000, 0x0000000085d00000| Complete 
|  94|0x0000000085e00000, 0x0000000085f00000, 0x0000000085f00000|100%| E|CS|TAMS 0x0000000085e00000, 0x0000000085e00000| Complete 
|  95|0x0000000085f00000, 0x0000000086000000, 0x0000000086000000|100%| E|CS|TAMS 0x0000000085f00000, 0x0000000085f00000| Complete 
|  96|0x0000000086000000, 0x0000000086100000, 0x0000000086100000|100%| E|CS|TAMS 0x0000000086000000, 0x0000000086000000| Complete 
|  97|0x0000000086100000, 0x0000000086200000, 0x0000000086200000|100%| E|CS|TAMS 0x0000000086100000, 0x0000000086100000| Complete 
|  98|0x0000000086200000, 0x0000000086300000, 0x0000000086300000|100%| E|CS|TAMS 0x0000000086200000, 0x0000000086200000| Complete 
|  99|0x0000000086300000, 0x0000000086400000, 0x0000000086400000|100%| E|CS|TAMS 0x0000000086300000, 0x0000000086300000| Complete 
| 100|0x0000000086400000, 0x0000000086500000, 0x0000000086500000|100%| E|CS|TAMS 0x0000000086400000, 0x0000000086400000| Complete 
| 101|0x0000000086500000, 0x0000000086600000, 0x0000000086600000|100%| E|CS|TAMS 0x0000000086500000, 0x0000000086500000| Complete 
| 102|0x0000000086600000, 0x0000000086700000, 0x0000000086700000|100%| E|CS|TAMS 0x0000000086600000, 0x0000000086600000| Complete 
| 103|0x0000000086700000, 0x0000000086800000, 0x0000000086800000|100%| E|CS|TAMS 0x0000000086700000, 0x0000000086700000| Complete 
| 104|0x0000000086800000, 0x0000000086900000, 0x0000000086900000|100%| E|CS|TAMS 0x0000000086800000, 0x0000000086800000| Complete 
| 105|0x0000000086900000, 0x0000000086a00000, 0x0000000086a00000|100%| E|CS|TAMS 0x0000000086900000, 0x0000000086900000| Complete 
| 106|0x0000000086a00000, 0x0000000086b00000, 0x0000000086b00000|100%| E|CS|TAMS 0x0000000086a00000, 0x0000000086a00000| Complete 
| 107|0x0000000086b00000, 0x0000000086c00000, 0x0000000086c00000|100%| E|CS|TAMS 0x0000000086b00000, 0x0000000086b00000| Complete 
| 108|0x0000000086c00000, 0x0000000086d00000, 0x0000000086d00000|100%| E|CS|TAMS 0x0000000086c00000, 0x0000000086c00000| Complete 
| 109|0x0000000086d00000, 0x0000000086e00000, 0x0000000086e00000|100%| E|CS|TAMS 0x0000000086d00000, 0x0000000086d00000| Complete 
| 110|0x0000000086e00000, 0x0000000086f00000, 0x0000000086f00000|100%| E|CS|TAMS 0x0000000086e00000, 0x0000000086e00000| Complete 
| 111|0x0000000086f00000, 0x0000000087000000, 0x0000000087000000|100%| E|CS|TAMS 0x0000000086f00000, 0x0000000086f00000| Complete 
| 112|0x0000000087000000, 0x0000000087100000, 0x0000000087100000|100%| E|CS|TAMS 0x0000000087000000, 0x0000000087000000| Complete 
| 113|0x0000000087100000, 0x0000000087200000, 0x0000000087200000|100%| E|CS|TAMS 0x0000000087100000, 0x0000000087100000| Complete 
| 114|0x0000000087200000, 0x0000000087300000, 0x0000000087300000|100%| E|CS|TAMS 0x0000000087200000, 0x0000000087200000| Complete 
| 115|0x0000000087300000, 0x0000000087400000, 0x0000000087400000|100%| E|CS|TAMS 0x0000000087300000, 0x0000000087300000| Complete 
| 116|0x0000000087400000, 0x0000000087500000, 0x0000000087500000|100%| E|CS|TAMS 0x0000000087400000, 0x0000000087400000| Complete 
| 117|0x0000000087500000, 0x0000000087600000, 0x0000000087600000|100%| E|CS|TAMS 0x0000000087500000, 0x0000000087500000| Complete 
| 118|0x0000000087600000, 0x0000000087700000, 0x0000000087700000|100%| E|CS|TAMS 0x0000000087600000, 0x0000000087600000| Complete 
| 119|0x0000000087700000, 0x0000000087800000, 0x0000000087800000|100%| E|CS|TAMS 0x0000000087700000, 0x0000000087700000| Complete 
| 120|0x0000000087800000, 0x0000000087900000, 0x0000000087900000|100%| E|CS|TAMS 0x0000000087800000, 0x0000000087800000| Complete 
| 121|0x0000000087900000, 0x0000000087a00000, 0x0000000087a00000|100%| E|CS|TAMS 0x0000000087900000, 0x0000000087900000| Complete 
| 122|0x0000000087a00000, 0x0000000087b00000, 0x0000000087b00000|100%| E|CS|TAMS 0x0000000087a00000, 0x0000000087a00000| Complete 
| 123|0x0000000087b00000, 0x0000000087c00000, 0x0000000087c00000|100%| E|CS|TAMS 0x0000000087b00000, 0x0000000087b00000| Complete 
| 124|0x0000000087c00000, 0x0000000087d00000, 0x0000000087d00000|100%| E|CS|TAMS 0x0000000087c00000, 0x0000000087c00000| Complete 
| 125|0x0000000087d00000, 0x0000000087e00000, 0x0000000087e00000|100%| E|CS|TAMS 0x0000000087d00000, 0x0000000087d00000| Complete 
| 129|0x0000000088100000, 0x0000000088200000, 0x0000000088200000|100%| E|CS|TAMS 0x0000000088100000, 0x0000000088100000| Complete 

Card table byte_map: [0x0000013a45ca0000,0x0000013a460a0000] _byte_map_base: 0x0000013a458a0000

Marking Bits (Prev, Next): (CMBitMap*) 0x0000013a32d2f200, (CMBitMap*) 0x0000013a32d2f240
 Prev Bits: [0x0000013a464a0000, 0x0000013a484a0000)
 Next Bits: [0x0000013a484a0000, 0x0000013a4a4a0000)

Polling page: 0x0000013a30c20000

Metaspace:

Usage:
  Non-class:     42.02 MB used.
      Class:      5.47 MB used.
       Both:     47.49 MB used.

Virtual space:
  Non-class space:       64.00 MB reserved,      42.38 MB ( 66%) committed,  1 nodes.
      Class space:        1.00 GB reserved,       5.69 MB ( <1%) committed,  1 nodes.
             Both:        1.06 GB reserved,      48.06 MB (  4%) committed. 

Chunk freelists:
   Non-Class:  5.60 MB
       Class:  10.26 MB
        Both:  15.86 MB

MaxMetaspaceSize: unlimited
CompressedClassSpaceSize: 1.00 GB
Initial GC threshold: 21.00 MB
Current GC threshold: 58.69 MB
CDS: off
MetaspaceReclaimPolicy: balanced
 - commit_granule_bytes: 65536.
 - commit_granule_words: 8192.
 - virtual_space_node_default_size: 8388608.
 - enlarge_chunks_in_place: 1.
 - new_chunks_are_fully_committed: 0.
 - uncommit_free_chunks: 1.
 - use_allocation_guard: 0.
 - handle_deallocations: 1.


Internal statistics:

num_allocs_failed_limit: 6.
num_arena_births: 742.
num_arena_deaths: 0.
num_vsnodes_births: 2.
num_vsnodes_deaths: 0.
num_space_committed: 769.
num_space_uncommitted: 0.
num_chunks_returned_to_freelist: 6.
num_chunks_taken_from_freelist: 1998.
num_chunk_merges: 6.
num_chunk_splits: 1338.
num_chunks_enlarged: 914.
num_inconsistent_stats: 0.

CodeHeap 'non-profiled nmethods': size=120000Kb used=3184Kb max_used=3184Kb free=116815Kb
 bounds [0x0000013a3de20000, 0x0000013a3e140000, 0x0000013a45350000]
CodeHeap 'profiled nmethods': size=120000Kb used=9683Kb max_used=9683Kb free=110316Kb
 bounds [0x0000013a36350000, 0x0000013a36cd0000, 0x0000013a3d880000]
CodeHeap 'non-nmethods': size=5760Kb used=2332Kb max_used=2386Kb free=3427Kb
 bounds [0x0000013a3d880000, 0x0000013a3daf0000, 0x0000013a3de20000]
 total_blobs=6185 nmethods=5336 adapters=761
 compilation: enabled
              stopped_count=0, restarted_count=0
 full_count=0

Compilation events (20 events):
Event: 20.102 Thread 0x0000013a4d1b1770 6121       4       jdk.internal.module.SystemModuleFinders$SystemModuleReader::containsImageLocation (42 bytes)
Event: 20.103 Thread 0x0000013a4d1b1770 nmethod 6121 0x0000013a3e13b610 code [0x0000013a3e13b7a0, 0x0000013a3e13b8c8]
Event: 20.103 Thread 0x0000013a4d1b1770 6122       4       java.util.regex.Pattern$LastNode::match (45 bytes)
Event: 20.104 Thread 0x0000013a4d1b1770 nmethod 6122 0x0000013a3e13ba10 code [0x0000013a3e13bb80, 0x0000013a3e13bc58]
Event: 20.204 Thread 0x0000013a4d1b2210 6132       3       java.util.concurrent.locks.AbstractQueuedSynchronizer::acquire (20 bytes)
Event: 20.204 Thread 0x0000013a4d1b2210 nmethod 6132 0x0000013a36cc2590 code [0x0000013a36cc2740, 0x0000013a36cc29b8]
Event: 20.206 Thread 0x0000013a4d1b2210 6133       3       java.util.stream.ForEachOps$ForEachOp::getOpFlags (15 bytes)
Event: 20.206 Thread 0x0000013a4d1b2210 nmethod 6133 0x0000013a36cc2a90 code [0x0000013a36cc2c20, 0x0000013a36cc2db8]
Event: 20.206 Thread 0x0000013a4d1b2210 6134       3       java.util.stream.ForEachOps$ForEachOp$OfRef::evaluateSequential (7 bytes)
Event: 20.207 Thread 0x0000013a4d1b2210 nmethod 6134 0x0000013a36cc2e90 code [0x0000013a36cc3060, 0x0000013a36cc3468]
Event: 20.207 Thread 0x0000013a4d1b2210 6135       3       java.util.stream.ForEachOps$ForEachOp::evaluateSequential (13 bytes)
Event: 20.207 Thread 0x0000013a4d1b2210 nmethod 6135 0x0000013a36cc3590 code [0x0000013a36cc3740, 0x0000013a36cc3ae8]
Event: 20.207 Thread 0x0000013a4d1b2210 6136       3       java.util.stream.AbstractPipeline::sourceStageSpliterator (112 bytes)
Event: 20.207 Thread 0x0000013a4d1b2210 nmethod 6136 0x0000013a36cc3c10 code [0x0000013a36cc3e20, 0x0000013a36cc44b8]
Event: 20.207 Thread 0x0000013a4d1b2210 6137       1       jdk.internal.net.http.Exchange::request (5 bytes)
Event: 20.207 Thread 0x0000013a4d1b2210 nmethod 6137 0x0000013a3e13bd90 code [0x0000013a3e13bf20, 0x0000013a3e13bff8]
Event: 20.207 Thread 0x0000013a4d1b2210 6138       3       java.util.TreeMap::navigableKeySet (27 bytes)
Event: 20.208 Thread 0x0000013a4d1b2210 nmethod 6138 0x0000013a36cc4690 code [0x0000013a36cc4860, 0x0000013a36cc4c58]
Event: 20.208 Thread 0x0000013a4d1b2210 6139       3       java.lang.invoke.VarHandleReferences$FieldInstanceReadWrite::weakCompareAndSet (48 bytes)
Event: 20.208 Thread 0x0000013a4d1b2210 nmethod 6139 0x0000013a36cc4d90 code [0x0000013a36cc5000, 0x0000013a36cc5a18]

GC Heap History (20 events):
Event: 0.843 GC heap before
{Heap before GC invocations=1 (full 0):
 garbage-first heap   total 126976K, used 35529K [0x0000000080000000, 0x0000000100000000)
  region size 1024K, 21 young (21504K), 3 survivors (3072K)
 Metaspace       used 11538K, committed 11776K, reserved 1114112K
  class space    used 991K, committed 1088K, reserved 1048576K
}
Event: 0.849 GC heap after
{Heap after GC invocations=2 (full 0):
 garbage-first heap   total 126976K, used 20509K [0x0000000080000000, 0x0000000100000000)
  region size 1024K, 2 young (2048K), 2 survivors (2048K)
 Metaspace       used 11538K, committed 11776K, reserved 1114112K
  class space    used 991K, committed 1088K, reserved 1048576K
}
Event: 1.507 GC heap before
{Heap before GC invocations=2 (full 0):
 garbage-first heap   total 126976K, used 59421K [0x0000000080000000, 0x0000000100000000)
  region size 1024K, 41 young (41984K), 2 survivors (2048K)
 Metaspace       used 18238K, committed 18496K, reserved 1114112K
  class space    used 1724K, committed 1856K, reserved 1048576K
}
Event: 1.515 GC heap after
{Heap after GC invocations=3 (full 0):
 garbage-first heap   total 126976K, used 24557K [0x0000000080000000, 0x0000000100000000)
  region size 1024K, 6 young (6144K), 6 survivors (6144K)
 Metaspace       used 18238K, committed 18496K, reserved 1114112K
  class space    used 1724K, committed 1856K, reserved 1048576K
}
Event: 1.741 GC heap before
{Heap before GC invocations=3 (full 0):
 garbage-first heap   total 126976K, used 41965K [0x0000000080000000, 0x0000000100000000)
  region size 1024K, 24 young (24576K), 6 survivors (6144K)
 Metaspace       used 21323K, committed 21504K, reserved 1114112K
  class space    used 2238K, committed 2304K, reserved 1048576K
}
Event: 1.749 GC heap after
{Heap after GC invocations=4 (full 0):
 garbage-first heap   total 126976K, used 25791K [0x0000000080000000, 0x0000000100000000)
  region size 1024K, 2 young (2048K), 2 survivors (2048K)
 Metaspace       used 21323K, committed 21504K, reserved 1114112K
  class space    used 2238K, committed 2304K, reserved 1048576K
}
Event: 2.037 GC heap before
{Heap before GC invocations=5 (full 0):
 garbage-first heap   total 92160K, used 72895K [0x0000000080000000, 0x0000000100000000)
  region size 1024K, 49 young (50176K), 2 survivors (2048K)
 Metaspace       used 22229K, committed 22464K, reserved 1114112K
  class space    used 2335K, committed 2432K, reserved 1048576K
}
Event: 2.042 GC heap after
{Heap after GC invocations=6 (full 0):
 garbage-first heap   total 110592K, used 26167K [0x0000000080000000, 0x0000000100000000)
  region size 1024K, 3 young (3072K), 3 survivors (3072K)
 Metaspace       used 22229K, committed 22464K, reserved 1114112K
  class space    used 2335K, committed 2432K, reserved 1048576K
}
Event: 2.932 GC heap before
{Heap before GC invocations=6 (full 0):
 garbage-first heap   total 110592K, used 77367K [0x0000000080000000, 0x0000000100000000)
  region size 1024K, 53 young (54272K), 3 survivors (3072K)
 Metaspace       used 29172K, committed 29568K, reserved 1114112K
  class space    used 3069K, committed 3264K, reserved 1048576K
}
Event: 2.939 GC heap after
{Heap after GC invocations=7 (full 0):
 garbage-first heap   total 110592K, used 30263K [0x0000000080000000, 0x0000000100000000)
  region size 1024K, 7 young (7168K), 7 survivors (7168K)
 Metaspace       used 29172K, committed 29568K, reserved 1114112K
  class space    used 3069K, committed 3264K, reserved 1048576K
}
Event: 3.326 GC heap before
{Heap before GC invocations=7 (full 0):
 garbage-first heap   total 110592K, used 81463K [0x0000000080000000, 0x0000000100000000)
  region size 1024K, 54 young (55296K), 7 survivors (7168K)
 Metaspace       used 30364K, committed 30784K, reserved 1114112K
  class space    used 3150K, committed 3328K, reserved 1048576K
}
Event: 3.340 GC heap after
{Heap after GC invocations=8 (full 0):
 garbage-first heap   total 110592K, used 30983K [0x0000000080000000, 0x0000000100000000)
  region size 1024K, 1 young (1024K), 1 survivors (1024K)
 Metaspace       used 30364K, committed 30784K, reserved 1114112K
  class space    used 3150K, committed 3328K, reserved 1048576K
}
Event: 3.908 GC heap before
{Heap before GC invocations=8 (full 0):
 garbage-first heap   total 110592K, used 82183K [0x0000000080000000, 0x0000000100000000)
  region size 1024K, 51 young (52224K), 1 survivors (1024K)
 Metaspace       used 33478K, committed 33920K, reserved 1114112K
  class space    used 3488K, committed 3712K, reserved 1048576K
}
Event: 3.915 GC heap after
{Heap after GC invocations=9 (full 0):
 garbage-first heap   total 110592K, used 32362K [0x0000000080000000, 0x0000000100000000)
  region size 1024K, 3 young (3072K), 3 survivors (3072K)
 Metaspace       used 33478K, committed 33920K, reserved 1114112K
  class space    used 3488K, committed 3712K, reserved 1048576K
}
Event: 4.371 GC heap before
{Heap before GC invocations=9 (full 0):
 garbage-first heap   total 110592K, used 84586K [0x0000000080000000, 0x0000000100000000)
  region size 1024K, 54 young (55296K), 3 survivors (3072K)
 Metaspace       used 34545K, committed 35008K, reserved 1114112K
  class space    used 3584K, committed 3776K, reserved 1048576K
}
Event: 4.382 GC heap after
{Heap after GC invocations=10 (full 0):
 garbage-first heap   total 110592K, used 35936K [0x0000000080000000, 0x0000000100000000)
  region size 1024K, 6 young (6144K), 6 survivors (6144K)
 Metaspace       used 34545K, committed 35008K, reserved 1114112K
  class space    used 3584K, committed 3776K, reserved 1048576K
}
Event: 4.557 GC heap before
{Heap before GC invocations=10 (full 0):
 garbage-first heap   total 110592K, used 42080K [0x0000000080000000, 0x0000000100000000)
  region size 1024K, 13 young (13312K), 6 survivors (6144K)
 Metaspace       used 35529K, committed 35968K, reserved 1114112K
  class space    used 3739K, committed 3968K, reserved 1048576K
}
Event: 4.565 GC heap after
{Heap after GC invocations=11 (full 0):
 garbage-first heap   total 133120K, used 36260K [0x0000000080000000, 0x0000000100000000)
  region size 1024K, 4 young (4096K), 4 survivors (4096K)
 Metaspace       used 35529K, committed 35968K, reserved 1114112K
  class space    used 3739K, committed 3968K, reserved 1048576K
}
Event: 11.784 GC heap before
{Heap before GC invocations=12 (full 0):
 garbage-first heap   total 130048K, used 99748K [0x0000000080000000, 0x0000000100000000)
  region size 1024K, 67 young (68608K), 4 survivors (4096K)
 Metaspace       used 46220K, committed 46720K, reserved 1114112K
  class space    used 5273K, committed 5504K, reserved 1048576K
}
Event: 11.796 GC heap after
{Heap after GC invocations=13 (full 0):
 garbage-first heap   total 130048K, used 40167K [0x0000000080000000, 0x0000000100000000)
  region size 1024K, 8 young (8192K), 8 survivors (8192K)
 Metaspace       used 46220K, committed 46720K, reserved 1114112K
  class space    used 5273K, committed 5504K, reserved 1048576K
}

Dll operation events (9 events):
Event: 0.005 Loaded shared library C:\Users\DELL\.katalon\packages\KSE-10.0.1\jre\bin\java.dll
Event: 0.095 Loaded shared library C:\Users\DELL\.katalon\packages\KSE-10.0.1\jre\bin\net.dll
Event: 0.096 Loaded shared library C:\Users\DELL\.katalon\packages\KSE-10.0.1\jre\bin\nio.dll
Event: 0.102 Loaded shared library C:\Users\DELL\.katalon\packages\KSE-10.0.1\jre\bin\zip.dll
Event: 0.395 Loaded shared library C:\Users\DELL\.katalon\packages\KSE-10.0.1\jre\bin\verify.dll
Event: 0.609 Loaded shared library C:\Users\DELL\.katalon\packages\KSE-10.0.1\jre\bin\jimage.dll
Event: 5.267 Loaded shared library C:\Users\DELL\.katalon\packages\KSE-10.0.1\jre\bin\sunmscapi.dll
Event: 11.383 Loaded shared library C:\Users\DELL\.katalon\packages\KSE-10.0.1\jre\bin\management.dll
Event: 11.387 Loaded shared library C:\Users\DELL\.katalon\packages\KSE-10.0.1\jre\bin\management_ext.dll

Deoptimization events (20 events):
Event: 20.031 Thread 0x0000013a32cce940 Uncommon trap: trap_request=0xfffffff4 fr.pc=0x0000013a3e135974 relative=0x0000000000000314
Event: 20.031 Thread 0x0000013a32cce940 Uncommon trap: reason=null_check action=make_not_entrant pc=0x0000013a3e135974 method=sun.invoke.util.VerifyType.isNullConversion(Ljava/lang/Class;Ljava/lang/Class;Z)Z @ 22 c2
Event: 20.031 Thread 0x0000013a32cce940 DEOPT PACKING pc=0x0000013a3e135974 sp=0x00000021175fbe90
Event: 20.031 Thread 0x0000013a32cce940 DEOPT UNPACKING pc=0x0000013a3d8d69a3 sp=0x00000021175fbe38 mode 2
Event: 20.032 Thread 0x0000013a32cce940 Uncommon trap: trap_request=0xffffffbe fr.pc=0x0000013a3e11a28c relative=0x00000000000002cc
Event: 20.032 Thread 0x0000013a32cce940 Uncommon trap: reason=profile_predicate action=maybe_recompile pc=0x0000013a3e11a28c method=java.util.regex.Pattern$BnM.optimize(Ljava/util/regex/Pattern$Node;)Ljava/util/regex/Pattern$Node; @ 67 c2
Event: 20.032 Thread 0x0000013a32cce940 DEOPT PACKING pc=0x0000013a3e11a28c sp=0x00000021175fc1a0
Event: 20.032 Thread 0x0000013a32cce940 DEOPT UNPACKING pc=0x0000013a3d8d69a3 sp=0x00000021175fc148 mode 2
Event: 20.032 Thread 0x0000013a32cce940 Uncommon trap: trap_request=0xffffffbe fr.pc=0x0000013a3e11a28c relative=0x00000000000002cc
Event: 20.032 Thread 0x0000013a32cce940 Uncommon trap: reason=profile_predicate action=maybe_recompile pc=0x0000013a3e11a28c method=java.util.regex.Pattern$BnM.optimize(Ljava/util/regex/Pattern$Node;)Ljava/util/regex/Pattern$Node; @ 67 c2
Event: 20.032 Thread 0x0000013a32cce940 DEOPT PACKING pc=0x0000013a3e11a28c sp=0x00000021175fc160
Event: 20.032 Thread 0x0000013a32cce940 DEOPT UNPACKING pc=0x0000013a3d8d69a3 sp=0x00000021175fc108 mode 2
Event: 20.032 Thread 0x0000013a32cce940 Uncommon trap: trap_request=0xffffffbe fr.pc=0x0000013a3e11a28c relative=0x00000000000002cc
Event: 20.032 Thread 0x0000013a32cce940 Uncommon trap: reason=profile_predicate action=maybe_recompile pc=0x0000013a3e11a28c method=java.util.regex.Pattern$BnM.optimize(Ljava/util/regex/Pattern$Node;)Ljava/util/regex/Pattern$Node; @ 67 c2
Event: 20.032 Thread 0x0000013a32cce940 DEOPT PACKING pc=0x0000013a3e11a28c sp=0x00000021175fc160
Event: 20.032 Thread 0x0000013a32cce940 DEOPT UNPACKING pc=0x0000013a3d8d69a3 sp=0x00000021175fc108 mode 2
Event: 20.032 Thread 0x0000013a32cce940 Uncommon trap: trap_request=0xffffffbe fr.pc=0x0000013a3e11a28c relative=0x00000000000002cc
Event: 20.032 Thread 0x0000013a32cce940 Uncommon trap: reason=profile_predicate action=maybe_recompile pc=0x0000013a3e11a28c method=java.util.regex.Pattern$BnM.optimize(Ljava/util/regex/Pattern$Node;)Ljava/util/regex/Pattern$Node; @ 67 c2
Event: 20.032 Thread 0x0000013a32cce940 DEOPT PACKING pc=0x0000013a3e11a28c sp=0x00000021175fc160
Event: 20.032 Thread 0x0000013a32cce940 DEOPT UNPACKING pc=0x0000013a3d8d69a3 sp=0x00000021175fc108 mode 2

Classes unloaded (0 events):
No events

Classes redefined (0 events):
No events

Internal exceptions (20 events):
Event: 5.799 Thread 0x0000013a4d93d1b0 Exception <a 'java/lang/NoSuchMethodError'{0x000000008572b208}: 'java.lang.Object java.lang.invoke.DirectMethodHandle$Holder.invokeSpecial(java.lang.Object, java.lang.Object, java.lang.Object, java.lang.Object, int)'> (0x000000008572b208) 
thrown [s\src\hotspot\share\interpreter\linkResolver.cpp, line 759]
Event: 5.799 Thread 0x0000013a4d93d1b0 Exception <a 'java/lang/NoSuchMethodError'{0x000000008572e910}: 'java.lang.Object java.lang.invoke.Invokers$Holder.linkToTargetMethod(java.lang.Object, java.lang.Object, int, java.lang.Object)'> (0x000000008572e910) 
thrown [s\src\hotspot\share\interpreter\linkResolver.cpp, line 759]
Event: 5.852 Thread 0x0000013a4d93d1b0 Exception <a 'java/lang/NoSuchMethodError'{0x0000000085505e08}: 'int java.lang.invoke.DirectMethodHandle$Holder.invokeSpecialIFC(java.lang.Object, java.lang.Object, java.lang.Object, java.lang.Object, java.lang.Object)'> (0x0000000085505e08) 
thrown [s\src\hotspot\share\interpreter\linkResolver.cpp, line 759]
Event: 11.257 Thread 0x0000013a4d93d1b0 Exception <a 'java/lang/NoSuchMethodError'{0x00000000854160f0}: 'java.lang.Object java.lang.invoke.DirectMethodHandle$Holder.newInvokeSpecial(java.lang.Object, java.lang.Object, long, java.lang.Object, java.lang.Object, java.lang.Object)'> (0x00000000854160f0) 
thrown [s\src\hotspot\share\interpreter\linkResolver.cpp, line 759]
Event: 11.262 Thread 0x0000013a4d93d1b0 Exception <a 'java/lang/NoSuchMethodError'{0x000000008543b948}: 'void java.lang.invoke.DirectMethodHandle$Holder.invokeSpecial(java.lang.Object, java.lang.Object, java.lang.Object, java.lang.Object, java.lang.Object, java.lang.Object, java.lang.Object)'> (0x000000008543b948) 
thrown [s\src\hotspot\share\interpreter\linkResolver.cpp, line 759]
Event: 11.272 Thread 0x0000013a32cce940 Exception <a 'java/lang/NoSuchMethodError'{0x00000000854a2a20}: 'java.lang.Object java.lang.invoke.DirectMethodHandle$Holder.invokeSpecialIFC(java.lang.Object, java.lang.Object, java.lang.Object)'> (0x00000000854a2a20) 
thrown [s\src\hotspot\share\interpreter\linkResolver.cpp, line 759]
Event: 11.327 Thread 0x0000013a32cce940 Exception <a 'java/lang/NoSuchMethodError'{0x00000000852632a0}: 'void java.lang.invoke.DirectMethodHandle$Holder.invokeInterface(java.lang.Object, java.lang.Object)'> (0x00000000852632a0) 
thrown [s\src\hotspot\share\interpreter\linkResolver.cpp, line 759]
Event: 11.327 Thread 0x0000013a32cce940 Exception <a 'java/lang/IncompatibleClassChangeError'{0x0000000085266830}: Found class java.lang.Object, but interface was expected> (0x0000000085266830) 
thrown [s\src\hotspot\share\interpreter\linkResolver.cpp, line 826]
Event: 12.129 Thread 0x0000013a32cce940 Exception <a 'java/lang/NoSuchMethodError'{0x00000000874f2400}: 'java.lang.Object java.lang.invoke.DirectMethodHandle$Holder.newInvokeSpecial(java.lang.Object, java.lang.Object, java.lang.Object, java.lang.Object, java.lang.Object, java.lang.Object)'> (0x00000000874f2400) 
thrown [s\src\hotspot\share\interpreter\linkResolver.cpp, line 759]
Event: 12.298 Thread 0x0000013a32cce940 Exception <a 'java/lang/ClassNotFoundException'{0x0000000086e3ae80}: com/kms/katalon/core/webui/keyword/builtin/NavigateToUrlKeywordBeanInfo> (0x0000000086e3ae80) 
thrown [s\src\hotspot\share\classfile\systemDictionary.cpp, line 256]
Event: 12.301 Thread 0x0000013a32cce940 Exception <a 'java/lang/ClassNotFoundException'{0x0000000086e65898}: com/kms/katalon/core/webui/keyword/builtin/NavigateToUrlKeywordCustomizer> (0x0000000086e65898) 
thrown [s\src\hotspot\share\classfile\systemDictionary.cpp, line 256]
Event: 16.525 Thread 0x0000013a32cce940 Exception <a 'java/lang/ClassNotFoundException'{0x0000000086b003d0}: com/kms/katalon/core/testobject/ObjectRepositoryBeanInfo> (0x0000000086b003d0) 
thrown [s\src\hotspot\share\classfile\systemDictionary.cpp, line 256]
Event: 16.528 Thread 0x0000013a32cce940 Exception <a 'java/lang/ClassNotFoundException'{0x0000000086b28c20}: com/kms/katalon/core/testobject/ObjectRepositoryCustomizer> (0x0000000086b28c20) 
thrown [s\src\hotspot\share\classfile\systemDictionary.cpp, line 256]
Event: 16.603 Thread 0x0000013a32cce940 Exception <a 'java/lang/ClassNotFoundException'{0x0000000086991798}: Script1BeanInfo> (0x0000000086991798) 
thrown [s\src\hotspot\share\classfile\systemDictionary.cpp, line 256]
Event: 16.605 Thread 0x0000013a32cce940 Exception <a 'java/lang/ClassNotFoundException'{0x00000000869bac18}: Script1Customizer> (0x00000000869bac18) 
thrown [s\src\hotspot\share\classfile\systemDictionary.cpp, line 256]
Event: 16.620 Thread 0x0000013a32cce940 Exception <a 'java/lang/ClassNotFoundException'{0x00000000868dcff0}: com/kms/katalon/core/webui/keyword/builtin/SetTextKeywordBeanInfo> (0x00000000868dcff0) 
thrown [s\src\hotspot\share\classfile\systemDictionary.cpp, line 256]
Event: 16.623 Thread 0x0000013a32cce940 Exception <a 'java/lang/ClassNotFoundException'{0x0000000086706f28}: com/kms/katalon/core/webui/keyword/builtin/SetTextKeywordCustomizer> (0x0000000086706f28) 
thrown [s\src\hotspot\share\classfile\systemDictionary.cpp, line 256]
Event: 20.031 Thread 0x0000013a32cce940 Implicit null exception at 0x0000013a3e1356bd to 0x0000013a3e135960
Event: 20.038 Thread 0x0000013a32cce940 Exception <a 'java/lang/ClassNotFoundException'{0x00000000852b8768}: com/kms/katalon/core/webui/keyword/builtin/ClickKeywordBeanInfo> (0x00000000852b8768) 
thrown [s\src\hotspot\share\classfile\systemDictionary.cpp, line 256]
Event: 20.040 Thread 0x0000013a32cce940 Exception <a 'java/lang/ClassNotFoundException'{0x00000000852e1bc8}: com/kms/katalon/core/webui/keyword/builtin/ClickKeywordCustomizer> (0x00000000852e1bc8) 
thrown [s\src\hotspot\share\classfile\systemDictionary.cpp, line 256]

VM Operations (20 events):
Event: 11.466 Executing VM operation: Cleanup
Event: 11.466 Executing VM operation: Cleanup done
Event: 11.783 Executing VM operation: G1CollectForAllocation
Event: 11.796 Executing VM operation: G1CollectForAllocation done
Event: 12.065 Executing VM operation: HandshakeAllThreads
Event: 12.066 Executing VM operation: HandshakeAllThreads done
Event: 12.206 Executing VM operation: ICBufferFull
Event: 12.206 Executing VM operation: ICBufferFull done
Event: 13.208 Executing VM operation: Cleanup
Event: 13.208 Executing VM operation: Cleanup done
Event: 16.540 Executing VM operation: HandshakeAllThreads
Event: 16.540 Executing VM operation: HandshakeAllThreads done
Event: 16.540 Executing VM operation: Cleanup
Event: 16.541 Executing VM operation: Cleanup done
Event: 17.548 Executing VM operation: Cleanup
Event: 17.549 Executing VM operation: Cleanup done
Event: 18.558 Executing VM operation: Cleanup
Event: 18.558 Executing VM operation: Cleanup done
Event: 19.564 Executing VM operation: Cleanup
Event: 19.564 Executing VM operation: Cleanup done

Events (20 events):
Event: 12.310 loading class sun/net/www/protocol/https/Handler done
Event: 14.329 Thread 0x0000013a4d93ee90 Thread exited: 0x0000013a4d93ee90
Event: 16.499 Thread 0x0000013a53c69c60 Thread exited: 0x0000013a53c69c60
Event: 16.593 Thread 0x0000013a53c6c4e0 Thread added: 0x0000013a53c6c4e0
Event: 17.539 Thread 0x0000013a53c6c4e0 Thread exited: 0x0000013a53c6c4e0
Event: 17.698 Thread 0x0000013a53c6c4e0 Thread added: 0x0000013a53c6c4e0
Event: 17.862 Thread 0x0000013a53c6c4e0 Thread exited: 0x0000013a53c6c4e0
Event: 18.019 loading class java/lang/StringUTF16$CodePointsSpliterator
Event: 18.020 loading class java/lang/StringUTF16$CodePointsSpliterator done
Event: 18.152 Thread 0x0000013a53c6c4e0 Thread added: 0x0000013a53c6c4e0
Event: 18.406 Thread 0x0000013a53c6c4e0 Thread exited: 0x0000013a53c6c4e0
Event: 18.836 Thread 0x0000013a53c6c4e0 Thread added: 0x0000013a53c6c4e0
Event: 19.070 Thread 0x0000013a53c6c4e0 Thread exited: 0x0000013a53c6c4e0
Event: 19.091 Thread 0x0000013a53c6c4e0 Thread added: 0x0000013a53c6c4e0
Event: 19.335 Thread 0x0000013a53c6c4e0 Thread exited: 0x0000013a53c6c4e0
Event: 19.349 Thread 0x0000013a53c6c4e0 Thread added: 0x0000013a53c6c4e0
Event: 19.568 Thread 0x0000013a53c6c4e0 Thread exited: 0x0000013a53c6c4e0
Event: 19.690 Thread 0x0000013a53c6c4e0 Thread added: 0x0000013a53c6c4e0
Event: 19.958 Thread 0x0000013a53c6c4e0 Thread exited: 0x0000013a53c6c4e0
Event: 19.972 Thread 0x0000013a53c69c60 Thread added: 0x0000013a53c69c60


Dynamic libraries:
0x00007ff65e1d0000 - 0x00007ff65e1de000 	C:\Users\DELL\.katalon\packages\KSE-10.0.1\jre\bin\javaw.exe
0x00007ffc46430000 - 0x00007ffc46647000 	C:\Windows\SYSTEM32\ntdll.dll
0x00007ffc45fe0000 - 0x00007ffc460a4000 	C:\Windows\System32\KERNEL32.DLL
0x00007ffc43a10000 - 0x00007ffc43dbd000 	C:\Windows\System32\KERNELBASE.dll
0x00007ffc43750000 - 0x00007ffc43861000 	C:\Windows\System32\ucrtbase.dll
0x00007ffc2aa00000 - 0x00007ffc2aa17000 	C:\Users\DELL\.katalon\packages\KSE-10.0.1\jre\bin\jli.dll
0x00007ffc44a60000 - 0x00007ffc44c0e000 	C:\Windows\System32\USER32.dll
0x00007ffc2a750000 - 0x00007ffc2a769000 	C:\Users\DELL\.katalon\packages\KSE-10.0.1\jre\bin\VCRUNTIME140.dll
0x00007ffc43df0000 - 0x00007ffc43e16000 	C:\Windows\System32\win32u.dll
0x00007ffc463c0000 - 0x00007ffc463e9000 	C:\Windows\System32\GDI32.dll
0x00007ffc2d310000 - 0x00007ffc2d5a3000 	C:\Windows\WinSxS\amd64_microsoft.windows.common-controls_6595b64144ccf1df_6.0.22621.3672_none_2713b9d173822955\COMCTL32.dll
0x00007ffc438f0000 - 0x00007ffc43a09000 	C:\Windows\System32\gdi32full.dll
0x00007ffc46210000 - 0x00007ffc462b7000 	C:\Windows\System32\msvcrt.dll
0x00007ffc44050000 - 0x00007ffc440ea000 	C:\Windows\System32\msvcp_win.dll
0x00007ffc45430000 - 0x00007ffc45461000 	C:\Windows\System32\IMM32.DLL
0x00007ffc3ba40000 - 0x00007ffc3ba4c000 	C:\Users\DELL\.katalon\packages\KSE-10.0.1\jre\bin\vcruntime140_1.dll
0x00007ffc1e760000 - 0x00007ffc1e7f1000 	C:\Users\DELL\.katalon\packages\KSE-10.0.1\jre\bin\msvcp140.dll
0x00007ffc00600000 - 0x00007ffc01248000 	C:\Users\DELL\.katalon\packages\KSE-10.0.1\jre\bin\server\jvm.dll
0x00007ffc44d10000 - 0x00007ffc44dc2000 	C:\Windows\System32\ADVAPI32.dll
0x00007ffc44160000 - 0x00007ffc44209000 	C:\Windows\System32\sechost.dll
0x00007ffc43dc0000 - 0x00007ffc43de8000 	C:\Windows\System32\bcrypt.dll
0x00007ffc45e60000 - 0x00007ffc45f74000 	C:\Windows\System32\RPCRT4.dll
0x00007ffc3ba70000 - 0x00007ffc3ba79000 	C:\Windows\SYSTEM32\WSOCK32.dll
0x00007ffc45470000 - 0x00007ffc454e1000 	C:\Windows\System32\WS2_32.dll
0x00007ffc37f60000 - 0x00007ffc37f94000 	C:\Windows\SYSTEM32\WINMM.dll
0x00007ffc28ae0000 - 0x00007ffc28aea000 	C:\Windows\SYSTEM32\VERSION.dll
0x00007ffc427a0000 - 0x00007ffc427b8000 	C:\Windows\SYSTEM32\kernel.appcore.dll
0x00007ffc3ba60000 - 0x00007ffc3ba6a000 	C:\Users\DELL\.katalon\packages\KSE-10.0.1\jre\bin\jimage.dll
0x00007ffc40fb0000 - 0x00007ffc411e2000 	C:\Windows\SYSTEM32\DBGHELP.DLL
0x00007ffc450a0000 - 0x00007ffc4542e000 	C:\Windows\System32\combase.dll
0x00007ffc462c0000 - 0x00007ffc46397000 	C:\Windows\System32\OLEAUT32.dll
0x00007ffc0dfc0000 - 0x00007ffc0dff2000 	C:\Windows\SYSTEM32\dbgcore.DLL
0x00007ffc43870000 - 0x00007ffc438eb000 	C:\Windows\System32\bcryptPrimitives.dll
0x00007ffc3b9c0000 - 0x00007ffc3b9e5000 	C:\Users\DELL\.katalon\packages\KSE-10.0.1\jre\bin\java.dll
0x00007ffc3b9a0000 - 0x00007ffc3b9b8000 	C:\Users\DELL\.katalon\packages\KSE-10.0.1\jre\bin\zip.dll
0x00007ffc455f0000 - 0x00007ffc45e57000 	C:\Windows\System32\SHELL32.dll
0x00007ffc416d0000 - 0x00007ffc41fcf000 	C:\Windows\SYSTEM32\windows.storage.dll
0x00007ffc41590000 - 0x00007ffc416cf000 	C:\Windows\SYSTEM32\wintypes.dll
0x00007ffc44c10000 - 0x00007ffc44d09000 	C:\Windows\System32\SHCORE.dll
0x00007ffc45f80000 - 0x00007ffc45fde000 	C:\Windows\System32\shlwapi.dll
0x00007ffc43680000 - 0x00007ffc436a7000 	C:\Windows\SYSTEM32\profapi.dll
0x00007ffc3b980000 - 0x00007ffc3b999000 	C:\Users\DELL\.katalon\packages\KSE-10.0.1\jre\bin\net.dll
0x00007ffc3a910000 - 0x00007ffc3aa46000 	C:\Windows\SYSTEM32\WINHTTP.dll
0x00007ffc42c10000 - 0x00007ffc42c79000 	C:\Windows\system32\mswsock.dll
0x00007ffc3b960000 - 0x00007ffc3b975000 	C:\Users\DELL\.katalon\packages\KSE-10.0.1\jre\bin\nio.dll
0x00007ffc3b950000 - 0x00007ffc3b960000 	C:\Users\DELL\.katalon\packages\KSE-10.0.1\jre\bin\verify.dll
0x00007ffc42e60000 - 0x00007ffc42e7b000 	C:\Windows\SYSTEM32\CRYPTSP.dll
0x00007ffc42700000 - 0x00007ffc42735000 	C:\Windows\system32\rsaenh.dll
0x00007ffc42d00000 - 0x00007ffc42d28000 	C:\Windows\SYSTEM32\USERENV.dll
0x00007ffc42e80000 - 0x00007ffc42e8c000 	C:\Windows\SYSTEM32\CRYPTBASE.dll
0x00007ffc42230000 - 0x00007ffc4225d000 	C:\Windows\SYSTEM32\IPHLPAPI.DLL
0x00007ffc44fa0000 - 0x00007ffc44fa9000 	C:\Windows\System32\NSI.dll
0x00007ffc39e90000 - 0x00007ffc39ea9000 	C:\Windows\SYSTEM32\dhcpcsvc6.DLL
0x00007ffc39e20000 - 0x00007ffc39e3f000 	C:\Windows\SYSTEM32\dhcpcsvc.DLL
0x00007ffc422a0000 - 0x00007ffc42398000 	C:\Windows\SYSTEM32\DNSAPI.dll
0x00007ffc39b60000 - 0x00007ffc39b6a000 	C:\Windows\System32\rasadhlp.dll
0x00007ffc35ce0000 - 0x00007ffc35d63000 	C:\Windows\System32\fwpuclnt.dll
0x00007ffc3aa50000 - 0x00007ffc3aa5e000 	C:\Users\DELL\.katalon\packages\KSE-10.0.1\jre\bin\sunmscapi.dll
0x00007ffc43ee0000 - 0x00007ffc44046000 	C:\Windows\System32\CRYPT32.dll
0x00007ffc43000000 - 0x00007ffc4302e000 	C:\Windows\SYSTEM32\ncrypt.dll
0x00007ffc42fc0000 - 0x00007ffc42ff7000 	C:\Windows\SYSTEM32\NTASN1.dll
0x00007ffbed010000 - 0x00007ffbed018000 	C:\Windows\system32\wshunix.dll
0x00007ffc38150000 - 0x00007ffc38159000 	C:\Users\DELL\.katalon\packages\KSE-10.0.1\jre\bin\management.dll
0x00007ffc38140000 - 0x00007ffc3814b000 	C:\Users\DELL\.katalon\packages\KSE-10.0.1\jre\bin\management_ext.dll
0x00007ffc44dd0000 - 0x00007ffc44dd8000 	C:\Windows\System32\PSAPI.DLL

dbghelp: loaded successfully - version: 4.0.5 - missing functions: none
symbol engine: initialized successfully - sym options: 0x614 - pdb path: .;C:\Users\DELL\.katalon\packages\KSE-10.0.1\jre\bin;C:\Windows\SYSTEM32;C:\Windows\WinSxS\amd64_microsoft.windows.common-controls_6595b64144ccf1df_6.0.22621.3672_none_2713b9d173822955;C:\Users\DELL\.katalon\packages\KSE-10.0.1\jre\bin\server

VM Arguments:
jvm_args: -Dgroovy.home=C:\Users\DELL/.groovy -Djava.system.class.loader=groovy.lang.GroovyClassLoader -Xmx2048m -Dfile.encoding=UTF-8 -XX:+ShowCodeDetailsInExceptionMessages 
java_command: org.codehaus.groovy.tools.GroovyStarter --classpath C:\Users\DELL\Katalon Studio\katalon\bin\keyword;C:\Users\DELL\Katalon Studio\katalon\Keywords;C:\Users\DELL\Katalon Studio\katalon\bin\listener;C:\Users\DELL\Katalon Studio\katalon\Test Listeners;C:\Users\DELL\Katalon Studio\katalon\bin\lib;C:\Users\DELL\Katalon Studio\katalon\Libs;C:\Users\DELL\Katalon Studio\katalon\bin\groovy;C:\Users\DELL\Katalon Studio\katalon\Include\scripts\groovy;C:\Users\DELL\.katalon\packages\KSE-10.0.1\plugins\com.kms.katalon.core_1.0.0.202412050416.jar;C:\Users\DELL\.katalon\packages\KSE-10.0.1\configuration\resources\lib\aalto-xml-1.0.0.jar;C:\Users\DELL\.katalon\packages\KSE-10.0.1\configuration\resources\lib\aspectjweaver-1.9.1.jar;C:\Users\DELL\.katalon\packages\KSE-10.0.1\configuration\resources\lib\aws-2.20.3-fat.jar;C:\Users\DELL\.katalon\packages\KSE-10.0.1\configuration\resources\lib\bcpkix-jdk15on-1.64.jar;C:\Users\DELL\.katalon\packages\KSE-10.0.1\configuration\resources\lib\bcprov-jdk15on-1.64.jar;C:\Users\DELL\.katalon\packages\KSE-10.0.1\configuration\resources\lib\browsermob-core-2.1.5.jar;C:\Users\DELL\.katalon\packages\KSE-10.0.1\configuration\resources\lib\byte-buddy-1.14.3.jar;C:\Users\DELL\.katalon\packages\KSE-10.0.1\configuration\resources\lib\byte-buddy-agent-1.14.3.jar;C:\Users\DELL\.katalon\packages\KSE-10.0.1\configuration\resources\lib\cglib-3.2.10.jar;C:\Users\DELL\.katalon\packages\KSE-10.0.1\configuration\resources\lib\commons-codec-1.10.jar;C:\Users\DELL\.katalon\packages\KSE-10.0.1\configuration\resources\lib\commons-collections4-4.1.jar;C:\Users\DELL\.katalon\packages\KSE-10.0.1\configuration\resources\lib\commons-validator-1.6.jar;C:\Users\DELL\.katalon\packages\KSE-10.0.1\configuration\resources\lib\curvesapi-1.04.jar;C:\Users\DELL\.katalon\packages\KSE-10.0.1\configuration\resources\lib\dnsjava-3.6.2.jar;C:\Users\DELL\.katalon\packages\KSE-10.0.1\configuration\resources\lib\groovy-3.0.17-fat.jar;C:\Users\DELL\.katalon\packages\KSE-10.
java_class_path (initial): C:\Users\DELL\Katalon Studio\katalon\bin\keyword;C:\Users\DELL\Katalon Studio\katalon\bin\listener;C:\Users\DELL\Katalon Studio\katalon\bin\lib;C:\Users\DELL\Katalon Studio\katalon\bin\groovy;C:\Users\DELL\Katalon Studio\katalon\bin;C:\Users\DELL\.katalon\packages\KSE-10.0.1\plugins\com.kms.katalon.core_1.0.0.202412050416.jar;C:\Users\DELL\.katalon\packages\KSE-10.0.1\configuration\resources\lib\aalto-xml-1.0.0.jar;C:\Users\DELL\.katalon\packages\KSE-10.0.1\configuration\resources\lib\aspectjweaver-1.9.1.jar;C:\Users\DELL\.katalon\packages\KSE-10.0.1\configuration\resources\lib\aws-2.20.3-fat.jar;C:\Users\DELL\.katalon\packages\KSE-10.0.1\configuration\resources\lib\bcpkix-jdk15on-1.64.jar;C:\Users\DELL\.katalon\packages\KSE-10.0.1\configuration\resources\lib\bcprov-jdk15on-1.64.jar;C:\Users\DELL\.katalon\packages\KSE-10.0.1\configuration\resources\lib\browsermob-core-2.1.5.jar;C:\Users\DELL\.katalon\packages\KSE-10.0.1\configuration\resources\lib\byte-buddy-1.14.3.jar;C:\Users\DELL\.katalon\packages\KSE-10.0.1\configuration\resources\lib\byte-buddy-agent-1.14.3.jar;C:\Users\DELL\.katalon\packages\KSE-10.0.1\configuration\resources\lib\cglib-3.2.10.jar;C:\Users\DELL\.katalon\packages\KSE-10.0.1\configuration\resources\lib\commons-codec-1.10.jar;C:\Users\DELL\.katalon\packages\KSE-10.0.1\configuration\resources\lib\commons-collections4-4.1.jar;C:\Users\DELL\.katalon\packages\KSE-10.0.1\configuration\resources\lib\commons-validator-1.6.jar;C:\Users\DELL\.katalon\packages\KSE-10.0.1\configuration\resources\lib\curvesapi-1.04.jar;C:\Users\DELL\.katalon\packages\KSE-10.0.1\configuration\resources\lib\dnsjava-3.6.2.jar;C:\Users\DELL\.katalon\packages\KSE-10.0.1\configuration\resources\lib\groovy-3.0.17-fat.jar;C:\Users\DELL\.katalon\packages\KSE-10.0.1\configuration\resources\lib\jackson-coreutils-2.0.jar;C:\Users\DELL\.katalon\packages\KSE-10.0.1\configuration\resources\lib\jackson-coreutils-equivalence-1.0.jar;C:\Users\DELL\.katalon\packages
Launcher Type: SUN_STANDARD

[Global flags]
     intx CICompilerCount                          = 4                                         {product} {ergonomic}
     uint ConcGCThreads                            = 3                                         {product} {ergonomic}
     uint G1ConcRefinementThreads                  = 10                                        {product} {ergonomic}
   size_t G1HeapRegionSize                         = 1048576                                   {product} {ergonomic}
    uintx GCDrainStackTargetSize                   = 64                                        {product} {ergonomic}
   size_t InitialHeapSize                          = 130023424                                 {product} {ergonomic}
   size_t MarkStackSize                            = 4194304                                   {product} {ergonomic}
   size_t MaxHeapSize                              = 2147483648                                {product} {command line}
   size_t MaxNewSize                               = 1287651328                                {product} {ergonomic}
   size_t MinHeapDeltaBytes                        = 1048576                                   {product} {ergonomic}
   size_t MinHeapSize                              = 8388608                                   {product} {ergonomic}
    uintx NonNMethodCodeHeapSize                   = 5839372                                {pd product} {ergonomic}
    uintx NonProfiledCodeHeapSize                  = 122909434                              {pd product} {ergonomic}
    uintx ProfiledCodeHeapSize                     = 122909434                              {pd product} {ergonomic}
    uintx ReservedCodeCacheSize                    = 251658240                              {pd product} {ergonomic}
     bool SegmentedCodeCache                       = true                                      {product} {ergonomic}
     bool ShowCodeDetailsInExceptionMessages       = true                                   {manageable} {command line}
   size_t SoftMaxHeapSize                          = 2147483648                             {manageable} {ergonomic}
     bool UseCompressedClassPointers               = true                           {product lp64_product} {ergonomic}
     bool UseCompressedOops                        = true                           {product lp64_product} {ergonomic}
     bool UseG1GC                                  = true                                      {product} {ergonomic}
     bool UseLargePagesIndividualAllocation        = false                                  {pd product} {ergonomic}

Logging:
Log output configuration:
 #0: stdout all=warning uptime,level,tags
 #1: stderr all=off uptime,level,tags

Environment Variables:
PATH=C:/Users/DELL/.katalon/packages/KSE-10.0.1/jre/bin/server;C:/Users/DELL/.katalon/packages/KSE-10.0.1/jre/bin;C:\ProgramData\Oracle\Java\javapath;C:\Windows\system32;C:\Windows;C:\Windows\System32\Wbem;C:\Windows\System32\WindowsPowerShell\v1.0\;C:\Windows\System32\OpenSSH\;C:\Program Files\dotnet\;C:\Program Files (x86)\Java\jre1.8.0_361\bin;D:\Git\cmd;C:\Program Files\nodejs\;C:\Ampps\php;C:\Program Files\Microsoft SQL Server\Client SDK\ODBC\170\Tools\Binn\;C:\Program Files (x86)\Microsoft SQL Server\150\Tools\Binn\;C:\Program Files\Microsoft SQL Server\150\Tools\Binn\;C:\Program Files\Microsoft SQL Server\150\DTS\Binn\;C:\Program Files\Microsoft SQL Server\120\Tools\Binn\;C:\Program Files\Microsoft SQL Server\Client SDK\ODBC\110\Tools\Binn\;C:\Program Files (x86)\Microsoft SQL Server\120\Tools\Binn\;C:\Program Files\Microsoft SQL Server\120\DTS\Binn\;C:\Program Files (x86)\Microsoft SQL Server\120\Tools\Binn\ManagementStudio\;C:\Program Files (x86)\Microsoft SQL Server\120\DTS\Binn\;C:\xampp;C:\xampp\htdocs;C:\xampp\php;C:\Users\DELL\AppData\Local\Programs\Python\Python311\Scripts\;C:\Users\DELL\AppData\Local\Programs\Python\Python311\;C:\Users\DELL\.console-ninja\.bin;C:\Program Files (x86)\Common Files\Oracle\Java\javapath;C:\ProgramData\Oracle\Java\javapath;C:\Windows\system32;C:\Windows;C:\Windows\System32\Wbem;C:\Windows\System32\WindowsPowerShell\v1.0\;C:\Windows\System32\OpenSSH\;C:\Program Files\dotnet\;C:\Program Files (x86)\Java\jre1.8.0_361\bin;D:\Git\cmd;C:\Program Files\nodejs\;C:\Ampps\php;C:\Program Files\Microsoft SQL Server\130\Tools\Binn\;C:\Program Files\Microsoft SQL Server\Client SDK\ODBC\170\Tools\Binn\;C:\Program Files (x86)\Microsoft SQL Server\150\Tools\Binn\;C:\Program Files\Microsoft SQL Server\150\Tools\Binn\;C:\Program Files\Microsoft SQL Server\150\DTS\Binn\;C:\Program Files\Microsoft SQL Server\120\Tools\Binn\;C:\Program Files\Microsoft SQL Server\Client SDK\ODBC\110\Tools\Binn\;C:\Program Files (x86)\Microsoft SQL Server\120\Tools
USERNAME=DELL
OS=Windows_NT
PROCESSOR_IDENTIFIER=Intel64 Family 6 Model 154 Stepping 4, GenuineIntel
TMP=C:\Users\DELL\AppData\Local\Temp
TEMP=C:\Users\DELL\AppData\Local\Temp



---------------  S Y S T E M  ---------------

OS:
 Windows 11 , 64 bit Build 22621 (10.0.22621.3958)
OS uptime: 0 days 1:44 hours

CPU: total 12 (initial active 12) (6 cores per cpu, 2 threads per core) family 6 model 154 stepping 4 microcode 0x434, cx8, cmov, fxsr, ht, mmx, 3dnowpref, sse, sse2, sse3, ssse3, sse4.1, sse4.2, popcnt, lzcnt, tsc, tscinvbit, avx, avx2, aes, erms, clmul, bmi1, bmi2, adx, sha, fma, vzeroupper, clflush, clflushopt, clwb

Memory: 4k page, system-wide physical 7876M (413M free)
TotalPageFile size 18792M (AvailPageFile size 5M)
current process WorkingSet (physical memory assigned to process): 275M, peak: 279M
current process commit charge ("private bytes"): 320M, peak: 324M

vm_info: OpenJDK 64-Bit Server VM (17.0.7+7) for windows-amd64 JRE (17.0.7+7), built on Apr 18 2023 22:10:42 by "temurin" with MS VC++ 16.7 (VS2019)

END.
