#
# There is insufficient memory for the Java Runtime Environment to continue.
# Native memory allocation (malloc) failed to allocate 1393056 bytes for Chunk::new
# Possible reasons:
#   The system is out of physical RAM or swap space
#   The process is running with CompressedOops enabled, and the Java Heap may be blocking the growth of the native heap
# Possible solutions:
#   Reduce memory load on the system
#   Increase physical memory or swap space
#   Check if swap backing store is full
#   Decrease Java heap size (-Xmx/-Xms)
#   Decrease number of Java threads
#   Decrease Java thread stack sizes (-Xss)
#   Set larger code cache with -XX:ReservedCodeCacheSize=
#   JVM is running with Unscaled Compressed Oops mode in which the Java heap is
#     placed in the first 4GB address space. The Java Heap base address is the
#     maximum limit for the native heap growth. Please use -XX:HeapBaseMinAddress
#     to set the Java Heap base and to place the Java Heap above 4GB virtual address.
# This output file may be truncated or incomplete.
#
#  Out of Memory Error (arena.cpp:189), pid=8264, tid=9800
#
# JRE version: OpenJDK Runtime Environment Temurin-17.0.7+7 (17.0.7+7) (build 17.0.7+7)
# Java VM: OpenJDK 64-Bit Server VM Temurin-17.0.7+7 (17.0.7+7, mixed mode, tiered, compressed oops, compressed class ptrs, g1 gc, windows-amd64)
# No core dump will be written. Minidumps are not enabled by default on client versions of Windows
#

---------------  S U M M A R Y ------------

Command Line: -Dgroovy.home=C:\Users\DELL/.groovy -Djava.system.class.loader=groovy.lang.GroovyClassLoader -Xmx2048m -Dfile.encoding=UTF-8 -XX:+ShowCodeDetailsInExceptionMessages org.codehaus.groovy.tools.GroovyStarter --classpath C:\Users\DELL\Katalon Studio\katalon\bin\keyword;C:\Users\DELL\Katalon Studio\katalon\Keywords;C:\Users\DELL\Katalon Studio\katalon\bin\listener;C:\Users\DELL\Katalon Studio\katalon\Test Listeners;C:\Users\DELL\Katalon Studio\katalon\bin\lib;C:\Users\DELL\Katalon Studio\katalon\Libs;C:\Users\DELL\Katalon Studio\katalon\bin\groovy;C:\Users\DELL\Katalon Studio\katalon\Include\scripts\groovy;C:\Users\DELL\.katalon\packages\KSE-10.0.1\plugins\com.kms.katalon.core_1.0.0.202412050416.jar;C:\Users\DELL\.katalon\packages\KSE-10.0.1\configuration\resources\lib\aalto-xml-1.0.0.jar;C:\Users\DELL\.katalon\packages\KSE-10.0.1\configuration\resources\lib\aspectjweaver-1.9.1.jar;C:\Users\DELL\.katalon\packages\KSE-10.0.1\configuration\resources\lib\aws-2.20.3-fat.jar;C:\Users\DELL\.katalon\packages\KSE-10.0.1\configuration\resources\lib\bcpkix-jdk15on-1.64.jar;C:\Users\DELL\.katalon\packages\KSE-10.0.1\configuration\resources\lib\bcprov-jdk15on-1.64.jar;C:\Users\DELL\.katalon\packages\KSE-10.0.1\configuration\resources\lib\browsermob-core-2.1.5.jar;C:\Users\DELL\.katalon\packages\KSE-10.0.1\configuration\resources\lib\byte-buddy-1.14.3.jar;C:\Users\DELL\.katalon\packages\KSE-10.0.1\configuration\resources\lib\byte-buddy-agent-1.14.3.jar;C:\Users\DELL\.katalon\packages\KSE-10.0.1\configuration\resources\lib\cglib-3.2.10.jar;C:\Users\DELL\.katalon\packages\KSE-10.0.1\configuration\resources\lib\commons-codec-1.10.jar;C:\Users\DELL\.katalon\packages\KSE-10.0.1\configuration\resources\lib\commons-collections4-4.1.jar;C:\Users\DELL\.katalon\packages\KSE-10.0.1\configuration\resources\lib\commons-validator-1.6.jar;C:\Users\DELL\.katalon\packages\KSE-10.0.1\configuration\resources\lib\curvesapi-1.04.jar;C:\Users\DELL\.katalon\packages\KSE-10.0.1\configuration\resources\lib\dnsjava-3.6.2.jar;C:\Users\DELL\.katalon\packages\KSE-10.0.1\configuration\resources\lib\groovy-3.0.17-fat.jar;C:\Users\DELL\.katalon\packages\KSE-10.0.1\configuration\resources\lib\jackson-coreutils-2.0.jar;C:\Users\DELL\.katalon\packages\KSE-10.0.1\configuration\resources\lib\jackson-coreutils-equivalence-1.0.jar;C:\Users\DELL\.katalon\packages\KSE-10.0.1\configuration\resources\lib\java-client-9.2.3.jar;C:\Users\DELL\.katalon\packages\KSE-10.0.1\configuration\resources\lib\javax.servlet-api_3.1.0.jar;C:\Users\DELL\.katalon\packages\KSE-10.0.1\configuration\resources\lib\jna-5.12.1.jar;C:\Users\DELL\.katalon\packages\KSE-10.0.1\configuration\resources\lib\jna-platform-5.12.1.jar;C:\Users\DELL\.katalon\packages\KSE-10.0.1\configuration\resources\lib\json-schema-core-1.2.14.jar;C:\Users\DELL\.katalon\packages\KSE-10.0.1\configuration\resources\lib\json-schema-validator-2.2.14.jar;C:\Users\DELL\.katalon\packages\KSE-10.0.1\configuration\resources\lib\jzlib-1.1.3.jar;C:\Users\DELL\.katalon\packages\KSE-10.0.1\configuration\resources\lib\kat-server.jar;C:\Users\DELL\.katalon\packages\KSE-10.0.1\configuration\resources\lib\littleproxy-1.1.0-beta-bmp-17.jar;C:\Users\DELL\.katalon\packages\KSE-10.0.1\configuration\resources\lib\log4j-1.2-api-2.17.1.jar;C:\Users\DELL\.katalon\packages\KSE-10.0.1\configuration\resources\lib\log4j-api-2.17.1.jar;C:\Users\DELL\.katalon\packages\KSE-10.0.1\configuration\resources\lib\log4j-core-2.17.1.jar;C:\Users\DELL\.katalon\packages\KSE-10.0.1\configuration\resources\lib\mitm-2.1.5.jar;C:\Users\DELL\.katalon\packages\KSE-10.0.1\configuration\resources\lib\mockito-core-5.2.0.jar;C:\Users\DELL\.katalon\packages\KSE-10.0.1\configuration\resources\lib\mockito-inline-5.2.0.jar;C:\Users\DELL\.katalon\packages\KSE-10.0.1\configuration\resources\lib\netty-all-4.1.109.Final.jar;C:\Users\DELL\.katalon\packages\KSE-10.0.1\configuration\resources\lib\objenesis-3.3.jar;C:\Users\DELL\.katalon\packages\KSE-10.0.1\configuration\resources\lib\poi-3.17.jar;C:\Users\DELL\.katalon\packages\KSE-10.0.1\configuration\resources\lib\poi-ooxml-3.17.jar;C:\Users\DELL\.katalon\packages\KSE-10.0.1\configuration\resources\lib\poi-ooxml-schemas-3.17.jar;C:\Users\DELL\.katalon\packages\KSE-10.0.1\configuration\resources\lib\proxy-vole-1.1.5-jar-with-dependencies.jar;C:\Users\DELL\.katalon\packages\KSE-10.0.1\configuration\resources\lib\repackaged-sikuli-api-1.0.2-standalone.jar;C:\Users\DELL\.katalon\packages\KSE-10.0.1\configuration\resources\lib\selenium-server-4.22.0.jar;C:\Users\DELL\.katalon\packages\KSE-10.0.1\configuration\resources\lib\selenium-shutterbug-1.1.jar;C:\Users\DELL\.katalon\packages\KSE-10.0.1\configuration\resources\lib\slf4j-api-1.7.25.jar;C:\Users\DELL\.katalon\packages\KSE-10.0.1\configuration\resources\lib\soap-builder-1.0.0.jar;C:\Users\DELL\.katalon\packages\KSE-10.0.1\configuration\resources\lib\soap-common-1.0.0.jar;C:\Users\DELL\.katalon\packages\KSE-10.0.1\configuration\resources\lib\soap-legacy-1.0.0.jar;C:\Users\DELL\.katalon\packages\KSE-10.0.1\configuration\resources\lib\spring-context-5.3.19.jar;C:\Users\DELL\.katalon\packages\KSE-10.0.1\configuration\resources\lib\stax2-api-4.0.0.jar;C:\Users\DELL\.katalon\packages\KSE-10.0.1\configuration\resources\lib\su.jar;C:\Users\DELL\.katalon\packages\KSE-10.0.1\configuration\resources\lib\swagger-parser-1.0.67-fat.jar;C:\Users\DELL\.katalon\packages\KSE-10.0.1\configuration\resources\lib\testng-7.8.0.jar;C:\Users\DELL\.katalon\packages\KSE-10.0.1\configuration\resources\lib\uri-template-0.1.jar;C:\Users\DELL\.katalon\packages\KSE-10.0.1\configuration\resources\lib\wadl.jar;C:\Users\DELL\.katalon\packages\KSE-10.0.1\configuration\resources\lib\xmlbeans-3.1.0.jar;C:\Users\DELL\.katalon\packages\KSE-10.0.1\plugins\net.sf.supercsv.super-csv_2.1.0.jar;C:\Users\DELL\.katalon\packages\KSE-10.0.1\plugins\org.apache.commons.commons-io_2.15.1.jar;C:\Users\DELL\.katalon\packages\KSE-10.0.1\plugins\org.apache.commons.lang_2.6.0.jar;C:\Users\DELL\.katalon\packages\KSE-10.0.1\plugins\com.google.gson_2.10.1.v20230109-0753.jar;C:\Users\DELL\.katalon\packages\KSE-10.0.1\plugins\org.jsoup_1.14.3.jar;C:\Users\DELL\.katalon\packages\KSE-10.0.1\plugins\org.apache.commons.dbutils_1.6.0.jar;C:\Users\DELL\.katalon\packages\KSE-10.0.1\plugins\com.oracle.jdbc.ojdbc7_12.1.0.2.jar;C:\Users\DELL\.katalon\packages\KSE-10.0.1\plugins\org.postgresql.jdbc_42.7.3.jar;c:\Users\DELL\.katalon\packages\KSE-10.0.1\plugins\org.eclipse.osgi_3.18.300.v20230220-1352.jar;C:\Users\DELL\.katalon\packages\KSE-10.0.1\plugins\com.kms.katalon.constant_1.0.0.202412050416.jar;C:\Users\DELL\.katalon\packages\KSE-10.0.1\plugins\org.eclipse.persistence.eclipselink_2.7.11.jar;C:\Users\DELL\.katalon\packages\KSE-10.0.1\plugins\com.kms.katalon.selenium-standalone_1.0.0.202412050416.jar;C:\Users\DELL\.katalon\packages\KSE-10.0.1\plugins\atu.testrecorder.screen-recorder_2.1.0.jar;C:\Users\DELL\.katalon\packages\KSE-10.0.1\plugins\com.google.guava_32.0.0.jre.jar;C:\Users\DELL\.katalon\packages\KSE-10.0.1\plugins\com.kms.katalon.util_1.0.0.202412050416.jar;C:\Users\DELL\.katalon\packages\KSE-10.0.1\plugins\org.apache.httpcomponents.httpclient_4.5.14.v20221207-1049.jar;C:\Users\DELL\.katalon\packages\KSE-10.0.1\plugins\org.apache.httpcomponents.httpcore_4.4.16.v20221207-1049.jar;C:\Users\DELL\.katalon\packages\KSE-10.0.1\plugins\org.apache.httpcomponents.httpmime_4.5.13.jar;C:\Users\DELL\.katalon\packages\KSE-10.0.1\plugins\org.apache.commons.lang3_3.14.0.jar;C:\Users\DELL\.katalon\packages\KSE-10.0.1\plugins\org.greenrobot.eventbus_3.1.1.jar;C:\Users\DELL\.katalon\packages\KSE-10.0.1\plugins\net.bytebuddy.byte-buddy_1.14.15.jar;C:\Users\DELL\.katalon\packages\KSE-10.0.1\plugins\org.junit_4.13.2.v20211018-1956.jar;C:\Users\DELL\.katalon\packages\KSE-10.0.1\plugins\com.fasterxml.jackson.core.jackson-databind_2.17.1.jar;C:\Users\DELL\.katalon\packages\KSE-10.0.1\plugins\com.fasterxml.jackson.core.jackson-core_2.17.1.jar;C:\Users\DELL\.katalon\packages\KSE-10.0.1\plugins\com.fasterxml.jackson.core.jackson-annotations_2.17.1.jar;C:\Users\DELL\.katalon\packages\KSE-10.0.1\plugins\ch.qos.logback.classic_1.2.13.jar;C:\Users\DELL\.katalon\packages\KSE-10.0.1\plugins\ch.qos.logback.core_1.2.13.jar;C:\Users\DELL\.katalon\packages\KSE-10.0.1\plugins\slf4j.api_1.7.36.jar;C:\Users\DELL\.katalon\packages\KSE-10.0.1\plugins\org.fusesource.jansi_1.17.1.jar;C:\Users\DELL\.katalon\packages\KSE-10.0.1\plugins\com.kms.katalon.netlightbody_1.0.0.202412050416.jar;C:\Users\DELL\.katalon\packages\KSE-10.0.1\plugins\com.kms.katalon.poi_1.0.0.202412050416.jar;C:\Users\DELL\.katalon\packages\KSE-10.0.1\plugins\org.apache.commons.commons-text_1.10.0.jar;C:\Users\DELL\.katalon\packages\KSE-10.0.1\plugins\com.kms.katalon.proxyvole_1.0.0.202412050416.jar;C:\Users\DELL\.katalon\packages\KSE-10.0.1\plugins\com.microsoft.sqlserver.mssql-jdbc_6.2.2.jre8.jar;C:\Users\DELL\.katalon\packages\KSE-10.0.1\plugins\com.github.kklisura.cdt.java-client_2.1.0.jar;C:\Users\DELL\.katalon\packages\KSE-10.0.1\plugins\javax.websocket-api_1.1.0.jar;C:\Users\DELL\.katalon\packages\KSE-10.0.1\plugins\org.glassfish.tyrus.container-grizzly-client_1.13.1.jar;C:\Users\DELL\.katalon\packages\KSE-10.0.1\plugins\org.glassfish.grizzly.http-server_2.3.25.jar;C:\Users\DELL\.katalon\packages\KSE-10.0.1\plugins\org.glassfish.grizzly.framework_2.3.25.jar;C:\Users\DELL\.katalon\packages\KSE-10.0.1\plugins\org.glassfish.grizzly.http_2.3.25.jar;C:\Users\DELL\.katalon\packages\KSE-10.0.1\plugins\org.glassfish.tyrus.client_1.13.1.jar;C:\Users\DELL\.katalon\packages\KSE-10.0.1\plugins\org.glassfish.tyrus.core_1.13.1.jar;C:\Users\DELL\.katalon\packages\KSE-10.0.1\plugins\org.glassfish.tyrus.spi_1.13.1.jar;C:\Users\DELL\.katalon\packages\KSE-10.0.1\plugins\javassist_3.28.0.GA.jar;C:\Users\DELL\.katalon\packages\KSE-10.0.1\plugins\graphql-java_22.3.0.jar;C:\Users\DELL\.katalon\packages\KSE-10.0.1\plugins\org.glassfish.jaxb.runtime_2.3.6.jar;C:\Users\DELL\.katalon\packages\KSE-10.0.1\plugins\org.glassfish.jaxb.txw2_2.3.6.jar;C:\Users\DELL\.katalon\packages\KSE-10.0.1\plugins\org.dom4j_2.1.4.jar;C:\Users\DELL\.katalon\packages\KSE-10.0.1\plugins\com.kms.katalon.groovy-extended_1.0.0.202412050416.jar;C:\Users\DELL\.katalon\packages\KSE-10.0.1\plugins\com.sun.activation.javax.activation_1.2.0.jar;C:\Users\DELL\.katalon\packages\KSE-10.0.1\plugins\jakarta.xml.bind-api_2.3.3.jar;C:\Users\DELL\.katalon\packages\KSE-10.0.1\plugins\com.sun.xml.bind.jaxb-impl_2.3.6.jar;C:\Users\DELL\.katalon\packages\KSE-10.0.1\plugins\org.eclipse.jface_3.29.0.v20230214-1401.jar;C:\Users\DELL\.katalon\packages\KSE-10.0.1\plugins\com.kms.katalon.logging_1.0.0.202412050416.jar;C:\Users\DELL\.katalon\packages\KSE-10.0.1\plugins\json_20240303.0.0.jar;C:\Users\DELL\.katalon\packages\KSE-10.0.1\plugins\assertj-core_3.25.3.jar;C:\Users\DELL\.katalon\packages\KSE-10.0.1\plugins\com.networknt.json-schema-validator_1.0.66.jar;C:\Users\DELL\.katalon\packages\KSE-10.0.1\plugins\com.kms.katalon.network.apache_1.0.0.202412050416.jar;C:\Users\DELL\.katalon\packages\KSE-10.0.1\plugins\java-dataloader_3.3.0.jar;C:\Users\DELL\.katalon\packages\KSE-10.0.1\plugins\org.apache.commons.logging_1.2.0.v20180409-1502.jar;C:\Users\DELL\.katalon\packages\KSE-10.0.1\plugins\org.hamcrest.core_1.3.0.v20180420-1519.jar;C:\Users\DELL\.katalon\packages\KSE-10.0.1\plugins\org.beanshell.bsh_2.0.0.0b4.jar;C:\Users\DELL\.katalon\packages\KSE-10.0.1\plugins\org.apache.ant.launcher_1.9.6.jar;C:\Users\DELL\.katalon\packages\KSE-10.0.1\plugins\com.kms.katalon.core.appium_1.0.0.202412050416.jar;C:\Users\DELL\.katalon\packages\KSE-10.0.1\plugins\com.kms.katalon.api_1.0.0.202412050416.jar;C:\Users\DELL\.katalon\packages\KSE-10.0.1\plugins\org.eclipse.equinox.common_3.17.100.v20230202-1341.jar;C:\Users\DELL\.katalon\packages\KSE-10.0.1\plugins\com.kms.katalon.platform.core_1.0.0.202412050416.jar;C:\Users\DELL\.katalon\packages\KSE-10.0.1\plugins\com.kms.katalon.common_1.0.0.202412050416.jar;C:\Users\DELL\.katalon\packages\KSE-10.0.1\plugins\com.kms.katalon.session.core_1.0.0.202412050416.jar;C:\Users\DELL\.katalon\packages\KSE-10.0.1\plugins\org.eclipse.e4.core.contexts_1.11.0.v20220716-0839.jar;C:\Users\DELL\.katalon\packages\KSE-10.0.1\plugins\javax.inject_1.0.0.v20220405-0441.jar;C:\Users\DELL\.katalon\packages\KSE-10.0.1\plugins\org.eclipse.e4.core.di_1.8.300.v20220817-1539.jar;C:\Users\DELL\.katalon\packages\KSE-10.0.1\plugins\com.kms.katalon.network.core_1.0.0.202412050416.jar;C:\Users\DELL\.katalon\packages\KSE-10.0.1\plugins\com.kms.katalon.execution.core_1.0.0.202412050416.jar;C:\Users\DELL\.katalon\packages\KSE-10.0.1\plugins\org.eclipse.equinox.registry_3.11.200.v20220817-1601.jar;C:\Users\DELL\.katalon\packages\KSE-10.0.1\plugins\dev.failsafe_3.3.2.jar;C:\Users\DELL\.katalon\packages\KSE-10.0.1\plugins\com.fasterxml.jackson.datatype.jackson-datatype-jsr310_2.17.1.jar;C:\Users\DELL\.katalon\packages\KSE-10.0.1\plugins\org.eclipse.e4.core.di.annotations_1.7.200.v20220613-1008.jar;C:\Users\DELL\.katalon\packages\KSE-10.0.1\plugins\com.kms.katalon.core.webui_1.0.0.202412050416.jar;C:\Users\DELL\.katalon\packages\KSE-10.0.1\plugins\org.eclipse.e4.core.services_2.3.400.v20220915-1347.jar;C:\Users\DELL\.katalon\packages\KSE-10.0.1\plugins\com.kms.katalon.core.mobile_1.0.0.202412050416.jar;C:\Users\DELL\.katalon\packages\KSE-10.0.1\plugins\org.apache.commons.commons-validator_1.7.0.jar;C:\Users\DELL\.katalon\packages\KSE-10.0.1\plugins\com.kms.katalon.core.cucumber_1.0.0.202412050416.jar;C:\Users\DELL\.katalon\packages\KSE-10.0.1\plugins\io.cucumber.core_3.0.3.jar;C:\Users\DELL\.katalon\packages\KSE-10.0.1\plugins\io.cucumber.datatable_1.1.15.jar;C:\Users\DELL\.katalon\packages\KSE-10.0.1\plugins\io.cucumber.datatable-dependencies_1.1.15.jar;C:\Users\DELL\.katalon\packages\KSE-10.0.1\plugins\io.cucumber.expressions_5.0.19.jar;C:\Users\DELL\.katalon\packages\KSE-10.0.1\plugins\io.cucumber.gherkin_5.0.0.jar;C:\Users\DELL\.katalon\packages\KSE-10.0.1\plugins\io.cucumber.html_0.2.7.jar;C:\Users\DELL\.katalon\packages\KSE-10.0.1\plugins\io.cucumber.java_3.0.3.jar;C:\Users\DELL\.katalon\packages\KSE-10.0.1\plugins\io.cucumber.tag-expressions_1.1.1.jar;C:\Users\DELL\.katalon\packages\KSE-10.0.1\plugins\io.cucumber.junit_3.0.3.jar;C:\Users\DELL\.katalon\packages\KSE-10.0.1\plugins\com.kms.katalon.core.webservice_1.0.0.202412050416.jar;C:\Users\DELL\.katalon\packages\KSE-10.0.1\plugins\wsdl4j_1.6.2.jar;C:\Users\DELL\.katalon\packages\KSE-10.0.1\plugins\com.google.oauth-client.google-oauth-client_1.22.0.jar;C:\Users\DELL\.katalon\packages\KSE-10.0.1\plugins\com.google.http-client.google-http-client_1.22.0.jar;C:\Users\DELL\.katalon\packages\KSE-10.0.1\plugins\com.kms.katalon.preferences_1.0.0.202412050416.jar;C:\Users\DELL\.katalon\packages\KSE-10.0.1\plugins\org.apache.xmlbeans_3.1.0.jar;C:\Users\DELL\.katalon\packages\KSE-10.0.1\plugins\com.kms.katalon.entity_1.0.0.202412050416.jar;C:\Users\DELL\.katalon\packages\KSE-10.0.1\plugins\jakarta.xml.ws-api_2.3.3.jar;C:\Users\DELL\.katalon\packages\KSE-10.0.1\plugins\javax.xml.soap-api_1.4.0.jar;C:\Users\DELL\.katalon\packages\KSE-10.0.1\plugins\com.atlassian.oai.swagger-request-validator-core_2.38.0.jar;C:\Users\DELL\.katalon\packages\KSE-10.0.1\plugins\io.swagger.compat-spec-parser_1.0.67.jar;C:\Users\DELL\.katalon\packages\KSE-10.0.1\plugins\io.swagger.core.v3.swagger-annotations_2.2.14.jar;C:\Users\DELL\.katalon\packages\KSE-10.0.1\plugins\io.swagger.core.v3.swagger-core_2.2.14.jar;C:\Users\DELL\.katalon\packages\KSE-10.0.1\plugins\io.swagger.core.v3.swagger-models_2.2.14.jar;C:\Users\DELL\.katalon\packages\KSE-10.0.1\plugins\io.swagger.parser.v3.swagger-parser-core_2.1.16.jar;C:\Users\DELL\.katalon\packages\KSE-10.0.1\plugins\io.swagger.parser.v3.swagger-parser-v2-converter_2.1.16.jar;C:\Users\DELL\.katalon\packages\KSE-10.0.1\plugins\com.github.java-json-tools.btf_1.3.0.jar;C:\Users\DELL\.katalon\packages\KSE-10.0.1\plugins\com.fasterxml.jackson.dataformat.jackson-dataformat-yaml_2.17.1.jar;C:\Users\DELL\.katalon\packages\KSE-10.0.1\plugins\org.yaml.snakeyaml_2.2.0.jar;C:\Users\DELL\.katalon\packages\KSE-10.0.1\plugins\com.github.java-json-tools.msg-simple_1.2.0.jar;C:\Users\DELL\.katalon\packages\KSE-10.0.1\plugins\jackson-core-asl_1.9.13.jar;C:\Users\DELL\.katalon\packages\KSE-10.0.1\plugins\joda-time_2.10.5.jar;C:\Users\DELL\.katalon\packages\KSE-10.0.1\plugins\javax.mail-api_1.6.2.jar;C:\Users\DELL\.katalon\packages\KSE-10.0.1\plugins\com.googlecode.libphonenumber_8.11.1.jar;C:\Users\DELL\.katalon\packages\KSE-10.0.1\plugins\com.google.guava.failureaccess_1.0.1.jar;C:\Users\DELL\.katalon\packages\KSE-10.0.1\plugins\io.swagger.parser.v3.swagger-parser_2.1.16.jar;C:\Users\DELL\.katalon\packages\KSE-10.0.1\plugins\io.swagger.parser.v3.swagger-parser-v3_2.1.16.jar;C:\Users\DELL\.katalon\packages\KSE-10.0.1\plugins\io.swagger.parser_1.0.67.jar;C:\Users\DELL\.katalon\packages\KSE-10.0.1\plugins\com.narupley.not-going-to-be-commons-ssl_0.3.20.jar;C:\Users\DELL\.katalon\packages\KSE-10.0.1\plugins\com.kms.katalon.core.windows_1.0.0.202412050416.jar;C:\Users\DELL\.katalon\packages\KSE-10.0.1\plugins\com.sun.jna_5.13.0.jar;C:\Users\DELL\.katalon\packages\KSE-10.0.1\plugins\com.sun.jna.platform_5.13.0.jar;C:\Users\DELL\.katalon\packages\KSE-10.0.1\plugins\com.kms.katalon.core.testng_1.0.0.202412050416.jar;C:\Users\DELL\.katalon\packages\KSE-10.0.1\configuration\org.eclipse.osgi\34\0\.cp\resources\basic-report\katalon-studio-report-plugin.jar;C:\Users\DELL\.katalon\packages\KSE-10.0.1\plugins\org.codehaus.groovy_3.0.17.v202303311542-e2303\lib\groovy-3.0.17-indy.jar;C:\Users\DELL\.katalon\packages\KSE-10.0.1\plugins\org.codehaus.groovy_3.0.17.v202303311542-e2303\lib\ivy-2.5.1.jar --main groovy.ui.GroovyMain --encoding UTF-8 --indy C:\Users\DELL\Katalon Studio\katalon\Libs\TempTestSuite1735619406060.groovy

Host: 12th Gen Intel(R) Core(TM) i5-1235U, 12 cores, 7G,  Windows 11 , 64 bit Build 22621 (10.0.22621.3958)
Time: Tue Dec 31 11:30:20 2024 SE Asia Standard Time elapsed time: 1.974665 seconds (0d 0h 0m 1s)

---------------  T H R E A D  ---------------

Current thread (0x0000021af5a3de00):  JavaThread "C2 CompilerThread0" daemon [_thread_in_native, id=9800, stack(0x000000a376a00000,0x000000a376b00000)]


Current CompileTask:
C2:   1974  659       4       java.util.jar.JarFile::getEntry (35 bytes)

Stack: [0x000000a376a00000,0x000000a376b00000]
Native frames: (J=compiled Java code, j=interpreted, Vv=VM code, C=native code)
V  [jvm.dll+0x67754a]
V  [jvm.dll+0x834304]
V  [jvm.dll+0x835aae]
V  [jvm.dll+0x836113]
V  [jvm.dll+0x24696f]
V  [jvm.dll+0xac0ac]
V  [jvm.dll+0xac67c]
V  [jvm.dll+0x364e37]
V  [jvm.dll+0x1bcc02]
V  [jvm.dll+0x219799]
V  [jvm.dll+0x218a61]
V  [jvm.dll+0x1a4d8d]
V  [jvm.dll+0x2284da]
V  [jvm.dll+0x226615]
V  [jvm.dll+0x7ea90b]
V  [jvm.dll+0x7e4e7a]
V  [jvm.dll+0x676395]
C  [ucrtbase.dll+0x29333]
C  [KERNEL32.DLL+0x1257d]
C  [ntdll.dll+0x5af28]


---------------  P R O C E S S  ---------------

Threads class SMR info:
_java_thread_list=0x0000021afacbb460, length=12, elements={
0x0000021adb7ee870, 0x0000021afa063900, 0x0000021afa064f80, 0x0000021af5a3ad00,
0x0000021af5a3ba10, 0x0000021af5a3c5c0, 0x0000021af5a3d070, 0x0000021af5a3de00,
0x0000021afa116ce0, 0x0000021afa11f2d0, 0x0000021afa2308c0, 0x0000021afb0b18a0
}

Java Threads: ( => current thread )
  0x0000021adb7ee870 JavaThread "main" [_thread_in_Java, id=9708, stack(0x000000a375d00000,0x000000a375e00000)]
  0x0000021afa063900 JavaThread "Reference Handler" daemon [_thread_blocked, id=9444, stack(0x000000a376400000,0x000000a376500000)]
  0x0000021afa064f80 JavaThread "Finalizer" daemon [_thread_blocked, id=23196, stack(0x000000a376500000,0x000000a376600000)]
  0x0000021af5a3ad00 JavaThread "Signal Dispatcher" daemon [_thread_blocked, id=22428, stack(0x000000a376600000,0x000000a376700000)]
  0x0000021af5a3ba10 JavaThread "Attach Listener" daemon [_thread_blocked, id=19256, stack(0x000000a376700000,0x000000a376800000)]
  0x0000021af5a3c5c0 JavaThread "Service Thread" daemon [_thread_blocked, id=22512, stack(0x000000a376800000,0x000000a376900000)]
  0x0000021af5a3d070 JavaThread "Monitor Deflation Thread" daemon [_thread_blocked, id=9988, stack(0x000000a376900000,0x000000a376a00000)]
=>0x0000021af5a3de00 JavaThread "C2 CompilerThread0" daemon [_thread_in_native, id=9800, stack(0x000000a376a00000,0x000000a376b00000)]
  0x0000021afa116ce0 JavaThread "C1 CompilerThread0" daemon [_thread_blocked, id=12556, stack(0x000000a376b00000,0x000000a376c00000)]
  0x0000021afa11f2d0 JavaThread "Sweeper thread" daemon [_thread_blocked, id=4704, stack(0x000000a376c00000,0x000000a376d00000)]
  0x0000021afa2308c0 JavaThread "Common-Cleaner" daemon [_thread_blocked, id=13112, stack(0x000000a376d00000,0x000000a376e00000)]
  0x0000021afb0b18a0 JavaThread "Notification Thread" daemon [_thread_blocked, id=22400, stack(0x000000a376e00000,0x000000a376f00000)]

Other Threads:
  0x0000021afa05fdd0 VMThread "VM Thread" [stack: 0x000000a376300000,0x000000a376400000] [id=12068]
  0x0000021af5845a80 WatcherThread [stack: 0x000000a376f00000,0x000000a377000000] [id=5032]
  0x0000021adb84be20 GCTaskThread "GC Thread#0" [stack: 0x000000a375e00000,0x000000a375f00000] [id=20708]
  0x0000021afb036ea0 GCTaskThread "GC Thread#1" [stack: 0x000000a377000000,0x000000a377100000] [id=22700]
  0x0000021afaf27d30 GCTaskThread "GC Thread#2" [stack: 0x000000a377100000,0x000000a377200000] [id=20792]
  0x0000021adb85cd60 ConcurrentGCThread "G1 Main Marker" [stack: 0x000000a375f00000,0x000000a376000000] [id=10988]
  0x0000021adb85d770 ConcurrentGCThread "G1 Conc#0" [stack: 0x000000a376000000,0x000000a376100000] [id=23340]
  0x0000021af58f2c00 ConcurrentGCThread "G1 Refine#0" [stack: 0x000000a376100000,0x000000a376200000] [id=21324]
  0x0000021af58f3620 ConcurrentGCThread "G1 Service" [stack: 0x000000a376200000,0x000000a376300000] [id=4740]

Threads with active compile tasks:
C2 CompilerThread0     2015  659       4       java.util.jar.JarFile::getEntry (35 bytes)

VM state: not at safepoint (normal execution)

VM Mutex/Monitor currently owned by a thread: None

Heap address: 0x0000000080000000, size: 2048 MB, Compressed Oops mode: 32-bit

CDS archive(s) not mapped
Compressed class space mapped at: 0x0000000100000000-0x0000000140000000, reserved size: 1073741824
Narrow klass base: 0x0000000000000000, Narrow klass shift: 3, Narrow klass range: 0x140000000

GC Precious Log:
 CPUs: 12 total, 12 available
 Memory: 7876M
 Large Page Support: Disabled
 NUMA Support: Disabled
 Compressed Oops: Enabled (32-bit)
 Heap Region Size: 1M
 Heap Min Capacity: 8M
 Heap Initial Capacity: 124M
 Heap Max Capacity: 2G
 Pre-touch: Disabled
 Parallel Workers: 10
 Concurrent Workers: 3
 Concurrent Refinement Workers: 10
 Periodic GC: Disabled

Heap:
 garbage-first heap   total 126976K, used 23466K [0x0000000080000000, 0x0000000100000000)
  region size 1024K, 10 young (10240K), 3 survivors (3072K)
 Metaspace       used 7560K, committed 7680K, reserved 1114112K
  class space    used 606K, committed 640K, reserved 1048576K

Heap Regions: E=young(eden), S=young(survivor), O=old, HS=humongous(starts), HC=humongous(continues), CS=collection set, F=free, OA=open archive, CA=closed archive, TAMS=top-at-mark-start (previous, next)
|   0|0x0000000080000000, 0x0000000080100000, 0x0000000080100000|100%|HS|  |TAMS 0x0000000080000000, 0x0000000080000000| Complete 
|   1|0x0000000080100000, 0x0000000080200000, 0x0000000080200000|100%|HS|  |TAMS 0x0000000080100000, 0x0000000080100000| Complete 
|   2|0x0000000080200000, 0x0000000080300000, 0x0000000080300000|100%|HC|  |TAMS 0x0000000080200000, 0x0000000080200000| Complete 
|   3|0x0000000080300000, 0x0000000080400000, 0x0000000080400000|100%|HC|  |TAMS 0x0000000080300000, 0x0000000080300000| Complete 
|   4|0x0000000080400000, 0x0000000080500000, 0x0000000080500000|100%|HS|  |TAMS 0x0000000080400000, 0x0000000080400000| Complete 
|   5|0x0000000080500000, 0x0000000080600000, 0x0000000080600000|100%| O|  |TAMS 0x0000000080500000, 0x0000000080500000| Untracked 
|   6|0x0000000080600000, 0x0000000080700000, 0x0000000080700000|100%| O|  |TAMS 0x0000000080600000, 0x0000000080600000| Untracked 
|   7|0x0000000080700000, 0x0000000080800000, 0x0000000080800000|100%| O|  |TAMS 0x0000000080700000, 0x0000000080700000| Untracked 
|   8|0x0000000080800000, 0x0000000080900000, 0x0000000080900000|100%| O|  |TAMS 0x0000000080800000, 0x0000000080800000| Untracked 
|   9|0x0000000080900000, 0x0000000080a00000, 0x0000000080a00000|100%| O|  |TAMS 0x0000000080900000, 0x0000000080900000| Untracked 
|  10|0x0000000080a00000, 0x0000000080b00000, 0x0000000080b00000|100%| O|  |TAMS 0x0000000080a00000, 0x0000000080a00000| Untracked 
|  11|0x0000000080b00000, 0x0000000080c00000, 0x0000000080c00000|100%| O|  |TAMS 0x0000000080b00000, 0x0000000080b00000| Untracked 
|  12|0x0000000080c00000, 0x0000000080d00000, 0x0000000080d00000|100%| O|  |TAMS 0x0000000080c00000, 0x0000000080c00000| Untracked 
|  13|0x0000000080d00000, 0x0000000080dea800, 0x0000000080e00000| 91%| O|  |TAMS 0x0000000080d00000, 0x0000000080d00000| Untracked 
|  14|0x0000000080e00000, 0x0000000080e00000, 0x0000000080f00000|  0%| F|  |TAMS 0x0000000080e00000, 0x0000000080e00000| Untracked 
|  15|0x0000000080f00000, 0x0000000080f00000, 0x0000000081000000|  0%| F|  |TAMS 0x0000000080f00000, 0x0000000080f00000| Untracked 
|  16|0x0000000081000000, 0x0000000081000000, 0x0000000081100000|  0%| F|  |TAMS 0x0000000081000000, 0x0000000081000000| Untracked 
|  17|0x0000000081100000, 0x0000000081100000, 0x0000000081200000|  0%| F|  |TAMS 0x0000000081100000, 0x0000000081100000| Untracked 
|  18|0x0000000081200000, 0x0000000081200000, 0x0000000081300000|  0%| F|  |TAMS 0x0000000081200000, 0x0000000081200000| Untracked 
|  19|0x0000000081300000, 0x0000000081300000, 0x0000000081400000|  0%| F|  |TAMS 0x0000000081300000, 0x0000000081300000| Untracked 
|  20|0x0000000081400000, 0x0000000081400000, 0x0000000081500000|  0%| F|  |TAMS 0x0000000081400000, 0x0000000081400000| Untracked 
|  21|0x0000000081500000, 0x0000000081500000, 0x0000000081600000|  0%| F|  |TAMS 0x0000000081500000, 0x0000000081500000| Untracked 
|  22|0x0000000081600000, 0x0000000081600000, 0x0000000081700000|  0%| F|  |TAMS 0x0000000081600000, 0x0000000081600000| Untracked 
|  23|0x0000000081700000, 0x0000000081700000, 0x0000000081800000|  0%| F|  |TAMS 0x0000000081700000, 0x0000000081700000| Untracked 
|  24|0x0000000081800000, 0x0000000081800000, 0x0000000081900000|  0%| F|  |TAMS 0x0000000081800000, 0x0000000081800000| Untracked 
|  25|0x0000000081900000, 0x0000000081900000, 0x0000000081a00000|  0%| F|  |TAMS 0x0000000081900000, 0x0000000081900000| Untracked 
|  26|0x0000000081a00000, 0x0000000081a00000, 0x0000000081b00000|  0%| F|  |TAMS 0x0000000081a00000, 0x0000000081a00000| Untracked 
|  27|0x0000000081b00000, 0x0000000081b00000, 0x0000000081c00000|  0%| F|  |TAMS 0x0000000081b00000, 0x0000000081b00000| Untracked 
|  28|0x0000000081c00000, 0x0000000081c00000, 0x0000000081d00000|  0%| F|  |TAMS 0x0000000081c00000, 0x0000000081c00000| Untracked 
|  29|0x0000000081d00000, 0x0000000081d00000, 0x0000000081e00000|  0%| F|  |TAMS 0x0000000081d00000, 0x0000000081d00000| Untracked 
|  30|0x0000000081e00000, 0x0000000081e00000, 0x0000000081f00000|  0%| F|  |TAMS 0x0000000081e00000, 0x0000000081e00000| Untracked 
|  31|0x0000000081f00000, 0x0000000081f00000, 0x0000000082000000|  0%| F|  |TAMS 0x0000000081f00000, 0x0000000081f00000| Untracked 
|  32|0x0000000082000000, 0x0000000082000000, 0x0000000082100000|  0%| F|  |TAMS 0x0000000082000000, 0x0000000082000000| Untracked 
|  33|0x0000000082100000, 0x0000000082100000, 0x0000000082200000|  0%| F|  |TAMS 0x0000000082100000, 0x0000000082100000| Untracked 
|  34|0x0000000082200000, 0x0000000082200000, 0x0000000082300000|  0%| F|  |TAMS 0x0000000082200000, 0x0000000082200000| Untracked 
|  35|0x0000000082300000, 0x0000000082300000, 0x0000000082400000|  0%| F|  |TAMS 0x0000000082300000, 0x0000000082300000| Untracked 
|  36|0x0000000082400000, 0x0000000082400000, 0x0000000082500000|  0%| F|  |TAMS 0x0000000082400000, 0x0000000082400000| Untracked 
|  37|0x0000000082500000, 0x0000000082500000, 0x0000000082600000|  0%| F|  |TAMS 0x0000000082500000, 0x0000000082500000| Untracked 
|  38|0x0000000082600000, 0x0000000082600000, 0x0000000082700000|  0%| F|  |TAMS 0x0000000082600000, 0x0000000082600000| Untracked 
|  39|0x0000000082700000, 0x0000000082700000, 0x0000000082800000|  0%| F|  |TAMS 0x0000000082700000, 0x0000000082700000| Untracked 
|  40|0x0000000082800000, 0x0000000082800000, 0x0000000082900000|  0%| F|  |TAMS 0x0000000082800000, 0x0000000082800000| Untracked 
|  41|0x0000000082900000, 0x0000000082900000, 0x0000000082a00000|  0%| F|  |TAMS 0x0000000082900000, 0x0000000082900000| Untracked 
|  42|0x0000000082a00000, 0x0000000082a00000, 0x0000000082b00000|  0%| F|  |TAMS 0x0000000082a00000, 0x0000000082a00000| Untracked 
|  43|0x0000000082b00000, 0x0000000082b00000, 0x0000000082c00000|  0%| F|  |TAMS 0x0000000082b00000, 0x0000000082b00000| Untracked 
|  44|0x0000000082c00000, 0x0000000082c00000, 0x0000000082d00000|  0%| F|  |TAMS 0x0000000082c00000, 0x0000000082c00000| Untracked 
|  45|0x0000000082d00000, 0x0000000082d00000, 0x0000000082e00000|  0%| F|  |TAMS 0x0000000082d00000, 0x0000000082d00000| Untracked 
|  46|0x0000000082e00000, 0x0000000082e00000, 0x0000000082f00000|  0%| F|  |TAMS 0x0000000082e00000, 0x0000000082e00000| Untracked 
|  47|0x0000000082f00000, 0x0000000082f00000, 0x0000000083000000|  0%| F|  |TAMS 0x0000000082f00000, 0x0000000082f00000| Untracked 
|  48|0x0000000083000000, 0x0000000083000000, 0x0000000083100000|  0%| F|  |TAMS 0x0000000083000000, 0x0000000083000000| Untracked 
|  49|0x0000000083100000, 0x0000000083100000, 0x0000000083200000|  0%| F|  |TAMS 0x0000000083100000, 0x0000000083100000| Untracked 
|  50|0x0000000083200000, 0x0000000083200000, 0x0000000083300000|  0%| F|  |TAMS 0x0000000083200000, 0x0000000083200000| Untracked 
|  51|0x0000000083300000, 0x0000000083300000, 0x0000000083400000|  0%| F|  |TAMS 0x0000000083300000, 0x0000000083300000| Untracked 
|  52|0x0000000083400000, 0x0000000083400000, 0x0000000083500000|  0%| F|  |TAMS 0x0000000083400000, 0x0000000083400000| Untracked 
|  53|0x0000000083500000, 0x0000000083500000, 0x0000000083600000|  0%| F|  |TAMS 0x0000000083500000, 0x0000000083500000| Untracked 
|  54|0x0000000083600000, 0x0000000083600000, 0x0000000083700000|  0%| F|  |TAMS 0x0000000083600000, 0x0000000083600000| Untracked 
|  55|0x0000000083700000, 0x0000000083700000, 0x0000000083800000|  0%| F|  |TAMS 0x0000000083700000, 0x0000000083700000| Untracked 
|  56|0x0000000083800000, 0x0000000083800000, 0x0000000083900000|  0%| F|  |TAMS 0x0000000083800000, 0x0000000083800000| Untracked 
|  57|0x0000000083900000, 0x0000000083900000, 0x0000000083a00000|  0%| F|  |TAMS 0x0000000083900000, 0x0000000083900000| Untracked 
|  58|0x0000000083a00000, 0x0000000083a00000, 0x0000000083b00000|  0%| F|  |TAMS 0x0000000083a00000, 0x0000000083a00000| Untracked 
|  59|0x0000000083b00000, 0x0000000083b00000, 0x0000000083c00000|  0%| F|  |TAMS 0x0000000083b00000, 0x0000000083b00000| Untracked 
|  60|0x0000000083c00000, 0x0000000083c00000, 0x0000000083d00000|  0%| F|  |TAMS 0x0000000083c00000, 0x0000000083c00000| Untracked 
|  61|0x0000000083d00000, 0x0000000083d00000, 0x0000000083e00000|  0%| F|  |TAMS 0x0000000083d00000, 0x0000000083d00000| Untracked 
|  62|0x0000000083e00000, 0x0000000083e00000, 0x0000000083f00000|  0%| F|  |TAMS 0x0000000083e00000, 0x0000000083e00000| Untracked 
|  63|0x0000000083f00000, 0x0000000083f00000, 0x0000000084000000|  0%| F|  |TAMS 0x0000000083f00000, 0x0000000083f00000| Untracked 
|  64|0x0000000084000000, 0x0000000084000000, 0x0000000084100000|  0%| F|  |TAMS 0x0000000084000000, 0x0000000084000000| Untracked 
|  65|0x0000000084100000, 0x0000000084100000, 0x0000000084200000|  0%| F|  |TAMS 0x0000000084100000, 0x0000000084100000| Untracked 
|  66|0x0000000084200000, 0x0000000084200000, 0x0000000084300000|  0%| F|  |TAMS 0x0000000084200000, 0x0000000084200000| Untracked 
|  67|0x0000000084300000, 0x0000000084300000, 0x0000000084400000|  0%| F|  |TAMS 0x0000000084300000, 0x0000000084300000| Untracked 
|  68|0x0000000084400000, 0x0000000084400000, 0x0000000084500000|  0%| F|  |TAMS 0x0000000084400000, 0x0000000084400000| Untracked 
|  69|0x0000000084500000, 0x0000000084500000, 0x0000000084600000|  0%| F|  |TAMS 0x0000000084500000, 0x0000000084500000| Untracked 
|  70|0x0000000084600000, 0x0000000084600000, 0x0000000084700000|  0%| F|  |TAMS 0x0000000084600000, 0x0000000084600000| Untracked 
|  71|0x0000000084700000, 0x0000000084700000, 0x0000000084800000|  0%| F|  |TAMS 0x0000000084700000, 0x0000000084700000| Untracked 
|  72|0x0000000084800000, 0x0000000084800000, 0x0000000084900000|  0%| F|  |TAMS 0x0000000084800000, 0x0000000084800000| Untracked 
|  73|0x0000000084900000, 0x0000000084900000, 0x0000000084a00000|  0%| F|  |TAMS 0x0000000084900000, 0x0000000084900000| Untracked 
|  74|0x0000000084a00000, 0x0000000084a00000, 0x0000000084b00000|  0%| F|  |TAMS 0x0000000084a00000, 0x0000000084a00000| Untracked 
|  75|0x0000000084b00000, 0x0000000084b00000, 0x0000000084c00000|  0%| F|  |TAMS 0x0000000084b00000, 0x0000000084b00000| Untracked 
|  76|0x0000000084c00000, 0x0000000084c00000, 0x0000000084d00000|  0%| F|  |TAMS 0x0000000084c00000, 0x0000000084c00000| Untracked 
|  77|0x0000000084d00000, 0x0000000084d00000, 0x0000000084e00000|  0%| F|  |TAMS 0x0000000084d00000, 0x0000000084d00000| Untracked 
|  78|0x0000000084e00000, 0x0000000084e00000, 0x0000000084f00000|  0%| F|  |TAMS 0x0000000084e00000, 0x0000000084e00000| Untracked 
|  79|0x0000000084f00000, 0x0000000084f00000, 0x0000000085000000|  0%| F|  |TAMS 0x0000000084f00000, 0x0000000084f00000| Untracked 
|  80|0x0000000085000000, 0x0000000085000000, 0x0000000085100000|  0%| F|  |TAMS 0x0000000085000000, 0x0000000085000000| Untracked 
|  81|0x0000000085100000, 0x0000000085100000, 0x0000000085200000|  0%| F|  |TAMS 0x0000000085100000, 0x0000000085100000| Untracked 
|  82|0x0000000085200000, 0x0000000085200000, 0x0000000085300000|  0%| F|  |TAMS 0x0000000085200000, 0x0000000085200000| Untracked 
|  83|0x0000000085300000, 0x0000000085300000, 0x0000000085400000|  0%| F|  |TAMS 0x0000000085300000, 0x0000000085300000| Untracked 
|  84|0x0000000085400000, 0x0000000085400000, 0x0000000085500000|  0%| F|  |TAMS 0x0000000085400000, 0x0000000085400000| Untracked 
|  85|0x0000000085500000, 0x0000000085500000, 0x0000000085600000|  0%| F|  |TAMS 0x0000000085500000, 0x0000000085500000| Untracked 
|  86|0x0000000085600000, 0x0000000085600000, 0x0000000085700000|  0%| F|  |TAMS 0x0000000085600000, 0x0000000085600000| Untracked 
|  87|0x0000000085700000, 0x0000000085700000, 0x0000000085800000|  0%| F|  |TAMS 0x0000000085700000, 0x0000000085700000| Untracked 
|  88|0x0000000085800000, 0x0000000085800000, 0x0000000085900000|  0%| F|  |TAMS 0x0000000085800000, 0x0000000085800000| Untracked 
|  89|0x0000000085900000, 0x0000000085900000, 0x0000000085a00000|  0%| F|  |TAMS 0x0000000085900000, 0x0000000085900000| Untracked 
|  90|0x0000000085a00000, 0x0000000085a00000, 0x0000000085b00000|  0%| F|  |TAMS 0x0000000085a00000, 0x0000000085a00000| Untracked 
|  91|0x0000000085b00000, 0x0000000085b00000, 0x0000000085c00000|  0%| F|  |TAMS 0x0000000085b00000, 0x0000000085b00000| Untracked 
|  92|0x0000000085c00000, 0x0000000085c00000, 0x0000000085d00000|  0%| F|  |TAMS 0x0000000085c00000, 0x0000000085c00000| Untracked 
|  93|0x0000000085d00000, 0x0000000085d00000, 0x0000000085e00000|  0%| F|  |TAMS 0x0000000085d00000, 0x0000000085d00000| Untracked 
|  94|0x0000000085e00000, 0x0000000085e00000, 0x0000000085f00000|  0%| F|  |TAMS 0x0000000085e00000, 0x0000000085e00000| Untracked 
|  95|0x0000000085f00000, 0x0000000085f00000, 0x0000000086000000|  0%| F|  |TAMS 0x0000000085f00000, 0x0000000085f00000| Untracked 
|  96|0x0000000086000000, 0x0000000086000000, 0x0000000086100000|  0%| F|  |TAMS 0x0000000086000000, 0x0000000086000000| Untracked 
|  97|0x0000000086100000, 0x0000000086100000, 0x0000000086200000|  0%| F|  |TAMS 0x0000000086100000, 0x0000000086100000| Untracked 
|  98|0x0000000086200000, 0x0000000086300000, 0x0000000086300000|100%| S|CS|TAMS 0x0000000086200000, 0x0000000086200000| Complete 
|  99|0x0000000086300000, 0x0000000086400000, 0x0000000086400000|100%| S|CS|TAMS 0x0000000086300000, 0x0000000086300000| Complete 
| 100|0x0000000086400000, 0x0000000086500000, 0x0000000086500000|100%| S|CS|TAMS 0x0000000086400000, 0x0000000086400000| Complete 
| 101|0x0000000086500000, 0x0000000086500000, 0x0000000086600000|  0%| F|  |TAMS 0x0000000086500000, 0x0000000086500000| Untracked 
| 102|0x0000000086600000, 0x0000000086600000, 0x0000000086700000|  0%| F|  |TAMS 0x0000000086600000, 0x0000000086600000| Untracked 
| 103|0x0000000086700000, 0x0000000086700000, 0x0000000086800000|  0%| F|  |TAMS 0x0000000086700000, 0x0000000086700000| Untracked 
| 104|0x0000000086800000, 0x0000000086800000, 0x0000000086900000|  0%| F|  |TAMS 0x0000000086800000, 0x0000000086800000| Untracked 
| 105|0x0000000086900000, 0x0000000086900000, 0x0000000086a00000|  0%| F|  |TAMS 0x0000000086900000, 0x0000000086900000| Untracked 
| 106|0x0000000086a00000, 0x0000000086a00000, 0x0000000086b00000|  0%| F|  |TAMS 0x0000000086a00000, 0x0000000086a00000| Untracked 
| 107|0x0000000086b00000, 0x0000000086b00000, 0x0000000086c00000|  0%| F|  |TAMS 0x0000000086b00000, 0x0000000086b00000| Untracked 
| 108|0x0000000086c00000, 0x0000000086c00000, 0x0000000086d00000|  0%| F|  |TAMS 0x0000000086c00000, 0x0000000086c00000| Untracked 
| 109|0x0000000086d00000, 0x0000000086d00000, 0x0000000086e00000|  0%| F|  |TAMS 0x0000000086d00000, 0x0000000086d00000| Untracked 
| 110|0x0000000086e00000, 0x0000000086e00000, 0x0000000086f00000|  0%| F|  |TAMS 0x0000000086e00000, 0x0000000086e00000| Untracked 
| 111|0x0000000086f00000, 0x0000000086f00000, 0x0000000087000000|  0%| F|  |TAMS 0x0000000086f00000, 0x0000000086f00000| Untracked 
| 112|0x0000000087000000, 0x0000000087000000, 0x0000000087100000|  0%| F|  |TAMS 0x0000000087000000, 0x0000000087000000| Untracked 
| 113|0x0000000087100000, 0x0000000087100000, 0x0000000087200000|  0%| F|  |TAMS 0x0000000087100000, 0x0000000087100000| Untracked 
| 114|0x0000000087200000, 0x0000000087200000, 0x0000000087300000|  0%| F|  |TAMS 0x0000000087200000, 0x0000000087200000| Untracked 
| 115|0x0000000087300000, 0x0000000087300000, 0x0000000087400000|  0%| F|  |TAMS 0x0000000087300000, 0x0000000087300000| Untracked 
| 116|0x0000000087400000, 0x0000000087400000, 0x0000000087500000|  0%| F|  |TAMS 0x0000000087400000, 0x0000000087400000| Untracked 
| 117|0x0000000087500000, 0x0000000087557990, 0x0000000087600000| 34%| E|  |TAMS 0x0000000087500000, 0x0000000087500000| Complete 
| 118|0x0000000087600000, 0x0000000087700000, 0x0000000087700000|100%| E|CS|TAMS 0x0000000087600000, 0x0000000087600000| Complete 
| 119|0x0000000087700000, 0x0000000087800000, 0x0000000087800000|100%| E|CS|TAMS 0x0000000087700000, 0x0000000087700000| Complete 
| 120|0x0000000087800000, 0x0000000087900000, 0x0000000087900000|100%| E|CS|TAMS 0x0000000087800000, 0x0000000087800000| Complete 
| 121|0x0000000087900000, 0x0000000087a00000, 0x0000000087a00000|100%| E|CS|TAMS 0x0000000087900000, 0x0000000087900000| Complete 
| 122|0x0000000087a00000, 0x0000000087b00000, 0x0000000087b00000|100%| E|CS|TAMS 0x0000000087a00000, 0x0000000087a00000| Complete 
| 123|0x0000000087b00000, 0x0000000087c00000, 0x0000000087c00000|100%| E|CS|TAMS 0x0000000087b00000, 0x0000000087b00000| Complete 

Card table byte_map: [0x0000021aee7c0000,0x0000021aeebc0000] _byte_map_base: 0x0000021aee3c0000

Marking Bits (Prev, Next): (CMBitMap*) 0x0000021adb84c430, (CMBitMap*) 0x0000021adb84c470
 Prev Bits: [0x0000021aeefc0000, 0x0000021af0fc0000)
 Next Bits: [0x0000021af0fc0000, 0x0000021af2fc0000)

Polling page: 0x0000021ad9720000

Metaspace:

Usage:
  Non-class:      6.86 MB used.
      Class:    612.95 KB used.
       Both:      7.46 MB used.

Virtual space:
  Non-class space:       64.00 MB reserved,       6.94 MB ( 11%) committed,  1 nodes.
      Class space:        1.00 GB reserved,     640.00 KB ( <1%) committed,  1 nodes.
             Both:        1.06 GB reserved,       7.56 MB ( <1%) committed. 

Chunk freelists:
   Non-Class:  8.61 MB
       Class:  15.19 MB
        Both:  23.80 MB

MaxMetaspaceSize: unlimited
CompressedClassSpaceSize: 1.00 GB
Initial GC threshold: 21.00 MB
Current GC threshold: 21.00 MB
CDS: off
MetaspaceReclaimPolicy: balanced
 - commit_granule_bytes: 65536.
 - commit_granule_words: 8192.
 - virtual_space_node_default_size: 8388608.
 - enlarge_chunks_in_place: 1.
 - new_chunks_are_fully_committed: 0.
 - uncommit_free_chunks: 1.
 - use_allocation_guard: 0.
 - handle_deallocations: 1.


Internal statistics:

num_allocs_failed_limit: 0.
num_arena_births: 34.
num_arena_deaths: 0.
num_vsnodes_births: 2.
num_vsnodes_deaths: 0.
num_space_committed: 121.
num_space_uncommitted: 0.
num_chunks_returned_to_freelist: 0.
num_chunks_taken_from_freelist: 86.
num_chunk_merges: 0.
num_chunk_splits: 52.
num_chunks_enlarged: 32.
num_inconsistent_stats: 0.

CodeHeap 'non-profiled nmethods': size=120000Kb used=264Kb max_used=264Kb free=119735Kb
 bounds [0x0000021ae6940000, 0x0000021ae6bb0000, 0x0000021aede70000]
CodeHeap 'profiled nmethods': size=120000Kb used=1362Kb max_used=1362Kb free=118637Kb
 bounds [0x0000021adee70000, 0x0000021adf0e0000, 0x0000021ae63a0000]
CodeHeap 'non-nmethods': size=5760Kb used=1439Kb max_used=1456Kb free=4321Kb
 bounds [0x0000021ae63a0000, 0x0000021ae6610000, 0x0000021ae6940000]
 total_blobs=1157 nmethods=693 adapters=377
 compilation: enabled
              stopped_count=0, restarted_count=0
 full_count=0

Compilation events (20 events):
Event: 1.806 Thread 0x0000021afa116ce0  691       3       java.lang.ClassLoader::findLoadedClass (15 bytes)
Event: 1.807 Thread 0x0000021afa116ce0 nmethod 691 0x0000021adefbed10 code [0x0000021adefbeec0, 0x0000021adefbf0b8]
Event: 1.834 Thread 0x0000021afa116ce0  693       3       jdk.internal.loader.URLClassPath::getResource (74 bytes)
Event: 1.834 Thread 0x0000021afa116ce0 nmethod 693 0x0000021adefbf190 code [0x0000021adefbf360, 0x0000021adefbf6b8]
Event: 1.845 Thread 0x0000021afa116ce0  694       1       java.security.CodeSource::getLocation (5 bytes)
Event: 1.845 Thread 0x0000021afa116ce0 nmethod 694 0x0000021ae6981a90 code [0x0000021ae6981c20, 0x0000021ae6981cf8]
Event: 1.860 Thread 0x0000021afa116ce0  696       3       java.lang.StringConcatHelper::initialCoder (14 bytes)
Event: 1.861 Thread 0x0000021afa116ce0 nmethod 696 0x0000021adefbf810 code [0x0000021adefbf9a0, 0x0000021adefbfab8]
Event: 1.861 Thread 0x0000021afa116ce0  697       3       java.lang.String::concat (15 bytes)
Event: 1.866 Thread 0x0000021afa116ce0 nmethod 697 0x0000021adefbfb10 code [0x0000021adefbfe60, 0x0000021adefc13a8]
Event: 1.866 Thread 0x0000021afa116ce0  698       3       java.lang.StringConcatHelper::simpleConcat (94 bytes)
Event: 1.869 Thread 0x0000021afa116ce0 nmethod 698 0x0000021adefc1b10 code [0x0000021adefc1e60, 0x0000021adefc3348]
Event: 1.953 Thread 0x0000021afa116ce0  699       1       java.lang.Class::getModule (5 bytes)
Event: 1.953 Thread 0x0000021afa116ce0 nmethod 699 0x0000021ae6981d90 code [0x0000021ae6981f20, 0x0000021ae6981ff8]
Event: 1.956 Thread 0x0000021afa116ce0  700       3       java.util.jar.JarFile::maybeInstantiateVerifier (42 bytes)
Event: 1.956 Thread 0x0000021afa116ce0 nmethod 700 0x0000021adefc3a90 code [0x0000021adefc3c60, 0x0000021adefc3fd8]
Event: 1.962 Thread 0x0000021afa116ce0  701       3       java.util.LinkedList::<init> (10 bytes)
Event: 1.963 Thread 0x0000021afa116ce0 nmethod 701 0x0000021adefc4110 code [0x0000021adefc42c0, 0x0000021adefc4558]
Event: 1.964 Thread 0x0000021afa116ce0  702       1       java.lang.NamedPackage::module (5 bytes)
Event: 1.964 Thread 0x0000021afa116ce0 nmethod 702 0x0000021ae6982090 code [0x0000021ae6982220, 0x0000021ae69822f8]

GC Heap History (2 events):
Event: 1.428 GC heap before
{Heap before GC invocations=0 (full 0):
 garbage-first heap   total 126976K, used 27648K [0x0000000080000000, 0x0000000100000000)
  region size 1024K, 23 young (23552K), 0 survivors (0K)
 Metaspace       used 6774K, committed 6976K, reserved 1114112K
  class space    used 523K, committed 640K, reserved 1048576K
}
Event: 1.445 GC heap after
{Heap after GC invocations=1 (full 0):
 garbage-first heap   total 126976K, used 17322K [0x0000000080000000, 0x0000000100000000)
  region size 1024K, 3 young (3072K), 3 survivors (3072K)
 Metaspace       used 6774K, committed 6976K, reserved 1114112K
  class space    used 523K, committed 640K, reserved 1048576K
}

Dll operation events (5 events):
Event: 0.021 Loaded shared library C:\Users\DELL\.katalon\packages\KSE-10.0.1\jre\bin\java.dll
Event: 0.567 Loaded shared library C:\Users\DELL\.katalon\packages\KSE-10.0.1\jre\bin\net.dll
Event: 0.591 Loaded shared library C:\Users\DELL\.katalon\packages\KSE-10.0.1\jre\bin\nio.dll
Event: 0.610 Loaded shared library C:\Users\DELL\.katalon\packages\KSE-10.0.1\jre\bin\zip.dll
Event: 1.680 Loaded shared library C:\Users\DELL\.katalon\packages\KSE-10.0.1\jre\bin\verify.dll

Deoptimization events (20 events):
Event: 1.194 Thread 0x0000021adb7ee870 DEOPT PACKING pc=0x0000021ae69415f4 sp=0x000000a375dfef00
Event: 1.194 Thread 0x0000021adb7ee870 DEOPT UNPACKING pc=0x0000021ae63f69a3 sp=0x000000a375dfee40 mode 2
Event: 1.198 Thread 0x0000021adb7ee870 DEOPT PACKING pc=0x0000021adeefbed6 sp=0x000000a375dff150
Event: 1.198 Thread 0x0000021adb7ee870 DEOPT UNPACKING pc=0x0000021ae63f7143 sp=0x000000a375dfe5d8 mode 0
Event: 1.268 Thread 0x0000021adb7ee870 DEOPT PACKING pc=0x0000021adee7dae5 sp=0x000000a375dfd560
Event: 1.268 Thread 0x0000021adb7ee870 DEOPT UNPACKING pc=0x0000021ae63f7143 sp=0x000000a375dfc9b0 mode 0
Event: 1.393 Thread 0x0000021adb7ee870 DEOPT PACKING pc=0x0000021adeeb2b5a sp=0x000000a375dfe530
Event: 1.393 Thread 0x0000021adb7ee870 DEOPT UNPACKING pc=0x0000021ae63f7143 sp=0x000000a375dfd9f0 mode 0
Event: 1.410 Thread 0x0000021adb7ee870 Uncommon trap: trap_request=0xffffff3d fr.pc=0x0000021ae6967b30 relative=0x0000000000001c30
Event: 1.411 Thread 0x0000021adb7ee870 Uncommon trap: reason=unstable_fused_if action=reinterpret pc=0x0000021ae6967b30 method=java.io.WinNTFileSystem.isLetter(C)Z @ 3 c2
Event: 1.411 Thread 0x0000021adb7ee870 DEOPT PACKING pc=0x0000021ae6967b30 sp=0x000000a375dfe860
Event: 1.411 Thread 0x0000021adb7ee870 DEOPT UNPACKING pc=0x0000021ae63f69a3 sp=0x000000a375dfe6b8 mode 2
Event: 1.524 Thread 0x0000021adb7ee870 DEOPT PACKING pc=0x0000021adee7dae5 sp=0x000000a375dfe6b0
Event: 1.524 Thread 0x0000021adb7ee870 DEOPT UNPACKING pc=0x0000021ae63f7143 sp=0x000000a375dfdb00 mode 0
Event: 1.529 Thread 0x0000021adb7ee870 DEOPT PACKING pc=0x0000021adef0c12d sp=0x000000a375dfe740
Event: 1.529 Thread 0x0000021adb7ee870 DEOPT UNPACKING pc=0x0000021ae63f7143 sp=0x000000a375dfdbd8 mode 0
Event: 1.529 Thread 0x0000021adb7ee870 DEOPT PACKING pc=0x0000021adef0c12d sp=0x000000a375dfe740
Event: 1.529 Thread 0x0000021adb7ee870 DEOPT UNPACKING pc=0x0000021ae63f7143 sp=0x000000a375dfdbd8 mode 0
Event: 1.551 Thread 0x0000021adb7ee870 DEOPT PACKING pc=0x0000021adee7dae5 sp=0x000000a375dfa930
Event: 1.551 Thread 0x0000021adb7ee870 DEOPT UNPACKING pc=0x0000021ae63f7143 sp=0x000000a375df9d80 mode 0

Classes unloaded (0 events):
No events

Classes redefined (0 events):
No events

Internal exceptions (3 events):
Event: 1.317 Thread 0x0000021adb7ee870 Exception <a 'java/lang/NoSuchMethodError'{0x00000000868bcb40}: 'java.lang.Object java.lang.invoke.DirectMethodHandle$Holder.invokeStatic(java.lang.Object, java.lang.Object, int)'> (0x00000000868bcb40) 
thrown [s\src\hotspot\share\interpreter\linkResolver.cpp, line 759]
Event: 1.324 Thread 0x0000021adb7ee870 Exception <a 'java/lang/NoSuchMethodError'{0x00000000868c9090}: 'void java.lang.invoke.DelegatingMethodHandle$Holder.delegate(java.lang.Object, java.lang.Object, int, java.lang.Object)'> (0x00000000868c9090) 
thrown [s\src\hotspot\share\interpreter\linkResolver.cpp, line 759]
Event: 1.325 Thread 0x0000021adb7ee870 Exception <a 'java/lang/NoSuchMethodError'{0x00000000868cd2d0}: 'int java.lang.invoke.DirectMethodHandle$Holder.invokeSpecial(java.lang.Object, java.lang.Object, java.lang.Object)'> (0x00000000868cd2d0) 
thrown [s\src\hotspot\share\interpreter\linkResolver.cpp, line 759]

VM Operations (8 events):
Event: 0.636 Executing VM operation: HandshakeAllThreads
Event: 0.636 Executing VM operation: HandshakeAllThreads done
Event: 1.316 Executing VM operation: HandshakeAllThreads
Event: 1.316 Executing VM operation: HandshakeAllThreads done
Event: 1.316 Executing VM operation: Cleanup
Event: 1.316 Executing VM operation: Cleanup done
Event: 1.428 Executing VM operation: G1CollectForAllocation
Event: 1.445 Executing VM operation: G1CollectForAllocation done

Events (20 events):
Event: 1.658 loading class java/util/regex/Pattern$Start done
Event: 1.658 loading class java/util/regex/Pattern$StartS done
Event: 1.658 loading class java/util/regex/Pattern$TreeInfo
Event: 1.658 loading class java/util/regex/Pattern$TreeInfo done
Event: 1.706 loading class java/io/StringWriter
Event: 1.706 loading class java/io/StringWriter done
Event: 1.757 loading class java/lang/reflect/InvocationTargetException
Event: 1.757 loading class java/lang/reflect/InvocationTargetException done
Event: 1.771 loading class java/util/IllegalFormatException
Event: 1.771 loading class java/util/IllegalFormatException done
Event: 1.788 loading class java/lang/IllegalAccessException
Event: 1.788 loading class java/lang/IllegalAccessException done
Event: 1.805 loading class java/util/concurrent/Callable
Event: 1.805 loading class java/util/concurrent/Callable done
Event: 1.813 loading class java/lang/CloneNotSupportedException
Event: 1.813 loading class java/lang/CloneNotSupportedException done
Event: 1.946 loading class java/lang/InstantiationException
Event: 1.947 loading class java/lang/InstantiationException done
Event: 1.957 loading class java/util/EventListener
Event: 1.957 loading class java/util/EventListener done


Dynamic libraries:
0x00007ff65e1d0000 - 0x00007ff65e1de000 	C:\Users\DELL\.katalon\packages\KSE-10.0.1\jre\bin\javaw.exe
0x00007ffc46430000 - 0x00007ffc46647000 	C:\Windows\SYSTEM32\ntdll.dll
0x00007ffc45fe0000 - 0x00007ffc460a4000 	C:\Windows\System32\KERNEL32.DLL
0x00007ffc43a10000 - 0x00007ffc43dbd000 	C:\Windows\System32\KERNELBASE.dll
0x00007ffc43750000 - 0x00007ffc43861000 	C:\Windows\System32\ucrtbase.dll
0x00007ffc2a750000 - 0x00007ffc2a769000 	C:\Users\DELL\.katalon\packages\KSE-10.0.1\jre\bin\VCRUNTIME140.dll
0x00007ffc2aa00000 - 0x00007ffc2aa17000 	C:\Users\DELL\.katalon\packages\KSE-10.0.1\jre\bin\jli.dll
0x00007ffc44a60000 - 0x00007ffc44c0e000 	C:\Windows\System32\USER32.dll
0x00007ffc43df0000 - 0x00007ffc43e16000 	C:\Windows\System32\win32u.dll
0x00007ffc463c0000 - 0x00007ffc463e9000 	C:\Windows\System32\GDI32.dll
0x00007ffc438f0000 - 0x00007ffc43a09000 	C:\Windows\System32\gdi32full.dll
0x00007ffc44050000 - 0x00007ffc440ea000 	C:\Windows\System32\msvcp_win.dll
0x00007ffc2d310000 - 0x00007ffc2d5a3000 	C:\Windows\WinSxS\amd64_microsoft.windows.common-controls_6595b64144ccf1df_6.0.22621.3672_none_2713b9d173822955\COMCTL32.dll
0x00007ffc46210000 - 0x00007ffc462b7000 	C:\Windows\System32\msvcrt.dll
0x00007ffc45430000 - 0x00007ffc45461000 	C:\Windows\System32\IMM32.DLL
0x00007ffc3ba40000 - 0x00007ffc3ba4c000 	C:\Users\DELL\.katalon\packages\KSE-10.0.1\jre\bin\vcruntime140_1.dll
0x00007ffc1e760000 - 0x00007ffc1e7f1000 	C:\Users\DELL\.katalon\packages\KSE-10.0.1\jre\bin\msvcp140.dll
0x00007ffc00600000 - 0x00007ffc01248000 	C:\Users\DELL\.katalon\packages\KSE-10.0.1\jre\bin\server\jvm.dll
0x00007ffc44d10000 - 0x00007ffc44dc2000 	C:\Windows\System32\ADVAPI32.dll
0x00007ffc44160000 - 0x00007ffc44209000 	C:\Windows\System32\sechost.dll
0x00007ffc43dc0000 - 0x00007ffc43de8000 	C:\Windows\System32\bcrypt.dll
0x00007ffc45e60000 - 0x00007ffc45f74000 	C:\Windows\System32\RPCRT4.dll
0x00007ffc3ba70000 - 0x00007ffc3ba79000 	C:\Windows\SYSTEM32\WSOCK32.dll
0x00007ffc45470000 - 0x00007ffc454e1000 	C:\Windows\System32\WS2_32.dll
0x00007ffc37f60000 - 0x00007ffc37f94000 	C:\Windows\SYSTEM32\WINMM.dll
0x00007ffc28ae0000 - 0x00007ffc28aea000 	C:\Windows\SYSTEM32\VERSION.dll
0x00007ffc427a0000 - 0x00007ffc427b8000 	C:\Windows\SYSTEM32\kernel.appcore.dll
0x00007ffc3ba60000 - 0x00007ffc3ba6a000 	C:\Users\DELL\.katalon\packages\KSE-10.0.1\jre\bin\jimage.dll
0x00007ffc40fb0000 - 0x00007ffc411e2000 	C:\Windows\SYSTEM32\DBGHELP.DLL
0x00007ffc450a0000 - 0x00007ffc4542e000 	C:\Windows\System32\combase.dll
0x00007ffc462c0000 - 0x00007ffc46397000 	C:\Windows\System32\OLEAUT32.dll
0x00007ffc0dfc0000 - 0x00007ffc0dff2000 	C:\Windows\SYSTEM32\dbgcore.DLL
0x00007ffc43870000 - 0x00007ffc438eb000 	C:\Windows\System32\bcryptPrimitives.dll
0x00007ffc3b9c0000 - 0x00007ffc3b9e5000 	C:\Users\DELL\.katalon\packages\KSE-10.0.1\jre\bin\java.dll
0x00007ffc3b9a0000 - 0x00007ffc3b9b8000 	C:\Users\DELL\.katalon\packages\KSE-10.0.1\jre\bin\zip.dll
0x00007ffc455f0000 - 0x00007ffc45e57000 	C:\Windows\System32\SHELL32.dll
0x00007ffc416d0000 - 0x00007ffc41fcf000 	C:\Windows\SYSTEM32\windows.storage.dll
0x00007ffc41590000 - 0x00007ffc416cf000 	C:\Windows\SYSTEM32\wintypes.dll
0x00007ffc44c10000 - 0x00007ffc44d09000 	C:\Windows\System32\SHCORE.dll
0x00007ffc45f80000 - 0x00007ffc45fde000 	C:\Windows\System32\shlwapi.dll
0x00007ffc43680000 - 0x00007ffc436a7000 	C:\Windows\SYSTEM32\profapi.dll
0x00007ffc3b980000 - 0x00007ffc3b999000 	C:\Users\DELL\.katalon\packages\KSE-10.0.1\jre\bin\net.dll
0x00007ffc3a910000 - 0x00007ffc3aa46000 	C:\Windows\SYSTEM32\WINHTTP.dll
0x00007ffc42c10000 - 0x00007ffc42c79000 	C:\Windows\system32\mswsock.dll
0x00007ffc3b960000 - 0x00007ffc3b975000 	C:\Users\DELL\.katalon\packages\KSE-10.0.1\jre\bin\nio.dll
0x00007ffc3b950000 - 0x00007ffc3b960000 	C:\Users\DELL\.katalon\packages\KSE-10.0.1\jre\bin\verify.dll

dbghelp: loaded successfully - version: 4.0.5 - missing functions: none
symbol engine: initialized successfully - sym options: 0x614 - pdb path: .;C:\Users\DELL\.katalon\packages\KSE-10.0.1\jre\bin;C:\Windows\SYSTEM32;C:\Windows\WinSxS\amd64_microsoft.windows.common-controls_6595b64144ccf1df_6.0.22621.3672_none_2713b9d173822955;C:\Users\DELL\.katalon\packages\KSE-10.0.1\jre\bin\server

VM Arguments:
jvm_args: -Dgroovy.home=C:\Users\DELL/.groovy -Djava.system.class.loader=groovy.lang.GroovyClassLoader -Xmx2048m -Dfile.encoding=UTF-8 -XX:+ShowCodeDetailsInExceptionMessages 
java_command: org.codehaus.groovy.tools.GroovyStarter --classpath C:\Users\DELL\Katalon Studio\katalon\bin\keyword;C:\Users\DELL\Katalon Studio\katalon\Keywords;C:\Users\DELL\Katalon Studio\katalon\bin\listener;C:\Users\DELL\Katalon Studio\katalon\Test Listeners;C:\Users\DELL\Katalon Studio\katalon\bin\lib;C:\Users\DELL\Katalon Studio\katalon\Libs;C:\Users\DELL\Katalon Studio\katalon\bin\groovy;C:\Users\DELL\Katalon Studio\katalon\Include\scripts\groovy;C:\Users\DELL\.katalon\packages\KSE-10.0.1\plugins\com.kms.katalon.core_1.0.0.202412050416.jar;C:\Users\DELL\.katalon\packages\KSE-10.0.1\configuration\resources\lib\aalto-xml-1.0.0.jar;C:\Users\DELL\.katalon\packages\KSE-10.0.1\configuration\resources\lib\aspectjweaver-1.9.1.jar;C:\Users\DELL\.katalon\packages\KSE-10.0.1\configuration\resources\lib\aws-2.20.3-fat.jar;C:\Users\DELL\.katalon\packages\KSE-10.0.1\configuration\resources\lib\bcpkix-jdk15on-1.64.jar;C:\Users\DELL\.katalon\packages\KSE-10.0.1\configuration\resources\lib\bcprov-jdk15on-1.64.jar;C:\Users\DELL\.katalon\packages\KSE-10.0.1\configuration\resources\lib\browsermob-core-2.1.5.jar;C:\Users\DELL\.katalon\packages\KSE-10.0.1\configuration\resources\lib\byte-buddy-1.14.3.jar;C:\Users\DELL\.katalon\packages\KSE-10.0.1\configuration\resources\lib\byte-buddy-agent-1.14.3.jar;C:\Users\DELL\.katalon\packages\KSE-10.0.1\configuration\resources\lib\cglib-3.2.10.jar;C:\Users\DELL\.katalon\packages\KSE-10.0.1\configuration\resources\lib\commons-codec-1.10.jar;C:\Users\DELL\.katalon\packages\KSE-10.0.1\configuration\resources\lib\commons-collections4-4.1.jar;C:\Users\DELL\.katalon\packages\KSE-10.0.1\configuration\resources\lib\commons-validator-1.6.jar;C:\Users\DELL\.katalon\packages\KSE-10.0.1\configuration\resources\lib\curvesapi-1.04.jar;C:\Users\DELL\.katalon\packages\KSE-10.0.1\configuration\resources\lib\dnsjava-3.6.2.jar;C:\Users\DELL\.katalon\packages\KSE-10.0.1\configuration\resources\lib\groovy-3.0.17-fat.jar;C:\Users\DELL\.katalon\packages\KSE-10.
java_class_path (initial): C:\Users\DELL\Katalon Studio\katalon\bin\keyword;C:\Users\DELL\Katalon Studio\katalon\bin\listener;C:\Users\DELL\Katalon Studio\katalon\bin\lib;C:\Users\DELL\Katalon Studio\katalon\bin\groovy;C:\Users\DELL\Katalon Studio\katalon\bin;C:\Users\DELL\.katalon\packages\KSE-10.0.1\plugins\com.kms.katalon.core_1.0.0.202412050416.jar;C:\Users\DELL\.katalon\packages\KSE-10.0.1\configuration\resources\lib\aalto-xml-1.0.0.jar;C:\Users\DELL\.katalon\packages\KSE-10.0.1\configuration\resources\lib\aspectjweaver-1.9.1.jar;C:\Users\DELL\.katalon\packages\KSE-10.0.1\configuration\resources\lib\aws-2.20.3-fat.jar;C:\Users\DELL\.katalon\packages\KSE-10.0.1\configuration\resources\lib\bcpkix-jdk15on-1.64.jar;C:\Users\DELL\.katalon\packages\KSE-10.0.1\configuration\resources\lib\bcprov-jdk15on-1.64.jar;C:\Users\DELL\.katalon\packages\KSE-10.0.1\configuration\resources\lib\browsermob-core-2.1.5.jar;C:\Users\DELL\.katalon\packages\KSE-10.0.1\configuration\resources\lib\byte-buddy-1.14.3.jar;C:\Users\DELL\.katalon\packages\KSE-10.0.1\configuration\resources\lib\byte-buddy-agent-1.14.3.jar;C:\Users\DELL\.katalon\packages\KSE-10.0.1\configuration\resources\lib\cglib-3.2.10.jar;C:\Users\DELL\.katalon\packages\KSE-10.0.1\configuration\resources\lib\commons-codec-1.10.jar;C:\Users\DELL\.katalon\packages\KSE-10.0.1\configuration\resources\lib\commons-collections4-4.1.jar;C:\Users\DELL\.katalon\packages\KSE-10.0.1\configuration\resources\lib\commons-validator-1.6.jar;C:\Users\DELL\.katalon\packages\KSE-10.0.1\configuration\resources\lib\curvesapi-1.04.jar;C:\Users\DELL\.katalon\packages\KSE-10.0.1\configuration\resources\lib\dnsjava-3.6.2.jar;C:\Users\DELL\.katalon\packages\KSE-10.0.1\configuration\resources\lib\groovy-3.0.17-fat.jar;C:\Users\DELL\.katalon\packages\KSE-10.0.1\configuration\resources\lib\jackson-coreutils-2.0.jar;C:\Users\DELL\.katalon\packages\KSE-10.0.1\configuration\resources\lib\jackson-coreutils-equivalence-1.0.jar;C:\Users\DELL\.katalon\packages
Launcher Type: SUN_STANDARD

[Global flags]
     intx CICompilerCount                          = 4                                         {product} {ergonomic}
     uint ConcGCThreads                            = 3                                         {product} {ergonomic}
     uint G1ConcRefinementThreads                  = 10                                        {product} {ergonomic}
   size_t G1HeapRegionSize                         = 1048576                                   {product} {ergonomic}
    uintx GCDrainStackTargetSize                   = 64                                        {product} {ergonomic}
   size_t InitialHeapSize                          = 130023424                                 {product} {ergonomic}
   size_t MarkStackSize                            = 4194304                                   {product} {ergonomic}
   size_t MaxHeapSize                              = 2147483648                                {product} {command line}
   size_t MaxNewSize                               = 1287651328                                {product} {ergonomic}
   size_t MinHeapDeltaBytes                        = 1048576                                   {product} {ergonomic}
   size_t MinHeapSize                              = 8388608                                   {product} {ergonomic}
    uintx NonNMethodCodeHeapSize                   = 5839372                                {pd product} {ergonomic}
    uintx NonProfiledCodeHeapSize                  = 122909434                              {pd product} {ergonomic}
    uintx ProfiledCodeHeapSize                     = 122909434                              {pd product} {ergonomic}
    uintx ReservedCodeCacheSize                    = 251658240                              {pd product} {ergonomic}
     bool SegmentedCodeCache                       = true                                      {product} {ergonomic}
     bool ShowCodeDetailsInExceptionMessages       = true                                   {manageable} {command line}
   size_t SoftMaxHeapSize                          = 2147483648                             {manageable} {ergonomic}
     bool UseCompressedClassPointers               = true                           {product lp64_product} {ergonomic}
     bool UseCompressedOops                        = true                           {product lp64_product} {ergonomic}
     bool UseG1GC                                  = true                                      {product} {ergonomic}
     bool UseLargePagesIndividualAllocation        = false                                  {pd product} {ergonomic}

Logging:
Log output configuration:
 #0: stdout all=warning uptime,level,tags
 #1: stderr all=off uptime,level,tags

Environment Variables:
PATH=C:/Users/DELL/.katalon/packages/KSE-10.0.1/jre/bin/server;C:/Users/DELL/.katalon/packages/KSE-10.0.1/jre/bin;C:\ProgramData\Oracle\Java\javapath;C:\Windows\system32;C:\Windows;C:\Windows\System32\Wbem;C:\Windows\System32\WindowsPowerShell\v1.0\;C:\Windows\System32\OpenSSH\;C:\Program Files\dotnet\;C:\Program Files (x86)\Java\jre1.8.0_361\bin;D:\Git\cmd;C:\Program Files\nodejs\;C:\Ampps\php;C:\Program Files\Microsoft SQL Server\Client SDK\ODBC\170\Tools\Binn\;C:\Program Files (x86)\Microsoft SQL Server\150\Tools\Binn\;C:\Program Files\Microsoft SQL Server\150\Tools\Binn\;C:\Program Files\Microsoft SQL Server\150\DTS\Binn\;C:\Program Files\Microsoft SQL Server\120\Tools\Binn\;C:\Program Files\Microsoft SQL Server\Client SDK\ODBC\110\Tools\Binn\;C:\Program Files (x86)\Microsoft SQL Server\120\Tools\Binn\;C:\Program Files\Microsoft SQL Server\120\DTS\Binn\;C:\Program Files (x86)\Microsoft SQL Server\120\Tools\Binn\ManagementStudio\;C:\Program Files (x86)\Microsoft SQL Server\120\DTS\Binn\;C:\xampp;C:\xampp\htdocs;C:\xampp\php;C:\Users\DELL\AppData\Local\Programs\Python\Python311\Scripts\;C:\Users\DELL\AppData\Local\Programs\Python\Python311\;C:\Users\DELL\.console-ninja\.bin;C:\Program Files (x86)\Common Files\Oracle\Java\javapath;C:\ProgramData\Oracle\Java\javapath;C:\Windows\system32;C:\Windows;C:\Windows\System32\Wbem;C:\Windows\System32\WindowsPowerShell\v1.0\;C:\Windows\System32\OpenSSH\;C:\Program Files\dotnet\;C:\Program Files (x86)\Java\jre1.8.0_361\bin;D:\Git\cmd;C:\Program Files\nodejs\;C:\Ampps\php;C:\Program Files\Microsoft SQL Server\130\Tools\Binn\;C:\Program Files\Microsoft SQL Server\Client SDK\ODBC\170\Tools\Binn\;C:\Program Files (x86)\Microsoft SQL Server\150\Tools\Binn\;C:\Program Files\Microsoft SQL Server\150\Tools\Binn\;C:\Program Files\Microsoft SQL Server\150\DTS\Binn\;C:\Program Files\Microsoft SQL Server\120\Tools\Binn\;C:\Program Files\Microsoft SQL Server\Client SDK\ODBC\110\Tools\Binn\;C:\Program Files (x86)\Microsoft SQL Server\120\Tools
USERNAME=DELL
OS=Windows_NT
PROCESSOR_IDENTIFIER=Intel64 Family 6 Model 154 Stepping 4, GenuineIntel
TMP=C:\Users\DELL\AppData\Local\Temp
TEMP=C:\Users\DELL\AppData\Local\Temp



---------------  S Y S T E M  ---------------

OS:
 Windows 11 , 64 bit Build 22621 (10.0.22621.3958)
OS uptime: 0 days 1:43 hours

CPU: total 12 (initial active 12) (12 cores per cpu, 1 threads per core) family 6 model 154 stepping 4 microcode 0x434, cx8, cmov, fxsr, mmx, 3dnowpref, sse, sse2, sse3, ssse3, sse4.1, sse4.2, popcnt, lzcnt, tsc, tscinvbit, avx, avx2, aes, erms, clmul, bmi1, bmi2, adx, sha, fma, vzeroupper, clflush, clflushopt, clwb

Memory: 4k page, system-wide physical 7876M (251M free)
TotalPageFile size 18792M (AvailPageFile size 5M)
current process WorkingSet (physical memory assigned to process): 101M, peak: 103M
current process commit charge ("private bytes"): 238M, peak: 240M

vm_info: OpenJDK 64-Bit Server VM (17.0.7+7) for windows-amd64 JRE (17.0.7+7), built on Apr 18 2023 22:10:42 by "temurin" with MS VC++ 16.7 (VS2019)

END.
