#
# There is insufficient memory for the Java Runtime Environment to continue.
# Native memory allocation (malloc) failed to allocate 1140496 bytes for Chunk::new
# Possible reasons:
#   The system is out of physical RAM or swap space
#   The process is running with CompressedOops enabled, and the Java Heap may be blocking the growth of the native heap
# Possible solutions:
#   Reduce memory load on the system
#   Increase physical memory or swap space
#   Check if swap backing store is full
#   Decrease Java heap size (-Xmx/-Xms)
#   Decrease number of Java threads
#   Decrease Java thread stack sizes (-Xss)
#   Set larger code cache with -XX:ReservedCodeCacheSize=
#   JVM is running with Unscaled Compressed Oops mode in which the Java heap is
#     placed in the first 4GB address space. The Java Heap base address is the
#     maximum limit for the native heap growth. Please use -XX:HeapBaseMinAddress
#     to set the Java Heap base and to place the Java Heap above 4GB virtual address.
# This output file may be truncated or incomplete.
#
#  Out of Memory Error (arena.cpp:189), pid=21184, tid=23184
#
# JRE version: OpenJDK Runtime Environment Temurin-17.0.7+7 (17.0.7+7) (build 17.0.7+7)
# Java VM: OpenJDK 64-Bit Server VM Temurin-17.0.7+7 (17.0.7+7, mixed mode, tiered, compressed oops, compressed class ptrs, g1 gc, windows-amd64)
# No core dump will be written. Minidumps are not enabled by default on client versions of Windows
#

---------------  S U M M A R Y ------------

Command Line: -Dgroovy.home=C:\Users\DELL/.groovy -Djava.system.class.loader=groovy.lang.GroovyClassLoader -Xmx2048m -Dfile.encoding=UTF-8 -XX:+ShowCodeDetailsInExceptionMessages org.codehaus.groovy.tools.GroovyStarter --classpath C:\Users\DELL\Katalon Studio\katalon\bin\keyword;C:\Users\DELL\Katalon Studio\katalon\Keywords;C:\Users\DELL\Katalon Studio\katalon\bin\listener;C:\Users\DELL\Katalon Studio\katalon\Test Listeners;C:\Users\DELL\Katalon Studio\katalon\bin\lib;C:\Users\DELL\Katalon Studio\katalon\Libs;C:\Users\DELL\Katalon Studio\katalon\bin\groovy;C:\Users\DELL\Katalon Studio\katalon\Include\scripts\groovy;C:\Users\DELL\.katalon\packages\KSE-10.0.1\plugins\com.kms.katalon.core_1.0.0.202412050416.jar;C:\Users\DELL\.katalon\packages\KSE-10.0.1\configuration\resources\lib\aalto-xml-1.0.0.jar;C:\Users\DELL\.katalon\packages\KSE-10.0.1\configuration\resources\lib\aspectjweaver-1.9.1.jar;C:\Users\DELL\.katalon\packages\KSE-10.0.1\configuration\resources\lib\aws-2.20.3-fat.jar;C:\Users\DELL\.katalon\packages\KSE-10.0.1\configuration\resources\lib\bcpkix-jdk15on-1.64.jar;C:\Users\DELL\.katalon\packages\KSE-10.0.1\configuration\resources\lib\bcprov-jdk15on-1.64.jar;C:\Users\DELL\.katalon\packages\KSE-10.0.1\configuration\resources\lib\browsermob-core-2.1.5.jar;C:\Users\DELL\.katalon\packages\KSE-10.0.1\configuration\resources\lib\byte-buddy-1.14.3.jar;C:\Users\DELL\.katalon\packages\KSE-10.0.1\configuration\resources\lib\byte-buddy-agent-1.14.3.jar;C:\Users\DELL\.katalon\packages\KSE-10.0.1\configuration\resources\lib\cglib-3.2.10.jar;C:\Users\DELL\.katalon\packages\KSE-10.0.1\configuration\resources\lib\commons-codec-1.10.jar;C:\Users\DELL\.katalon\packages\KSE-10.0.1\configuration\resources\lib\commons-collections4-4.1.jar;C:\Users\DELL\.katalon\packages\KSE-10.0.1\configuration\resources\lib\commons-validator-1.6.jar;C:\Users\DELL\.katalon\packages\KSE-10.0.1\configuration\resources\lib\curvesapi-1.04.jar;C:\Users\DELL\.katalon\packages\KSE-10.0.1\configuration\resources\lib\dnsjava-3.6.2.jar;C:\Users\DELL\.katalon\packages\KSE-10.0.1\configuration\resources\lib\groovy-3.0.17-fat.jar;C:\Users\DELL\.katalon\packages\KSE-10.0.1\configuration\resources\lib\jackson-coreutils-2.0.jar;C:\Users\DELL\.katalon\packages\KSE-10.0.1\configuration\resources\lib\jackson-coreutils-equivalence-1.0.jar;C:\Users\DELL\.katalon\packages\KSE-10.0.1\configuration\resources\lib\java-client-9.2.3.jar;C:\Users\DELL\.katalon\packages\KSE-10.0.1\configuration\resources\lib\javax.servlet-api_3.1.0.jar;C:\Users\DELL\.katalon\packages\KSE-10.0.1\configuration\resources\lib\jna-5.12.1.jar;C:\Users\DELL\.katalon\packages\KSE-10.0.1\configuration\resources\lib\jna-platform-5.12.1.jar;C:\Users\DELL\.katalon\packages\KSE-10.0.1\configuration\resources\lib\json-schema-core-1.2.14.jar;C:\Users\DELL\.katalon\packages\KSE-10.0.1\configuration\resources\lib\json-schema-validator-2.2.14.jar;C:\Users\DELL\.katalon\packages\KSE-10.0.1\configuration\resources\lib\jzlib-1.1.3.jar;C:\Users\DELL\.katalon\packages\KSE-10.0.1\configuration\resources\lib\kat-server.jar;C:\Users\DELL\.katalon\packages\KSE-10.0.1\configuration\resources\lib\littleproxy-1.1.0-beta-bmp-17.jar;C:\Users\DELL\.katalon\packages\KSE-10.0.1\configuration\resources\lib\log4j-1.2-api-2.17.1.jar;C:\Users\DELL\.katalon\packages\KSE-10.0.1\configuration\resources\lib\log4j-api-2.17.1.jar;C:\Users\DELL\.katalon\packages\KSE-10.0.1\configuration\resources\lib\log4j-core-2.17.1.jar;C:\Users\DELL\.katalon\packages\KSE-10.0.1\configuration\resources\lib\mitm-2.1.5.jar;C:\Users\DELL\.katalon\packages\KSE-10.0.1\configuration\resources\lib\mockito-core-5.2.0.jar;C:\Users\DELL\.katalon\packages\KSE-10.0.1\configuration\resources\lib\mockito-inline-5.2.0.jar;C:\Users\DELL\.katalon\packages\KSE-10.0.1\configuration\resources\lib\netty-all-4.1.109.Final.jar;C:\Users\DELL\.katalon\packages\KSE-10.0.1\configuration\resources\lib\objenesis-3.3.jar;C:\Users\DELL\.katalon\packages\KSE-10.0.1\configuration\resources\lib\poi-3.17.jar;C:\Users\DELL\.katalon\packages\KSE-10.0.1\configuration\resources\lib\poi-ooxml-3.17.jar;C:\Users\DELL\.katalon\packages\KSE-10.0.1\configuration\resources\lib\poi-ooxml-schemas-3.17.jar;C:\Users\DELL\.katalon\packages\KSE-10.0.1\configuration\resources\lib\proxy-vole-1.1.5-jar-with-dependencies.jar;C:\Users\DELL\.katalon\packages\KSE-10.0.1\configuration\resources\lib\repackaged-sikuli-api-1.0.2-standalone.jar;C:\Users\DELL\.katalon\packages\KSE-10.0.1\configuration\resources\lib\selenium-server-4.22.0.jar;C:\Users\DELL\.katalon\packages\KSE-10.0.1\configuration\resources\lib\selenium-shutterbug-1.1.jar;C:\Users\DELL\.katalon\packages\KSE-10.0.1\configuration\resources\lib\slf4j-api-1.7.25.jar;C:\Users\DELL\.katalon\packages\KSE-10.0.1\configuration\resources\lib\soap-builder-1.0.0.jar;C:\Users\DELL\.katalon\packages\KSE-10.0.1\configuration\resources\lib\soap-common-1.0.0.jar;C:\Users\DELL\.katalon\packages\KSE-10.0.1\configuration\resources\lib\soap-legacy-1.0.0.jar;C:\Users\DELL\.katalon\packages\KSE-10.0.1\configuration\resources\lib\spring-context-5.3.19.jar;C:\Users\DELL\.katalon\packages\KSE-10.0.1\configuration\resources\lib\stax2-api-4.0.0.jar;C:\Users\DELL\.katalon\packages\KSE-10.0.1\configuration\resources\lib\su.jar;C:\Users\DELL\.katalon\packages\KSE-10.0.1\configuration\resources\lib\swagger-parser-1.0.67-fat.jar;C:\Users\DELL\.katalon\packages\KSE-10.0.1\configuration\resources\lib\testng-7.8.0.jar;C:\Users\DELL\.katalon\packages\KSE-10.0.1\configuration\resources\lib\uri-template-0.1.jar;C:\Users\DELL\.katalon\packages\KSE-10.0.1\configuration\resources\lib\wadl.jar;C:\Users\DELL\.katalon\packages\KSE-10.0.1\configuration\resources\lib\xmlbeans-3.1.0.jar;C:\Users\DELL\.katalon\packages\KSE-10.0.1\plugins\net.sf.supercsv.super-csv_2.1.0.jar;C:\Users\DELL\.katalon\packages\KSE-10.0.1\plugins\org.apache.commons.commons-io_2.15.1.jar;C:\Users\DELL\.katalon\packages\KSE-10.0.1\plugins\org.apache.commons.lang_2.6.0.jar;C:\Users\DELL\.katalon\packages\KSE-10.0.1\plugins\com.google.gson_2.10.1.v20230109-0753.jar;C:\Users\DELL\.katalon\packages\KSE-10.0.1\plugins\org.jsoup_1.14.3.jar;C:\Users\DELL\.katalon\packages\KSE-10.0.1\plugins\org.apache.commons.dbutils_1.6.0.jar;C:\Users\DELL\.katalon\packages\KSE-10.0.1\plugins\com.oracle.jdbc.ojdbc7_12.1.0.2.jar;C:\Users\DELL\.katalon\packages\KSE-10.0.1\plugins\org.postgresql.jdbc_42.7.3.jar;c:\Users\DELL\.katalon\packages\KSE-10.0.1\plugins\org.eclipse.osgi_3.18.300.v20230220-1352.jar;C:\Users\DELL\.katalon\packages\KSE-10.0.1\plugins\com.kms.katalon.constant_1.0.0.202412050416.jar;C:\Users\DELL\.katalon\packages\KSE-10.0.1\plugins\org.eclipse.persistence.eclipselink_2.7.11.jar;C:\Users\DELL\.katalon\packages\KSE-10.0.1\plugins\com.kms.katalon.selenium-standalone_1.0.0.202412050416.jar;C:\Users\DELL\.katalon\packages\KSE-10.0.1\plugins\atu.testrecorder.screen-recorder_2.1.0.jar;C:\Users\DELL\.katalon\packages\KSE-10.0.1\plugins\com.google.guava_32.0.0.jre.jar;C:\Users\DELL\.katalon\packages\KSE-10.0.1\plugins\com.kms.katalon.util_1.0.0.202412050416.jar;C:\Users\DELL\.katalon\packages\KSE-10.0.1\plugins\org.apache.httpcomponents.httpclient_4.5.14.v20221207-1049.jar;C:\Users\DELL\.katalon\packages\KSE-10.0.1\plugins\org.apache.httpcomponents.httpcore_4.4.16.v20221207-1049.jar;C:\Users\DELL\.katalon\packages\KSE-10.0.1\plugins\org.apache.httpcomponents.httpmime_4.5.13.jar;C:\Users\DELL\.katalon\packages\KSE-10.0.1\plugins\org.apache.commons.lang3_3.14.0.jar;C:\Users\DELL\.katalon\packages\KSE-10.0.1\plugins\org.greenrobot.eventbus_3.1.1.jar;C:\Users\DELL\.katalon\packages\KSE-10.0.1\plugins\net.bytebuddy.byte-buddy_1.14.15.jar;C:\Users\DELL\.katalon\packages\KSE-10.0.1\plugins\org.junit_4.13.2.v20211018-1956.jar;C:\Users\DELL\.katalon\packages\KSE-10.0.1\plugins\com.fasterxml.jackson.core.jackson-databind_2.17.1.jar;C:\Users\DELL\.katalon\packages\KSE-10.0.1\plugins\com.fasterxml.jackson.core.jackson-core_2.17.1.jar;C:\Users\DELL\.katalon\packages\KSE-10.0.1\plugins\com.fasterxml.jackson.core.jackson-annotations_2.17.1.jar;C:\Users\DELL\.katalon\packages\KSE-10.0.1\plugins\ch.qos.logback.classic_1.2.13.jar;C:\Users\DELL\.katalon\packages\KSE-10.0.1\plugins\ch.qos.logback.core_1.2.13.jar;C:\Users\DELL\.katalon\packages\KSE-10.0.1\plugins\slf4j.api_1.7.36.jar;C:\Users\DELL\.katalon\packages\KSE-10.0.1\plugins\org.fusesource.jansi_1.17.1.jar;C:\Users\DELL\.katalon\packages\KSE-10.0.1\plugins\com.kms.katalon.netlightbody_1.0.0.202412050416.jar;C:\Users\DELL\.katalon\packages\KSE-10.0.1\plugins\com.kms.katalon.poi_1.0.0.202412050416.jar;C:\Users\DELL\.katalon\packages\KSE-10.0.1\plugins\org.apache.commons.commons-text_1.10.0.jar;C:\Users\DELL\.katalon\packages\KSE-10.0.1\plugins\com.kms.katalon.proxyvole_1.0.0.202412050416.jar;C:\Users\DELL\.katalon\packages\KSE-10.0.1\plugins\com.microsoft.sqlserver.mssql-jdbc_6.2.2.jre8.jar;C:\Users\DELL\.katalon\packages\KSE-10.0.1\plugins\com.github.kklisura.cdt.java-client_2.1.0.jar;C:\Users\DELL\.katalon\packages\KSE-10.0.1\plugins\javax.websocket-api_1.1.0.jar;C:\Users\DELL\.katalon\packages\KSE-10.0.1\plugins\org.glassfish.tyrus.container-grizzly-client_1.13.1.jar;C:\Users\DELL\.katalon\packages\KSE-10.0.1\plugins\org.glassfish.grizzly.http-server_2.3.25.jar;C:\Users\DELL\.katalon\packages\KSE-10.0.1\plugins\org.glassfish.grizzly.framework_2.3.25.jar;C:\Users\DELL\.katalon\packages\KSE-10.0.1\plugins\org.glassfish.grizzly.http_2.3.25.jar;C:\Users\DELL\.katalon\packages\KSE-10.0.1\plugins\org.glassfish.tyrus.client_1.13.1.jar;C:\Users\DELL\.katalon\packages\KSE-10.0.1\plugins\org.glassfish.tyrus.core_1.13.1.jar;C:\Users\DELL\.katalon\packages\KSE-10.0.1\plugins\org.glassfish.tyrus.spi_1.13.1.jar;C:\Users\DELL\.katalon\packages\KSE-10.0.1\plugins\javassist_3.28.0.GA.jar;C:\Users\DELL\.katalon\packages\KSE-10.0.1\plugins\graphql-java_22.3.0.jar;C:\Users\DELL\.katalon\packages\KSE-10.0.1\plugins\org.glassfish.jaxb.runtime_2.3.6.jar;C:\Users\DELL\.katalon\packages\KSE-10.0.1\plugins\org.glassfish.jaxb.txw2_2.3.6.jar;C:\Users\DELL\.katalon\packages\KSE-10.0.1\plugins\org.dom4j_2.1.4.jar;C:\Users\DELL\.katalon\packages\KSE-10.0.1\plugins\com.kms.katalon.groovy-extended_1.0.0.202412050416.jar;C:\Users\DELL\.katalon\packages\KSE-10.0.1\plugins\com.sun.activation.javax.activation_1.2.0.jar;C:\Users\DELL\.katalon\packages\KSE-10.0.1\plugins\jakarta.xml.bind-api_2.3.3.jar;C:\Users\DELL\.katalon\packages\KSE-10.0.1\plugins\com.sun.xml.bind.jaxb-impl_2.3.6.jar;C:\Users\DELL\.katalon\packages\KSE-10.0.1\plugins\org.eclipse.jface_3.29.0.v20230214-1401.jar;C:\Users\DELL\.katalon\packages\KSE-10.0.1\plugins\com.kms.katalon.logging_1.0.0.202412050416.jar;C:\Users\DELL\.katalon\packages\KSE-10.0.1\plugins\json_20240303.0.0.jar;C:\Users\DELL\.katalon\packages\KSE-10.0.1\plugins\assertj-core_3.25.3.jar;C:\Users\DELL\.katalon\packages\KSE-10.0.1\plugins\com.networknt.json-schema-validator_1.0.66.jar;C:\Users\DELL\.katalon\packages\KSE-10.0.1\plugins\com.kms.katalon.network.apache_1.0.0.202412050416.jar;C:\Users\DELL\.katalon\packages\KSE-10.0.1\plugins\java-dataloader_3.3.0.jar;C:\Users\DELL\.katalon\packages\KSE-10.0.1\plugins\org.apache.commons.logging_1.2.0.v20180409-1502.jar;C:\Users\DELL\.katalon\packages\KSE-10.0.1\plugins\org.hamcrest.core_1.3.0.v20180420-1519.jar;C:\Users\DELL\.katalon\packages\KSE-10.0.1\plugins\org.beanshell.bsh_2.0.0.0b4.jar;C:\Users\DELL\.katalon\packages\KSE-10.0.1\plugins\org.apache.ant.launcher_1.9.6.jar;C:\Users\DELL\.katalon\packages\KSE-10.0.1\plugins\com.kms.katalon.core.appium_1.0.0.202412050416.jar;C:\Users\DELL\.katalon\packages\KSE-10.0.1\plugins\com.kms.katalon.api_1.0.0.202412050416.jar;C:\Users\DELL\.katalon\packages\KSE-10.0.1\plugins\org.eclipse.equinox.common_3.17.100.v20230202-1341.jar;C:\Users\DELL\.katalon\packages\KSE-10.0.1\plugins\com.kms.katalon.platform.core_1.0.0.202412050416.jar;C:\Users\DELL\.katalon\packages\KSE-10.0.1\plugins\com.kms.katalon.common_1.0.0.202412050416.jar;C:\Users\DELL\.katalon\packages\KSE-10.0.1\plugins\com.kms.katalon.session.core_1.0.0.202412050416.jar;C:\Users\DELL\.katalon\packages\KSE-10.0.1\plugins\org.eclipse.e4.core.contexts_1.11.0.v20220716-0839.jar;C:\Users\DELL\.katalon\packages\KSE-10.0.1\plugins\javax.inject_1.0.0.v20220405-0441.jar;C:\Users\DELL\.katalon\packages\KSE-10.0.1\plugins\org.eclipse.e4.core.di_1.8.300.v20220817-1539.jar;C:\Users\DELL\.katalon\packages\KSE-10.0.1\plugins\com.kms.katalon.network.core_1.0.0.202412050416.jar;C:\Users\DELL\.katalon\packages\KSE-10.0.1\plugins\com.kms.katalon.execution.core_1.0.0.202412050416.jar;C:\Users\DELL\.katalon\packages\KSE-10.0.1\plugins\org.eclipse.equinox.registry_3.11.200.v20220817-1601.jar;C:\Users\DELL\.katalon\packages\KSE-10.0.1\plugins\dev.failsafe_3.3.2.jar;C:\Users\DELL\.katalon\packages\KSE-10.0.1\plugins\com.fasterxml.jackson.datatype.jackson-datatype-jsr310_2.17.1.jar;C:\Users\DELL\.katalon\packages\KSE-10.0.1\plugins\org.eclipse.e4.core.di.annotations_1.7.200.v20220613-1008.jar;C:\Users\DELL\.katalon\packages\KSE-10.0.1\plugins\com.kms.katalon.core.webui_1.0.0.202412050416.jar;C:\Users\DELL\.katalon\packages\KSE-10.0.1\plugins\org.eclipse.e4.core.services_2.3.400.v20220915-1347.jar;C:\Users\DELL\.katalon\packages\KSE-10.0.1\plugins\com.kms.katalon.core.mobile_1.0.0.202412050416.jar;C:\Users\DELL\.katalon\packages\KSE-10.0.1\plugins\org.apache.commons.commons-validator_1.7.0.jar;C:\Users\DELL\.katalon\packages\KSE-10.0.1\plugins\com.kms.katalon.core.cucumber_1.0.0.202412050416.jar;C:\Users\DELL\.katalon\packages\KSE-10.0.1\plugins\io.cucumber.core_3.0.3.jar;C:\Users\DELL\.katalon\packages\KSE-10.0.1\plugins\io.cucumber.datatable_1.1.15.jar;C:\Users\DELL\.katalon\packages\KSE-10.0.1\plugins\io.cucumber.datatable-dependencies_1.1.15.jar;C:\Users\DELL\.katalon\packages\KSE-10.0.1\plugins\io.cucumber.expressions_5.0.19.jar;C:\Users\DELL\.katalon\packages\KSE-10.0.1\plugins\io.cucumber.gherkin_5.0.0.jar;C:\Users\DELL\.katalon\packages\KSE-10.0.1\plugins\io.cucumber.html_0.2.7.jar;C:\Users\DELL\.katalon\packages\KSE-10.0.1\plugins\io.cucumber.java_3.0.3.jar;C:\Users\DELL\.katalon\packages\KSE-10.0.1\plugins\io.cucumber.tag-expressions_1.1.1.jar;C:\Users\DELL\.katalon\packages\KSE-10.0.1\plugins\io.cucumber.junit_3.0.3.jar;C:\Users\DELL\.katalon\packages\KSE-10.0.1\plugins\com.kms.katalon.core.webservice_1.0.0.202412050416.jar;C:\Users\DELL\.katalon\packages\KSE-10.0.1\plugins\wsdl4j_1.6.2.jar;C:\Users\DELL\.katalon\packages\KSE-10.0.1\plugins\com.google.oauth-client.google-oauth-client_1.22.0.jar;C:\Users\DELL\.katalon\packages\KSE-10.0.1\plugins\com.google.http-client.google-http-client_1.22.0.jar;C:\Users\DELL\.katalon\packages\KSE-10.0.1\plugins\com.kms.katalon.preferences_1.0.0.202412050416.jar;C:\Users\DELL\.katalon\packages\KSE-10.0.1\plugins\org.apache.xmlbeans_3.1.0.jar;C:\Users\DELL\.katalon\packages\KSE-10.0.1\plugins\com.kms.katalon.entity_1.0.0.202412050416.jar;C:\Users\DELL\.katalon\packages\KSE-10.0.1\plugins\jakarta.xml.ws-api_2.3.3.jar;C:\Users\DELL\.katalon\packages\KSE-10.0.1\plugins\javax.xml.soap-api_1.4.0.jar;C:\Users\DELL\.katalon\packages\KSE-10.0.1\plugins\com.atlassian.oai.swagger-request-validator-core_2.38.0.jar;C:\Users\DELL\.katalon\packages\KSE-10.0.1\plugins\io.swagger.compat-spec-parser_1.0.67.jar;C:\Users\DELL\.katalon\packages\KSE-10.0.1\plugins\io.swagger.core.v3.swagger-annotations_2.2.14.jar;C:\Users\DELL\.katalon\packages\KSE-10.0.1\plugins\io.swagger.core.v3.swagger-core_2.2.14.jar;C:\Users\DELL\.katalon\packages\KSE-10.0.1\plugins\io.swagger.core.v3.swagger-models_2.2.14.jar;C:\Users\DELL\.katalon\packages\KSE-10.0.1\plugins\io.swagger.parser.v3.swagger-parser-core_2.1.16.jar;C:\Users\DELL\.katalon\packages\KSE-10.0.1\plugins\io.swagger.parser.v3.swagger-parser-v2-converter_2.1.16.jar;C:\Users\DELL\.katalon\packages\KSE-10.0.1\plugins\com.github.java-json-tools.btf_1.3.0.jar;C:\Users\DELL\.katalon\packages\KSE-10.0.1\plugins\com.fasterxml.jackson.dataformat.jackson-dataformat-yaml_2.17.1.jar;C:\Users\DELL\.katalon\packages\KSE-10.0.1\plugins\org.yaml.snakeyaml_2.2.0.jar;C:\Users\DELL\.katalon\packages\KSE-10.0.1\plugins\com.github.java-json-tools.msg-simple_1.2.0.jar;C:\Users\DELL\.katalon\packages\KSE-10.0.1\plugins\jackson-core-asl_1.9.13.jar;C:\Users\DELL\.katalon\packages\KSE-10.0.1\plugins\joda-time_2.10.5.jar;C:\Users\DELL\.katalon\packages\KSE-10.0.1\plugins\javax.mail-api_1.6.2.jar;C:\Users\DELL\.katalon\packages\KSE-10.0.1\plugins\com.googlecode.libphonenumber_8.11.1.jar;C:\Users\DELL\.katalon\packages\KSE-10.0.1\plugins\com.google.guava.failureaccess_1.0.1.jar;C:\Users\DELL\.katalon\packages\KSE-10.0.1\plugins\io.swagger.parser.v3.swagger-parser_2.1.16.jar;C:\Users\DELL\.katalon\packages\KSE-10.0.1\plugins\io.swagger.parser.v3.swagger-parser-v3_2.1.16.jar;C:\Users\DELL\.katalon\packages\KSE-10.0.1\plugins\io.swagger.parser_1.0.67.jar;C:\Users\DELL\.katalon\packages\KSE-10.0.1\plugins\com.narupley.not-going-to-be-commons-ssl_0.3.20.jar;C:\Users\DELL\.katalon\packages\KSE-10.0.1\plugins\com.kms.katalon.core.windows_1.0.0.202412050416.jar;C:\Users\DELL\.katalon\packages\KSE-10.0.1\plugins\com.sun.jna_5.13.0.jar;C:\Users\DELL\.katalon\packages\KSE-10.0.1\plugins\com.sun.jna.platform_5.13.0.jar;C:\Users\DELL\.katalon\packages\KSE-10.0.1\plugins\com.kms.katalon.core.testng_1.0.0.202412050416.jar;C:\Users\DELL\.katalon\packages\KSE-10.0.1\configuration\org.eclipse.osgi\34\0\.cp\resources\basic-report\katalon-studio-report-plugin.jar;C:\Users\DELL\.katalon\packages\KSE-10.0.1\plugins\org.codehaus.groovy_3.0.17.v202303311542-e2303\lib\groovy-3.0.17-indy.jar;C:\Users\DELL\.katalon\packages\KSE-10.0.1\plugins\org.codehaus.groovy_3.0.17.v202303311542-e2303\lib\ivy-2.5.1.jar --main groovy.ui.GroovyMain --encoding UTF-8 --indy C:\Users\DELL\Katalon Studio\katalon\Libs\TempTestSuite1735619404585.groovy

Host: 12th Gen Intel(R) Core(TM) i5-1235U, 12 cores, 7G,  Windows 11 , 64 bit Build 22621 (10.0.22621.3958)
Time: Tue Dec 31 11:30:20 2024 SE Asia Standard Time elapsed time: 6.389335 seconds (0d 0h 0m 6s)

---------------  T H R E A D  ---------------

Current thread (0x000001fa186741f0):  JavaThread "C2 CompilerThread0" daemon [_thread_in_native, id=23184, stack(0x0000008a71600000,0x0000008a71700000)]


Current CompileTask:
C2:   6389 3805 %     4       java.util.logging.FileHandler::generate @ 120 (532 bytes)

Stack: [0x0000008a71600000,0x0000008a71700000]
Native frames: (J=compiled Java code, j=interpreted, Vv=VM code, C=native code)
V  [jvm.dll+0x67754a]
V  [jvm.dll+0x834304]
V  [jvm.dll+0x835aae]
V  [jvm.dll+0x836113]
V  [jvm.dll+0x24696f]
V  [jvm.dll+0xac0ac]
V  [jvm.dll+0xac67c]
V  [jvm.dll+0x364de2]
V  [jvm.dll+0x32f6b1]
V  [jvm.dll+0x32eb5a]
V  [jvm.dll+0x219641]
V  [jvm.dll+0x218a61]
V  [jvm.dll+0x1a4d8d]
V  [jvm.dll+0x2284da]
V  [jvm.dll+0x226615]
V  [jvm.dll+0x7ea90b]
V  [jvm.dll+0x7e4e7a]
V  [jvm.dll+0x676395]
C  [ucrtbase.dll+0x29333]
C  [KERNEL32.DLL+0x1257d]
C  [ntdll.dll+0x5af28]


---------------  P R O C E S S  ---------------

Threads class SMR info:
_java_thread_list=0x000001fa1dcd4ca0, length=13, elements={
0x000001fa7dfce2a0, 0x000001fa1860d0e0, 0x000001fa1860f330, 0x000001fa186583e0,
0x000001fa18658ea0, 0x000001fa1865a000, 0x000001fa1866f960, 0x000001fa186741f0,
0x000001fa18674f00, 0x000001fa18679f70, 0x000001fa187e0180, 0x000001fa18813040,
0x000001fa1d97b580
}

Java Threads: ( => current thread )
  0x000001fa7dfce2a0 JavaThread "main" [_thread_in_vm, id=17104, stack(0x0000008a70900000,0x0000008a70a00000)]
  0x000001fa1860d0e0 JavaThread "Reference Handler" daemon [_thread_blocked, id=22676, stack(0x0000008a71000000,0x0000008a71100000)]
  0x000001fa1860f330 JavaThread "Finalizer" daemon [_thread_blocked, id=21704, stack(0x0000008a71100000,0x0000008a71200000)]
  0x000001fa186583e0 JavaThread "Signal Dispatcher" daemon [_thread_blocked, id=17480, stack(0x0000008a71200000,0x0000008a71300000)]
  0x000001fa18658ea0 JavaThread "Attach Listener" daemon [_thread_blocked, id=2184, stack(0x0000008a71300000,0x0000008a71400000)]
  0x000001fa1865a000 JavaThread "Service Thread" daemon [_thread_blocked, id=7152, stack(0x0000008a71400000,0x0000008a71500000)]
  0x000001fa1866f960 JavaThread "Monitor Deflation Thread" daemon [_thread_blocked, id=20080, stack(0x0000008a71500000,0x0000008a71600000)]
=>0x000001fa186741f0 JavaThread "C2 CompilerThread0" daemon [_thread_in_native, id=23184, stack(0x0000008a71600000,0x0000008a71700000)]
  0x000001fa18674f00 JavaThread "C1 CompilerThread0" daemon [_thread_blocked, id=9032, stack(0x0000008a71700000,0x0000008a71800000)]
  0x000001fa18679f70 JavaThread "Sweeper thread" daemon [_thread_blocked, id=2028, stack(0x0000008a71800000,0x0000008a71900000)]
  0x000001fa187e0180 JavaThread "Common-Cleaner" daemon [_thread_blocked, id=19396, stack(0x0000008a71900000,0x0000008a71a00000)]
  0x000001fa18813040 JavaThread "C2 CompilerThread1" daemon [_thread_in_vm, id=21368, stack(0x0000008a71a00000,0x0000008a71b00000)]
  0x000001fa1d97b580 JavaThread "Notification Thread" daemon [_thread_blocked, id=19688, stack(0x0000008a71b00000,0x0000008a71c00000)]

Other Threads:
  0x000001fa7fb1d720 VMThread "VM Thread" [stack: 0x0000008a70f00000,0x0000008a71000000] [id=19144]
  0x000001fa1d2bb7b0 WatcherThread [stack: 0x0000008a71c00000,0x0000008a71d00000] [id=12600]
  0x000001fa7e02ca60 GCTaskThread "GC Thread#0" [stack: 0x0000008a70a00000,0x0000008a70b00000] [id=17740]
  0x000001fa1e151a70 GCTaskThread "GC Thread#1" [stack: 0x0000008a71d00000,0x0000008a71e00000] [id=21208]
  0x000001fa1de9d030 GCTaskThread "GC Thread#2" [stack: 0x0000008a71e00000,0x0000008a71f00000] [id=16248]
  0x000001fa1ee3acb0 GCTaskThread "GC Thread#3" [stack: 0x0000008a71f00000,0x0000008a72000000] [id=21620]
  0x000001fa1ea32010 GCTaskThread "GC Thread#4" [stack: 0x0000008a72000000,0x0000008a72100000] [id=19924]
  0x000001fa1eadb430 GCTaskThread "GC Thread#5" [stack: 0x0000008a72100000,0x0000008a72200000] [id=22544]
  0x000001fa1ea2fb80 GCTaskThread "GC Thread#6" [stack: 0x0000008a72200000,0x0000008a72300000] [id=20964]
  0x000001fa1ea31290 GCTaskThread "GC Thread#7" [stack: 0x0000008a72300000,0x0000008a72400000] [id=8000]
  0x000001fa1ea31540 GCTaskThread "GC Thread#8" [stack: 0x0000008a72400000,0x0000008a72500000] [id=7052]
  0x000001fa1ef0b6e0 GCTaskThread "GC Thread#9" [stack: 0x0000008a72500000,0x0000008a72600000] [id=22516]
  0x000001fa7e03e050 ConcurrentGCThread "G1 Main Marker" [stack: 0x0000008a70b00000,0x0000008a70c00000] [id=11772]
  0x000001fa7e03e970 ConcurrentGCThread "G1 Conc#0" [stack: 0x0000008a70c00000,0x0000008a70d00000] [id=11420]
  0x000001fa1ef0c9b0 ConcurrentGCThread "G1 Conc#1" [stack: 0x0000008a72600000,0x0000008a72700000] [id=11552]
  0x000001fa1ef0bef0 ConcurrentGCThread "G1 Conc#2" [stack: 0x0000008a72700000,0x0000008a72800000] [id=10200]
  0x000001fa7f9902d0 ConcurrentGCThread "G1 Refine#0" [stack: 0x0000008a70d00000,0x0000008a70e00000] [id=13572]
  0x000001fa7f990c00 ConcurrentGCThread "G1 Service" [stack: 0x0000008a70e00000,0x0000008a70f00000] [id=22664]

Threads with active compile tasks:
C2 CompilerThread0     6403 3805 %     4       java.util.logging.FileHandler::generate @ 120 (532 bytes)
C2 CompilerThread1     6403 3808       4       sun.nio.fs.WindowsPath::parse (26 bytes)

VM state: not at safepoint (normal execution)

VM Mutex/Monitor currently owned by a thread: None

Heap address: 0x0000000080000000, size: 2048 MB, Compressed Oops mode: 32-bit

CDS archive(s) not mapped
Compressed class space mapped at: 0x0000000100000000-0x0000000140000000, reserved size: 1073741824
Narrow klass base: 0x0000000000000000, Narrow klass shift: 3, Narrow klass range: 0x140000000

GC Precious Log:
 CPUs: 12 total, 12 available
 Memory: 7876M
 Large Page Support: Disabled
 NUMA Support: Disabled
 Compressed Oops: Enabled (32-bit)
 Heap Region Size: 1M
 Heap Min Capacity: 8M
 Heap Initial Capacity: 124M
 Heap Max Capacity: 2G
 Pre-touch: Disabled
 Parallel Workers: 10
 Concurrent Workers: 3
 Concurrent Refinement Workers: 10
 Periodic GC: Disabled

Heap:
 garbage-first heap   total 107520K, used 40319K [0x0000000080000000, 0x0000000100000000)
  region size 1024K, 13 young (13312K), 3 survivors (3072K)
 Metaspace       used 32060K, committed 32448K, reserved 1114112K
  class space    used 3320K, committed 3520K, reserved 1048576K

Heap Regions: E=young(eden), S=young(survivor), O=old, HS=humongous(starts), HC=humongous(continues), CS=collection set, F=free, OA=open archive, CA=closed archive, TAMS=top-at-mark-start (previous, next)
|   0|0x0000000080000000, 0x0000000080100000, 0x0000000080100000|100%|HS|  |TAMS 0x0000000080100000, 0x0000000080000000| Complete 
|   1|0x0000000080100000, 0x0000000080200000, 0x0000000080200000|100%|HS|  |TAMS 0x0000000080200000, 0x0000000080100000| Complete 
|   2|0x0000000080200000, 0x0000000080300000, 0x0000000080300000|100%|HC|  |TAMS 0x0000000080300000, 0x0000000080200000| Complete 
|   3|0x0000000080300000, 0x0000000080400000, 0x0000000080400000|100%|HC|  |TAMS 0x0000000080400000, 0x0000000080300000| Complete 
|   4|0x0000000080400000, 0x0000000080500000, 0x0000000080500000|100%|HS|  |TAMS 0x0000000080500000, 0x0000000080400000| Complete 
|   5|0x0000000080500000, 0x0000000080600000, 0x0000000080600000|100%| O|  |TAMS 0x0000000080600000, 0x0000000080500000| Untracked 
|   6|0x0000000080600000, 0x0000000080700000, 0x0000000080700000|100%| O|  |TAMS 0x0000000080700000, 0x0000000080600000| Untracked 
|   7|0x0000000080700000, 0x0000000080800000, 0x0000000080800000|100%| O|  |TAMS 0x0000000080800000, 0x0000000080700000| Untracked 
|   8|0x0000000080800000, 0x0000000080900000, 0x0000000080900000|100%| O|  |TAMS 0x0000000080900000, 0x0000000080800000| Untracked 
|   9|0x0000000080900000, 0x0000000080a00000, 0x0000000080a00000|100%| O|  |TAMS 0x0000000080a00000, 0x0000000080900000| Untracked 
|  10|0x0000000080a00000, 0x0000000080b00000, 0x0000000080b00000|100%| O|  |TAMS 0x0000000080b00000, 0x0000000080a00000| Untracked 
|  11|0x0000000080b00000, 0x0000000080c00000, 0x0000000080c00000|100%| O|  |TAMS 0x0000000080c00000, 0x0000000080b00000| Untracked 
|  12|0x0000000080c00000, 0x0000000080d00000, 0x0000000080d00000|100%| O|  |TAMS 0x0000000080d00000, 0x0000000080c00000| Untracked 
|  13|0x0000000080d00000, 0x0000000080e00000, 0x0000000080e00000|100%| O|  |TAMS 0x0000000080e00000, 0x0000000080d00000| Untracked 
|  14|0x0000000080e00000, 0x0000000080f00000, 0x0000000080f00000|100%| O|  |TAMS 0x0000000080f00000, 0x0000000080e00000| Untracked 
|  15|0x0000000080f00000, 0x0000000081000000, 0x0000000081000000|100%| O|  |TAMS 0x0000000081000000, 0x0000000080f00000| Untracked 
|  16|0x0000000081000000, 0x0000000081100000, 0x0000000081100000|100%| O|  |TAMS 0x0000000081100000, 0x0000000081000000| Untracked 
|  17|0x0000000081100000, 0x0000000081200000, 0x0000000081200000|100%| O|  |TAMS 0x000000008119c200, 0x0000000081100000| Untracked 
|  18|0x0000000081200000, 0x0000000081300000, 0x0000000081300000|100%| O|  |TAMS 0x0000000081200000, 0x0000000081200000| Untracked 
|  19|0x0000000081300000, 0x0000000081400000, 0x0000000081400000|100%| O|  |TAMS 0x0000000081300000, 0x0000000081300000| Untracked 
|  20|0x0000000081400000, 0x0000000081500000, 0x0000000081500000|100%| O|  |TAMS 0x0000000081400000, 0x0000000081400000| Untracked 
|  21|0x0000000081500000, 0x0000000081600000, 0x0000000081600000|100%| O|  |TAMS 0x0000000081500000, 0x0000000081500000| Untracked 
|  22|0x0000000081600000, 0x00000000816df400, 0x0000000081700000| 87%| O|  |TAMS 0x0000000081600000, 0x0000000081600000| Untracked 
|  23|0x0000000081700000, 0x0000000081800000, 0x0000000081800000|100%| O|  |TAMS 0x0000000081700000, 0x0000000081700000| Untracked 
|  24|0x0000000081800000, 0x0000000081900000, 0x0000000081900000|100%| O|  |TAMS 0x0000000081800000, 0x0000000081800000| Untracked 
|  25|0x0000000081900000, 0x0000000081980800, 0x0000000081a00000| 50%| O|  |TAMS 0x0000000081900000, 0x0000000081900000| Untracked 
|  26|0x0000000081a00000, 0x0000000081b00000, 0x0000000081b00000|100%| O|  |TAMS 0x0000000081a00000, 0x0000000081a00000| Untracked 
|  27|0x0000000081b00000, 0x0000000081c00000, 0x0000000081c00000|100%| O|  |TAMS 0x0000000081b00000, 0x0000000081b00000| Untracked 
|  28|0x0000000081c00000, 0x0000000081c00000, 0x0000000081d00000|  0%| F|  |TAMS 0x0000000081c00000, 0x0000000081c00000| Untracked 
|  29|0x0000000081d00000, 0x0000000081d00000, 0x0000000081e00000|  0%| F|  |TAMS 0x0000000081d00000, 0x0000000081d00000| Untracked 
|  30|0x0000000081e00000, 0x0000000081e00000, 0x0000000081f00000|  0%| F|  |TAMS 0x0000000081e00000, 0x0000000081e00000| Untracked 
|  31|0x0000000081f00000, 0x0000000081f00000, 0x0000000082000000|  0%| F|  |TAMS 0x0000000081f00000, 0x0000000081f00000| Untracked 
|  32|0x0000000082000000, 0x0000000082000000, 0x0000000082100000|  0%| F|  |TAMS 0x0000000082000000, 0x0000000082000000| Untracked 
|  33|0x0000000082100000, 0x0000000082100000, 0x0000000082200000|  0%| F|  |TAMS 0x0000000082100000, 0x0000000082100000| Untracked 
|  34|0x0000000082200000, 0x0000000082200000, 0x0000000082300000|  0%| F|  |TAMS 0x0000000082200000, 0x0000000082200000| Untracked 
|  35|0x0000000082300000, 0x0000000082300000, 0x0000000082400000|  0%| F|  |TAMS 0x0000000082300000, 0x0000000082300000| Untracked 
|  36|0x0000000082400000, 0x0000000082400000, 0x0000000082500000|  0%| F|  |TAMS 0x0000000082400000, 0x0000000082400000| Untracked 
|  37|0x0000000082500000, 0x0000000082500000, 0x0000000082600000|  0%| F|  |TAMS 0x0000000082500000, 0x0000000082500000| Untracked 
|  38|0x0000000082600000, 0x0000000082600000, 0x0000000082700000|  0%| F|  |TAMS 0x0000000082600000, 0x0000000082600000| Untracked 
|  39|0x0000000082700000, 0x0000000082700000, 0x0000000082800000|  0%| F|  |TAMS 0x0000000082700000, 0x0000000082700000| Untracked 
|  40|0x0000000082800000, 0x0000000082800000, 0x0000000082900000|  0%| F|  |TAMS 0x0000000082800000, 0x0000000082800000| Untracked 
|  41|0x0000000082900000, 0x0000000082900000, 0x0000000082a00000|  0%| F|  |TAMS 0x0000000082900000, 0x0000000082900000| Untracked 
|  42|0x0000000082a00000, 0x0000000082a00000, 0x0000000082b00000|  0%| F|  |TAMS 0x0000000082a00000, 0x0000000082a00000| Untracked 
|  43|0x0000000082b00000, 0x0000000082b00000, 0x0000000082c00000|  0%| F|  |TAMS 0x0000000082b00000, 0x0000000082b00000| Untracked 
|  44|0x0000000082c00000, 0x0000000082c00000, 0x0000000082d00000|  0%| F|  |TAMS 0x0000000082c00000, 0x0000000082c00000| Untracked 
|  45|0x0000000082d00000, 0x0000000082d00000, 0x0000000082e00000|  0%| F|  |TAMS 0x0000000082d00000, 0x0000000082d00000| Untracked 
|  46|0x0000000082e00000, 0x0000000082e00000, 0x0000000082f00000|  0%| F|  |TAMS 0x0000000082e00000, 0x0000000082e00000| Untracked 
|  47|0x0000000082f00000, 0x0000000082f00000, 0x0000000083000000|  0%| F|  |TAMS 0x0000000082f00000, 0x0000000082f00000| Untracked 
|  48|0x0000000083000000, 0x0000000083000000, 0x0000000083100000|  0%| F|  |TAMS 0x0000000083000000, 0x0000000083000000| Untracked 
|  49|0x0000000083100000, 0x0000000083100000, 0x0000000083200000|  0%| F|  |TAMS 0x0000000083100000, 0x0000000083100000| Untracked 
|  50|0x0000000083200000, 0x0000000083200000, 0x0000000083300000|  0%| F|  |TAMS 0x0000000083200000, 0x0000000083200000| Untracked 
|  51|0x0000000083300000, 0x0000000083300000, 0x0000000083400000|  0%| F|  |TAMS 0x0000000083300000, 0x0000000083300000| Untracked 
|  52|0x0000000083400000, 0x0000000083400000, 0x0000000083500000|  0%| F|  |TAMS 0x0000000083400000, 0x0000000083400000| Untracked 
|  53|0x0000000083500000, 0x0000000083600000, 0x0000000083600000|100%| S|CS|TAMS 0x0000000083500000, 0x0000000083500000| Complete 
|  54|0x0000000083600000, 0x0000000083600000, 0x0000000083700000|  0%| F|  |TAMS 0x0000000083600000, 0x0000000083600000| Untracked 
|  55|0x0000000083700000, 0x0000000083700000, 0x0000000083800000|  0%| F|  |TAMS 0x0000000083700000, 0x0000000083700000| Untracked 
|  56|0x0000000083800000, 0x0000000083800000, 0x0000000083900000|  0%| F|  |TAMS 0x0000000083800000, 0x0000000083800000| Untracked 
|  57|0x0000000083900000, 0x0000000083900000, 0x0000000083a00000|  0%| F|  |TAMS 0x0000000083900000, 0x0000000083900000| Untracked 
|  58|0x0000000083a00000, 0x0000000083b00000, 0x0000000083b00000|100%| S|CS|TAMS 0x0000000083a00000, 0x0000000083a00000| Complete 
|  59|0x0000000083b00000, 0x0000000083c00000, 0x0000000083c00000|100%| S|CS|TAMS 0x0000000083b00000, 0x0000000083b00000| Complete 
|  60|0x0000000083c00000, 0x0000000083c00000, 0x0000000083d00000|  0%| F|  |TAMS 0x0000000083c00000, 0x0000000083c00000| Untracked 
|  61|0x0000000083d00000, 0x0000000083d00000, 0x0000000083e00000|  0%| F|  |TAMS 0x0000000083d00000, 0x0000000083d00000| Untracked 
|  62|0x0000000083e00000, 0x0000000083e00000, 0x0000000083f00000|  0%| F|  |TAMS 0x0000000083e00000, 0x0000000083e00000| Untracked 
|  63|0x0000000083f00000, 0x0000000083f00000, 0x0000000084000000|  0%| F|  |TAMS 0x0000000083f00000, 0x0000000083f00000| Untracked 
|  64|0x0000000084000000, 0x0000000084000000, 0x0000000084100000|  0%| F|  |TAMS 0x0000000084000000, 0x0000000084000000| Untracked 
|  65|0x0000000084100000, 0x0000000084100000, 0x0000000084200000|  0%| F|  |TAMS 0x0000000084100000, 0x0000000084100000| Untracked 
|  66|0x0000000084200000, 0x0000000084200000, 0x0000000084300000|  0%| F|  |TAMS 0x0000000084200000, 0x0000000084200000| Untracked 
|  67|0x0000000084300000, 0x0000000084300000, 0x0000000084400000|  0%| F|  |TAMS 0x0000000084300000, 0x0000000084300000| Untracked 
|  68|0x0000000084400000, 0x0000000084400000, 0x0000000084500000|  0%| F|  |TAMS 0x0000000084400000, 0x0000000084400000| Untracked 
|  69|0x0000000084500000, 0x0000000084500000, 0x0000000084600000|  0%| F|  |TAMS 0x0000000084500000, 0x0000000084500000| Untracked 
|  70|0x0000000084600000, 0x0000000084600000, 0x0000000084700000|  0%| F|  |TAMS 0x0000000084600000, 0x0000000084600000| Untracked 
|  71|0x0000000084700000, 0x0000000084700000, 0x0000000084800000|  0%| F|  |TAMS 0x0000000084700000, 0x0000000084700000| Untracked 
|  72|0x0000000084800000, 0x0000000084800000, 0x0000000084900000|  0%| F|  |TAMS 0x0000000084800000, 0x0000000084800000| Untracked 
|  73|0x0000000084900000, 0x0000000084900000, 0x0000000084a00000|  0%| F|  |TAMS 0x0000000084900000, 0x0000000084900000| Untracked 
|  74|0x0000000084a00000, 0x0000000084a00000, 0x0000000084b00000|  0%| F|  |TAMS 0x0000000084a00000, 0x0000000084a00000| Untracked 
|  75|0x0000000084b00000, 0x0000000084b00000, 0x0000000084c00000|  0%| F|  |TAMS 0x0000000084b00000, 0x0000000084b00000| Untracked 
|  76|0x0000000084c00000, 0x0000000084c00000, 0x0000000084d00000|  0%| F|  |TAMS 0x0000000084c00000, 0x0000000084c00000| Untracked 
|  77|0x0000000084d00000, 0x0000000084d00000, 0x0000000084e00000|  0%| F|  |TAMS 0x0000000084d00000, 0x0000000084d00000| Untracked 
|  78|0x0000000084e00000, 0x0000000084e00000, 0x0000000084f00000|  0%| F|  |TAMS 0x0000000084e00000, 0x0000000084e00000| Untracked 
|  79|0x0000000084f00000, 0x0000000084f00000, 0x0000000085000000|  0%| F|  |TAMS 0x0000000084f00000, 0x0000000084f00000| Untracked 
|  80|0x0000000085000000, 0x0000000085000000, 0x0000000085100000|  0%| F|  |TAMS 0x0000000085000000, 0x0000000085000000| Untracked 
|  81|0x0000000085100000, 0x0000000085100000, 0x0000000085200000|  0%| F|  |TAMS 0x0000000085100000, 0x0000000085100000| Untracked 
|  82|0x0000000085200000, 0x0000000085200000, 0x0000000085300000|  0%| F|  |TAMS 0x0000000085200000, 0x0000000085200000| Untracked 
|  83|0x0000000085300000, 0x0000000085300000, 0x0000000085400000|  0%| F|  |TAMS 0x0000000085300000, 0x0000000085300000| Untracked 
|  84|0x0000000085400000, 0x0000000085400000, 0x0000000085500000|  0%| F|  |TAMS 0x0000000085400000, 0x0000000085400000| Untracked 
|  85|0x0000000085500000, 0x0000000085500000, 0x0000000085600000|  0%| F|  |TAMS 0x0000000085500000, 0x0000000085500000| Untracked 
|  86|0x0000000085600000, 0x0000000085600000, 0x0000000085700000|  0%| F|  |TAMS 0x0000000085600000, 0x0000000085600000| Untracked 
|  87|0x0000000085700000, 0x0000000085700000, 0x0000000085800000|  0%| F|  |TAMS 0x0000000085700000, 0x0000000085700000| Untracked 
|  88|0x0000000085800000, 0x0000000085800000, 0x0000000085900000|  0%| F|  |TAMS 0x0000000085800000, 0x0000000085800000| Untracked 
|  89|0x0000000085900000, 0x0000000085900000, 0x0000000085a00000|  0%| F|  |TAMS 0x0000000085900000, 0x0000000085900000| Untracked 
|  90|0x0000000085a00000, 0x0000000085a00000, 0x0000000085b00000|  0%| F|  |TAMS 0x0000000085a00000, 0x0000000085a00000| Untracked 
|  91|0x0000000085b00000, 0x0000000085b00000, 0x0000000085c00000|  0%| F|  |TAMS 0x0000000085b00000, 0x0000000085b00000| Untracked 
|  92|0x0000000085c00000, 0x0000000085c00000, 0x0000000085d00000|  0%| F|  |TAMS 0x0000000085c00000, 0x0000000085c00000| Untracked 
|  93|0x0000000085d00000, 0x0000000085d00000, 0x0000000085e00000|  0%| F|  |TAMS 0x0000000085d00000, 0x0000000085d00000| Untracked 
|  94|0x0000000085e00000, 0x0000000085e00800, 0x0000000085f00000|  0%| E|  |TAMS 0x0000000085e00000, 0x0000000085e00000| Complete 
|  95|0x0000000085f00000, 0x0000000086000000, 0x0000000086000000|100%| E|CS|TAMS 0x0000000085f00000, 0x0000000085f00000| Complete 
|  96|0x0000000086000000, 0x0000000086100000, 0x0000000086100000|100%| E|CS|TAMS 0x0000000086000000, 0x0000000086000000| Complete 
|  97|0x0000000086100000, 0x0000000086200000, 0x0000000086200000|100%| E|CS|TAMS 0x0000000086100000, 0x0000000086100000| Complete 
|  98|0x0000000086200000, 0x0000000086300000, 0x0000000086300000|100%| E|CS|TAMS 0x0000000086200000, 0x0000000086200000| Complete 
|  99|0x0000000086300000, 0x0000000086400000, 0x0000000086400000|100%| E|CS|TAMS 0x0000000086300000, 0x0000000086300000| Complete 
| 100|0x0000000086400000, 0x0000000086500000, 0x0000000086500000|100%| E|CS|TAMS 0x0000000086400000, 0x0000000086400000| Complete 
| 101|0x0000000086500000, 0x0000000086600000, 0x0000000086600000|100%| E|CS|TAMS 0x0000000086500000, 0x0000000086500000| Complete 
| 105|0x0000000086900000, 0x0000000086a00000, 0x0000000086a00000|100%| E|CS|TAMS 0x0000000086900000, 0x0000000086900000| Complete 
| 106|0x0000000086a00000, 0x0000000086b00000, 0x0000000086b00000|100%| E|CS|TAMS 0x0000000086a00000, 0x0000000086a00000| Complete 
| 123|0x0000000087b00000, 0x0000000087c00000, 0x0000000087c00000|100%| E|CS|TAMS 0x0000000087b00000, 0x0000000087b00000| Complete 

Card table byte_map: [0x000001fa7e9b0000,0x000001fa7edb0000] _byte_map_base: 0x000001fa7e5b0000

Marking Bits (Prev, Next): (CMBitMap*) 0x000001fa7e02cfc0, (CMBitMap*) 0x000001fa7e02cf80
 Prev Bits: [0x000001fa145f0000, 0x000001fa165f0000)
 Next Bits: [0x000001fa125f0000, 0x000001fa145f0000)

Polling page: 0x000001fa7bf50000

Metaspace:

Usage:
  Non-class:     28.08 MB used.
      Class:      3.24 MB used.
       Both:     31.33 MB used.

Virtual space:
  Non-class space:       64.00 MB reserved,      28.25 MB ( 44%) committed,  1 nodes.
      Class space:        1.00 GB reserved,       3.44 MB ( <1%) committed,  1 nodes.
             Both:        1.06 GB reserved,      31.69 MB (  3%) committed. 

Chunk freelists:
   Non-Class:  2.81 MB
       Class:  12.52 MB
        Both:  15.34 MB

MaxMetaspaceSize: unlimited
CompressedClassSpaceSize: 1.00 GB
Initial GC threshold: 21.00 MB
Current GC threshold: 35.12 MB
CDS: off
MetaspaceReclaimPolicy: balanced
 - commit_granule_bytes: 65536.
 - commit_granule_words: 8192.
 - virtual_space_node_default_size: 8388608.
 - enlarge_chunks_in_place: 1.
 - new_chunks_are_fully_committed: 0.
 - uncommit_free_chunks: 1.
 - use_allocation_guard: 0.
 - handle_deallocations: 1.


Internal statistics:

num_allocs_failed_limit: 3.
num_arena_births: 424.
num_arena_deaths: 0.
num_vsnodes_births: 2.
num_vsnodes_deaths: 0.
num_space_committed: 507.
num_space_uncommitted: 0.
num_chunks_returned_to_freelist: 3.
num_chunks_taken_from_freelist: 1119.
num_chunk_merges: 3.
num_chunk_splits: 754.
num_chunks_enlarged: 531.
num_inconsistent_stats: 0.

CodeHeap 'non-profiled nmethods': size=120000Kb used=2294Kb max_used=2294Kb free=117705Kb
 bounds [0x000001fa0b0c0000, 0x000001fa0b330000, 0x000001fa125f0000]
CodeHeap 'profiled nmethods': size=120000Kb used=7408Kb max_used=7408Kb free=112591Kb
 bounds [0x000001fa035f0000, 0x000001fa03d30000, 0x000001fa0ab20000]
CodeHeap 'non-nmethods': size=5760Kb used=2277Kb max_used=2314Kb free=3483Kb
 bounds [0x000001fa0ab20000, 0x000001fa0ad90000, 0x000001fa0b0c0000]
 total_blobs=4599 nmethods=3816 adapters=694
 compilation: enabled
              stopped_count=0, restarted_count=0
 full_count=0

Compilation events (20 events):
Event: 6.252 Thread 0x000001fa18813040 nmethod 3803 0x000001fa0b2f3790 code [0x000001fa0b2f3940, 0x000001fa0b2f3eb8]
Event: 6.252 Thread 0x000001fa18813040 3804       4       sun.nio.fs.WindowsPath::getNameCount (10 bytes)
Event: 6.253 Thread 0x000001fa18813040 nmethod 3804 0x000001fa0b2f4110 code [0x000001fa0b2f42a0, 0x000001fa0b2f4348]
Event: 6.253 Thread 0x000001fa18813040 3806       4       sun.nio.fs.WindowsPath::getRoot (36 bytes)
Event: 6.255 Thread 0x000001fa18813040 nmethod 3806 0x000001fa0b2f4410 code [0x000001fa0b2f45a0, 0x000001fa0b2f46d8]
Event: 6.255 Thread 0x000001fa18813040 3811   !   4       sun.nio.fs.WindowsPath::initOffsets (153 bytes)
Event: 6.302 Thread 0x000001fa18813040 nmethod 3811 0x000001fa0b2f4810 code [0x000001fa0b2f4a20, 0x000001fa0b2f61e8]
Event: 6.302 Thread 0x000001fa18813040 3813       4       sun.nio.fs.WindowsPathParser::isSlash (18 bytes)
Event: 6.304 Thread 0x000001fa18813040 nmethod 3813 0x000001fa0b2f6f90 code [0x000001fa0b2f7100, 0x000001fa0b2f7178]
Event: 6.304 Thread 0x000001fa18813040 3812       4       sun.nio.fs.WindowsPathParser::normalize (233 bytes)
Event: 6.311 Thread 0x000001fa18674f00 3828       3       java.lang.String::compareTo (9 bytes)
Event: 6.312 Thread 0x000001fa18674f00 nmethod 3828 0x000001fa03d27890 code [0x000001fa03d27a40, 0x000001fa03d27c68]
Event: 6.363 Thread 0x000001fa18813040 nmethod 3812 0x000001fa0b2f7290 code [0x000001fa0b2f74e0, 0x000001fa0b2f9260]
Event: 6.363 Thread 0x000001fa18813040 3827       4       sun.nio.fs.WindowsFileSystem::getPath (106 bytes)
Event: 6.372 Thread 0x000001fa18813040 nmethod 3827 0x000001fa0b2fa310 code [0x000001fa0b2fa4a0, 0x000001fa0b2fa948]
Event: 6.372 Thread 0x000001fa18813040 3807       4       sun.nio.fs.WindowsPathParser::parse (384 bytes)
Event: 6.375 Thread 0x000001fa18674f00 3829       2       java.lang.invoke.DirectMethodHandle::make (21 bytes)
Event: 6.375 Thread 0x000001fa18674f00 nmethod 3829 0x000001fa03d27d10 code [0x000001fa03d27ec0, 0x000001fa03d28038]
Event: 6.376 Thread 0x000001fa18674f00 3830       2       java.lang.invoke.BoundMethodHandle$Species_L::make (11 bytes)
Event: 6.376 Thread 0x000001fa18674f00 nmethod 3830 0x000001fa03d28110 code [0x000001fa03d282c0, 0x000001fa03d28488]

GC Heap History (16 events):
Event: 0.699 GC heap before
{Heap before GC invocations=0 (full 0):
 garbage-first heap   total 126976K, used 27648K [0x0000000080000000, 0x0000000100000000)
  region size 1024K, 23 young (23552K), 0 survivors (0K)
 Metaspace       used 6730K, committed 6976K, reserved 1114112K
  class space    used 523K, committed 640K, reserved 1048576K
}
Event: 0.709 GC heap after
{Heap after GC invocations=1 (full 0):
 garbage-first heap   total 126976K, used 17528K [0x0000000080000000, 0x0000000100000000)
  region size 1024K, 3 young (3072K), 3 survivors (3072K)
 Metaspace       used 6730K, committed 6976K, reserved 1114112K
  class space    used 523K, committed 640K, reserved 1048576K
}
Event: 1.491 GC heap before
{Heap before GC invocations=1 (full 0):
 garbage-first heap   total 126976K, used 35960K [0x0000000080000000, 0x0000000100000000)
  region size 1024K, 21 young (21504K), 3 survivors (3072K)
 Metaspace       used 11983K, committed 12224K, reserved 1114112K
  class space    used 1011K, committed 1152K, reserved 1048576K
}
Event: 1.498 GC heap after
{Heap after GC invocations=2 (full 0):
 garbage-first heap   total 126976K, used 19867K [0x0000000080000000, 0x0000000100000000)
  region size 1024K, 2 young (2048K), 2 survivors (2048K)
 Metaspace       used 11983K, committed 12224K, reserved 1114112K
  class space    used 1011K, committed 1152K, reserved 1048576K
}
Event: 2.343 GC heap before
{Heap before GC invocations=2 (full 0):
 garbage-first heap   total 126976K, used 59803K [0x0000000080000000, 0x0000000100000000)
  region size 1024K, 42 young (43008K), 2 survivors (2048K)
 Metaspace       used 18503K, committed 18752K, reserved 1114112K
  class space    used 1747K, committed 1856K, reserved 1048576K
}
Event: 2.356 GC heap after
{Heap after GC invocations=3 (full 0):
 garbage-first heap   total 126976K, used 23937K [0x0000000080000000, 0x0000000100000000)
  region size 1024K, 6 young (6144K), 6 survivors (6144K)
 Metaspace       used 18503K, committed 18752K, reserved 1114112K
  class space    used 1747K, committed 1856K, reserved 1048576K
}
Event: 2.750 GC heap before
{Heap before GC invocations=3 (full 0):
 garbage-first heap   total 126976K, used 40321K [0x0000000080000000, 0x0000000100000000)
  region size 1024K, 23 young (23552K), 6 survivors (6144K)
 Metaspace       used 21353K, committed 21504K, reserved 1114112K
  class space    used 2240K, committed 2304K, reserved 1048576K
}
Event: 2.760 GC heap after
{Heap after GC invocations=4 (full 0):
 garbage-first heap   total 126976K, used 25314K [0x0000000080000000, 0x0000000100000000)
  region size 1024K, 2 young (2048K), 2 survivors (2048K)
 Metaspace       used 21353K, committed 21504K, reserved 1114112K
  class space    used 2240K, committed 2304K, reserved 1048576K
}
Event: 3.210 GC heap before
{Heap before GC invocations=5 (full 0):
 garbage-first heap   total 89088K, used 69346K [0x0000000080000000, 0x0000000100000000)
  region size 1024K, 46 young (47104K), 2 survivors (2048K)
 Metaspace       used 22272K, committed 22464K, reserved 1114112K
  class space    used 2337K, committed 2432K, reserved 1048576K
}
Event: 3.218 GC heap after
{Heap after GC invocations=6 (full 0):
 garbage-first heap   total 89088K, used 25665K [0x0000000080000000, 0x0000000100000000)
  region size 1024K, 3 young (3072K), 3 survivors (3072K)
 Metaspace       used 22272K, committed 22464K, reserved 1114112K
  class space    used 2337K, committed 2432K, reserved 1048576K
}
Event: 3.990 GC heap before
{Heap before GC invocations=6 (full 0):
 garbage-first heap   total 89088K, used 59457K [0x0000000080000000, 0x0000000100000000)
  region size 1024K, 36 young (36864K), 3 survivors (3072K)
 Metaspace       used 26517K, committed 26816K, reserved 1114112K
  class space    used 2773K, committed 2880K, reserved 1048576K
}
Event: 4.002 GC heap after
{Heap after GC invocations=7 (full 0):
 garbage-first heap   total 107520K, used 28279K [0x0000000080000000, 0x0000000100000000)
  region size 1024K, 5 young (5120K), 5 survivors (5120K)
 Metaspace       used 26517K, committed 26816K, reserved 1114112K
  class space    used 2773K, committed 2880K, reserved 1048576K
}
Event: 5.580 GC heap before
{Heap before GC invocations=7 (full 0):
 garbage-first heap   total 107520K, used 78455K [0x0000000080000000, 0x0000000100000000)
  region size 1024K, 52 young (53248K), 5 survivors (5120K)
 Metaspace       used 30396K, committed 30720K, reserved 1114112K
  class space    used 3145K, committed 3328K, reserved 1048576K
}
Event: 5.596 GC heap after
{Heap after GC invocations=8 (full 0):
 garbage-first heap   total 107520K, used 30075K [0x0000000080000000, 0x0000000100000000)
  region size 1024K, 6 young (6144K), 6 survivors (6144K)
 Metaspace       used 30396K, committed 30720K, reserved 1114112K
  class space    used 3145K, committed 3328K, reserved 1048576K
}
Event: 6.195 GC heap before
{Heap before GC invocations=8 (full 0):
 garbage-first heap   total 107520K, used 76155K [0x0000000080000000, 0x0000000100000000)
  region size 1024K, 51 young (52224K), 6 survivors (6144K)
 Metaspace       used 31507K, committed 31936K, reserved 1114112K
  class space    used 3269K, committed 3456K, reserved 1048576K
}
Event: 6.215 GC heap after
{Heap after GC invocations=9 (full 0):
 garbage-first heap   total 107520K, used 31103K [0x0000000080000000, 0x0000000100000000)
  region size 1024K, 3 young (3072K), 3 survivors (3072K)
 Metaspace       used 31507K, committed 31936K, reserved 1114112K
  class space    used 3269K, committed 3456K, reserved 1048576K
}

Dll operation events (6 events):
Event: 0.009 Loaded shared library C:\Users\DELL\.katalon\packages\KSE-10.0.1\jre\bin\java.dll
Event: 0.347 Loaded shared library C:\Users\DELL\.katalon\packages\KSE-10.0.1\jre\bin\net.dll
Event: 0.350 Loaded shared library C:\Users\DELL\.katalon\packages\KSE-10.0.1\jre\bin\nio.dll
Event: 0.362 Loaded shared library C:\Users\DELL\.katalon\packages\KSE-10.0.1\jre\bin\zip.dll
Event: 0.824 Loaded shared library C:\Users\DELL\.katalon\packages\KSE-10.0.1\jre\bin\verify.dll
Event: 1.171 Loaded shared library C:\Users\DELL\.katalon\packages\KSE-10.0.1\jre\bin\jimage.dll

Deoptimization events (20 events):
Event: 6.288 Thread 0x000001fa7dfce2a0 DEOPT PACKING pc=0x000001fa03670344 sp=0x0000008a709fd280
Event: 6.288 Thread 0x000001fa7dfce2a0 DEOPT UNPACKING pc=0x000001fa0ab77143 sp=0x0000008a709fc800 mode 0
Event: 6.289 Thread 0x000001fa7dfce2a0 DEOPT PACKING pc=0x000001fa03670344 sp=0x0000008a709fd280
Event: 6.290 Thread 0x000001fa7dfce2a0 DEOPT UNPACKING pc=0x000001fa0ab77143 sp=0x0000008a709fc800 mode 0
Event: 6.292 Thread 0x000001fa7dfce2a0 DEOPT PACKING pc=0x000001fa03670344 sp=0x0000008a709fd230
Event: 6.292 Thread 0x000001fa7dfce2a0 DEOPT UNPACKING pc=0x000001fa0ab77143 sp=0x0000008a709fc7b0 mode 0
Event: 6.294 Thread 0x000001fa7dfce2a0 DEOPT PACKING pc=0x000001fa03670344 sp=0x0000008a709fd280
Event: 6.294 Thread 0x000001fa7dfce2a0 DEOPT UNPACKING pc=0x000001fa0ab77143 sp=0x0000008a709fc800 mode 0
Event: 6.297 Thread 0x000001fa7dfce2a0 DEOPT PACKING pc=0x000001fa03670344 sp=0x0000008a709fd230
Event: 6.297 Thread 0x000001fa7dfce2a0 DEOPT UNPACKING pc=0x000001fa0ab77143 sp=0x0000008a709fc7b0 mode 0
Event: 6.299 Thread 0x000001fa7dfce2a0 DEOPT PACKING pc=0x000001fa03670344 sp=0x0000008a709fd280
Event: 6.299 Thread 0x000001fa7dfce2a0 DEOPT UNPACKING pc=0x000001fa0ab77143 sp=0x0000008a709fc800 mode 0
Event: 6.301 Thread 0x000001fa7dfce2a0 DEOPT PACKING pc=0x000001fa03670344 sp=0x0000008a709fd230
Event: 6.301 Thread 0x000001fa7dfce2a0 DEOPT UNPACKING pc=0x000001fa0ab77143 sp=0x0000008a709fc7b0 mode 0
Event: 6.303 Thread 0x000001fa7dfce2a0 DEOPT PACKING pc=0x000001fa03670344 sp=0x0000008a709fd280
Event: 6.303 Thread 0x000001fa7dfce2a0 DEOPT UNPACKING pc=0x000001fa0ab77143 sp=0x0000008a709fc800 mode 0
Event: 6.364 Thread 0x000001fa7dfce2a0 Uncommon trap: trap_request=0xffffff45 fr.pc=0x000001fa0b23fb9c relative=0x00000000000001fc
Event: 6.364 Thread 0x000001fa7dfce2a0 Uncommon trap: reason=unstable_if action=reinterpret pc=0x000001fa0b23fb9c method=sun.net.www.ParseUtil.encodePath(Ljava/lang/String;Z)Ljava/lang/String; @ 1 c2
Event: 6.364 Thread 0x000001fa7dfce2a0 DEOPT PACKING pc=0x000001fa0b23fb9c sp=0x0000008a709fd540
Event: 6.365 Thread 0x000001fa7dfce2a0 DEOPT UNPACKING pc=0x000001fa0ab769a3 sp=0x0000008a709fd4f8 mode 2

Classes unloaded (0 events):
No events

Classes redefined (0 events):
No events

Internal exceptions (20 events):
Event: 5.603 Thread 0x000001fa7dfce2a0 Exception <a 'java/lang/ClassNotFoundException'{0x000000008699b020}: java/net/URLClassLoaderBeanInfo> (0x000000008699b020) 
thrown [s\src\hotspot\share\classfile\systemDictionary.cpp, line 256]
Event: 5.605 Thread 0x000001fa7dfce2a0 Exception <a 'java/lang/ClassNotFoundException'{0x00000000869ab5e0}: java/security/SecureClassLoaderBeanInfo> (0x00000000869ab5e0) 
thrown [s\src\hotspot\share\classfile\systemDictionary.cpp, line 256]
Event: 5.608 Thread 0x000001fa7dfce2a0 Exception <a 'java/lang/ClassNotFoundException'{0x00000000869bb028}: java/lang/ClassLoaderBeanInfo> (0x00000000869bb028) 
thrown [s\src\hotspot\share\classfile\systemDictionary.cpp, line 256]
Event: 5.610 Thread 0x000001fa7dfce2a0 Exception <a 'java/lang/ClassNotFoundException'{0x00000000869cadd8}: java/lang/ClassLoaderCustomizer> (0x00000000869cadd8) 
thrown [s\src\hotspot\share\classfile\systemDictionary.cpp, line 256]
Event: 5.618 Thread 0x000001fa7dfce2a0 Exception <a 'java/lang/ClassNotFoundException'{0x00000000869e8728}: java/security/SecureClassLoaderCustomizer> (0x00000000869e8728) 
thrown [s\src\hotspot\share\classfile\systemDictionary.cpp, line 256]
Event: 5.622 Thread 0x000001fa7dfce2a0 Exception <a 'java/lang/ClassNotFoundException'{0x00000000869fa5a0}: java/net/URLClassLoaderCustomizer> (0x00000000869fa5a0) 
thrown [s\src\hotspot\share\classfile\systemDictionary.cpp, line 256]
Event: 5.640 Thread 0x000001fa7dfce2a0 Exception <a 'java/lang/ClassNotFoundException'{0x0000000085e20128}: org/codehaus/groovy/tools/RootLoaderCustomizer> (0x0000000085e20128) 
thrown [s\src\hotspot\share\classfile\systemDictionary.cpp, line 256]
Event: 5.666 Thread 0x000001fa7dfce2a0 Exception <a 'java/lang/ClassNotFoundException'{0x0000000085e8c7b8}: com/kms/katalon/core/ast/AstTestStepTransformationBeanInfo> (0x0000000085e8c7b8) 
thrown [s\src\hotspot\share\classfile\systemDictionary.cpp, line 256]
Event: 5.670 Thread 0x000001fa7dfce2a0 Exception <a 'java/lang/ClassNotFoundException'{0x0000000085ea8c58}: com/kms/katalon/core/ast/AstTestStepTransformationCustomizer> (0x0000000085ea8c58) 
thrown [s\src\hotspot\share\classfile\systemDictionary.cpp, line 256]
Event: 5.691 Thread 0x000001fa7dfce2a0 Exception <a 'java/lang/ClassNotFoundException'{0x0000000085ef2190}: jdk/proxy2/$Proxy7BeanInfo> (0x0000000085ef2190) 
thrown [s\src\hotspot\share\classfile\systemDictionary.cpp, line 256]
Event: 5.697 Thread 0x000001fa7dfce2a0 Exception <a 'java/lang/ClassNotFoundException'{0x0000000085d0bf98}: jdk/proxy2/$Proxy7Customizer> (0x0000000085d0bf98) 
thrown [s\src\hotspot\share\classfile\systemDictionary.cpp, line 256]
Event: 5.721 Thread 0x000001fa7dfce2a0 Exception <a 'java/lang/ClassNotFoundException'{0x0000000085964800}: org/codehaus/groovy/ast/ClassHelperBeanInfo> (0x0000000085964800) 
thrown [s\src\hotspot\share\classfile\systemDictionary.cpp, line 256]
Event: 5.736 Thread 0x000001fa7dfce2a0 Exception <a 'java/lang/ClassNotFoundException'{0x00000000855a3280}: org/codehaus/groovy/ast/ClassHelperCustomizer> (0x00000000855a3280) 
thrown [s\src\hotspot\share\classfile\systemDictionary.cpp, line 256]
Event: 5.757 Thread 0x000001fa7dfce2a0 Exception <a 'java/lang/ClassNotFoundException'{0x000000008500c658}: org/codehaus/groovy/ast/AnnotationNodeBeanInfo> (0x000000008500c658) 
thrown [s\src\hotspot\share\classfile\systemDictionary.cpp, line 256]
Event: 5.773 Thread 0x000001fa7dfce2a0 Exception <a 'java/lang/ClassNotFoundException'{0x0000000084c4a788}: org/codehaus/groovy/ast/ASTNodeBeanInfo> (0x0000000084c4a788) 
thrown [s\src\hotspot\share\classfile\systemDictionary.cpp, line 256]
Event: 5.794 Thread 0x000001fa7dfce2a0 Exception <a 'java/lang/ClassNotFoundException'{0x0000000084888be8}: org/codehaus/groovy/ast/ASTNodeCustomizer> (0x0000000084888be8) 
thrown [s\src\hotspot\share\classfile\systemDictionary.cpp, line 256]
Event: 5.811 Thread 0x000001fa7dfce2a0 Exception <a 'java/lang/ClassNotFoundException'{0x00000000844d4058}: org/codehaus/groovy/ast/AnnotationNodeCustomizer> (0x00000000844d4058) 
thrown [s\src\hotspot\share\classfile\systemDictionary.cpp, line 256]
Event: 5.851 Thread 0x000001fa7dfce2a0 Exception <a 'java/lang/ClassNotFoundException'{0x0000000084360cd8}: java/io/FileBeanInfo> (0x0000000084360cd8) 
thrown [s\src\hotspot\share\classfile\systemDictionary.cpp, line 256]
Event: 5.853 Thread 0x000001fa7dfce2a0 Exception <a 'java/lang/ClassNotFoundException'{0x000000008436f338}: java/io/FileCustomizer> (0x000000008436f338) 
thrown [s\src\hotspot\share\classfile\systemDictionary.cpp, line 256]
Event: 6.086 Thread 0x000001fa7dfce2a0 Exception <a 'java/lang/ClassNotFoundException'{0x00000000841e6a30}: sun/util/logging/resources/spi/loggingProvider> (0x00000000841e6a30) 
thrown [s\src\hotspot\share\classfile\systemDictionary.cpp, line 256]

VM Operations (20 events):
Event: 3.866 Executing VM operation: HandshakeAllThreads
Event: 3.866 Executing VM operation: HandshakeAllThreads done
Event: 3.872 Executing VM operation: HandshakeAllThreads
Event: 3.872 Executing VM operation: HandshakeAllThreads done
Event: 3.925 Executing VM operation: HandshakeAllThreads
Event: 3.925 Executing VM operation: HandshakeAllThreads done
Event: 3.989 Executing VM operation: G1CollectForAllocation
Event: 4.002 Executing VM operation: G1CollectForAllocation done
Event: 4.434 Executing VM operation: HandshakeAllThreads
Event: 4.434 Executing VM operation: HandshakeAllThreads done
Event: 4.611 Executing VM operation: HandshakeAllThreads
Event: 4.611 Executing VM operation: HandshakeAllThreads done
Event: 4.786 Executing VM operation: HandshakeAllThreads
Event: 4.786 Executing VM operation: HandshakeAllThreads done
Event: 5.580 Executing VM operation: G1CollectForAllocation
Event: 5.596 Executing VM operation: G1CollectForAllocation done
Event: 6.194 Executing VM operation: G1CollectForAllocation
Event: 6.217 Executing VM operation: G1CollectForAllocation done
Event: 6.320 Executing VM operation: HandshakeAllThreads
Event: 6.320 Executing VM operation: HandshakeAllThreads done

Events (20 events):
Event: 6.362 loading class java/net/ProxySelector
Event: 6.362 loading class java/net/ProxySelector done
Event: 6.362 loading class sun/net/spi/DefaultProxySelector
Event: 6.363 loading class sun/net/spi/DefaultProxySelector done
Event: 6.363 loading class java/net/Proxy
Event: 6.363 loading class java/net/Proxy done
Event: 6.363 loading class java/net/Proxy$Type
Event: 6.364 loading class java/net/Proxy$Type done
Event: 6.364 loading class sun/net/spi/DefaultProxySelector$1
Event: 6.364 loading class sun/net/spi/DefaultProxySelector$1 done
Event: 6.365 loading class sun/net/spi/DefaultProxySelector$NonProxyInfo
Event: 6.365 loading class sun/net/spi/DefaultProxySelector$NonProxyInfo done
Event: 6.365 loading class sun/net/spi/DefaultProxySelector$3
Event: 6.365 loading class sun/net/spi/DefaultProxySelector$3 done
Event: 6.366 loading class sun/net/NetHooks
Event: 6.366 loading class sun/net/NetHooks done
Event: 6.367 loading class java/net/Socket$SocketOutputStream
Event: 6.368 loading class java/net/Socket$SocketOutputStream done
Event: 6.368 loading class sun/nio/ch/NioSocketImpl$2
Event: 6.368 loading class sun/nio/ch/NioSocketImpl$2 done


Dynamic libraries:
0x00007ff65e1d0000 - 0x00007ff65e1de000 	C:\Users\DELL\.katalon\packages\KSE-10.0.1\jre\bin\javaw.exe
0x00007ffc46430000 - 0x00007ffc46647000 	C:\Windows\SYSTEM32\ntdll.dll
0x00007ffc45fe0000 - 0x00007ffc460a4000 	C:\Windows\System32\KERNEL32.DLL
0x00007ffc43a10000 - 0x00007ffc43dbd000 	C:\Windows\System32\KERNELBASE.dll
0x00007ffc43750000 - 0x00007ffc43861000 	C:\Windows\System32\ucrtbase.dll
0x00007ffc2a750000 - 0x00007ffc2a769000 	C:\Users\DELL\.katalon\packages\KSE-10.0.1\jre\bin\VCRUNTIME140.dll
0x00007ffc2aa00000 - 0x00007ffc2aa17000 	C:\Users\DELL\.katalon\packages\KSE-10.0.1\jre\bin\jli.dll
0x00007ffc44a60000 - 0x00007ffc44c0e000 	C:\Windows\System32\USER32.dll
0x00007ffc43df0000 - 0x00007ffc43e16000 	C:\Windows\System32\win32u.dll
0x00007ffc2d310000 - 0x00007ffc2d5a3000 	C:\Windows\WinSxS\amd64_microsoft.windows.common-controls_6595b64144ccf1df_6.0.22621.3672_none_2713b9d173822955\COMCTL32.dll
0x00007ffc463c0000 - 0x00007ffc463e9000 	C:\Windows\System32\GDI32.dll
0x00007ffc46210000 - 0x00007ffc462b7000 	C:\Windows\System32\msvcrt.dll
0x00007ffc438f0000 - 0x00007ffc43a09000 	C:\Windows\System32\gdi32full.dll
0x00007ffc44050000 - 0x00007ffc440ea000 	C:\Windows\System32\msvcp_win.dll
0x00007ffc45430000 - 0x00007ffc45461000 	C:\Windows\System32\IMM32.DLL
0x00007ffc3ba40000 - 0x00007ffc3ba4c000 	C:\Users\DELL\.katalon\packages\KSE-10.0.1\jre\bin\vcruntime140_1.dll
0x00007ffc1e760000 - 0x00007ffc1e7f1000 	C:\Users\DELL\.katalon\packages\KSE-10.0.1\jre\bin\msvcp140.dll
0x00007ffc00600000 - 0x00007ffc01248000 	C:\Users\DELL\.katalon\packages\KSE-10.0.1\jre\bin\server\jvm.dll
0x00007ffc44d10000 - 0x00007ffc44dc2000 	C:\Windows\System32\ADVAPI32.dll
0x00007ffc44160000 - 0x00007ffc44209000 	C:\Windows\System32\sechost.dll
0x00007ffc43dc0000 - 0x00007ffc43de8000 	C:\Windows\System32\bcrypt.dll
0x00007ffc45e60000 - 0x00007ffc45f74000 	C:\Windows\System32\RPCRT4.dll
0x00007ffc37f60000 - 0x00007ffc37f94000 	C:\Windows\SYSTEM32\WINMM.dll
0x00007ffc28ae0000 - 0x00007ffc28aea000 	C:\Windows\SYSTEM32\VERSION.dll
0x00007ffc3ba70000 - 0x00007ffc3ba79000 	C:\Windows\SYSTEM32\WSOCK32.dll
0x00007ffc45470000 - 0x00007ffc454e1000 	C:\Windows\System32\WS2_32.dll
0x00007ffc427a0000 - 0x00007ffc427b8000 	C:\Windows\SYSTEM32\kernel.appcore.dll
0x00007ffc3ba60000 - 0x00007ffc3ba6a000 	C:\Users\DELL\.katalon\packages\KSE-10.0.1\jre\bin\jimage.dll
0x00007ffc40fb0000 - 0x00007ffc411e2000 	C:\Windows\SYSTEM32\DBGHELP.DLL
0x00007ffc450a0000 - 0x00007ffc4542e000 	C:\Windows\System32\combase.dll
0x00007ffc462c0000 - 0x00007ffc46397000 	C:\Windows\System32\OLEAUT32.dll
0x00007ffc0dfc0000 - 0x00007ffc0dff2000 	C:\Windows\SYSTEM32\dbgcore.DLL
0x00007ffc43870000 - 0x00007ffc438eb000 	C:\Windows\System32\bcryptPrimitives.dll
0x00007ffc3b9c0000 - 0x00007ffc3b9e5000 	C:\Users\DELL\.katalon\packages\KSE-10.0.1\jre\bin\java.dll
0x00007ffc3b9a0000 - 0x00007ffc3b9b8000 	C:\Users\DELL\.katalon\packages\KSE-10.0.1\jre\bin\zip.dll
0x00007ffc455f0000 - 0x00007ffc45e57000 	C:\Windows\System32\SHELL32.dll
0x00007ffc416d0000 - 0x00007ffc41fcf000 	C:\Windows\SYSTEM32\windows.storage.dll
0x00007ffc41590000 - 0x00007ffc416cf000 	C:\Windows\SYSTEM32\wintypes.dll
0x00007ffc44c10000 - 0x00007ffc44d09000 	C:\Windows\System32\SHCORE.dll
0x00007ffc45f80000 - 0x00007ffc45fde000 	C:\Windows\System32\shlwapi.dll
0x00007ffc43680000 - 0x00007ffc436a7000 	C:\Windows\SYSTEM32\profapi.dll
0x00007ffc3b980000 - 0x00007ffc3b999000 	C:\Users\DELL\.katalon\packages\KSE-10.0.1\jre\bin\net.dll
0x00007ffc3a910000 - 0x00007ffc3aa46000 	C:\Windows\SYSTEM32\WINHTTP.dll
0x00007ffc42c10000 - 0x00007ffc42c79000 	C:\Windows\system32\mswsock.dll
0x00007ffc3b960000 - 0x00007ffc3b975000 	C:\Users\DELL\.katalon\packages\KSE-10.0.1\jre\bin\nio.dll
0x00007ffc3b950000 - 0x00007ffc3b960000 	C:\Users\DELL\.katalon\packages\KSE-10.0.1\jre\bin\verify.dll

dbghelp: loaded successfully - version: 4.0.5 - missing functions: none
symbol engine: initialized successfully - sym options: 0x614 - pdb path: .;C:\Users\DELL\.katalon\packages\KSE-10.0.1\jre\bin;C:\Windows\SYSTEM32;C:\Windows\WinSxS\amd64_microsoft.windows.common-controls_6595b64144ccf1df_6.0.22621.3672_none_2713b9d173822955;C:\Users\DELL\.katalon\packages\KSE-10.0.1\jre\bin\server

VM Arguments:
jvm_args: -Dgroovy.home=C:\Users\DELL/.groovy -Djava.system.class.loader=groovy.lang.GroovyClassLoader -Xmx2048m -Dfile.encoding=UTF-8 -XX:+ShowCodeDetailsInExceptionMessages 
java_command: org.codehaus.groovy.tools.GroovyStarter --classpath C:\Users\DELL\Katalon Studio\katalon\bin\keyword;C:\Users\DELL\Katalon Studio\katalon\Keywords;C:\Users\DELL\Katalon Studio\katalon\bin\listener;C:\Users\DELL\Katalon Studio\katalon\Test Listeners;C:\Users\DELL\Katalon Studio\katalon\bin\lib;C:\Users\DELL\Katalon Studio\katalon\Libs;C:\Users\DELL\Katalon Studio\katalon\bin\groovy;C:\Users\DELL\Katalon Studio\katalon\Include\scripts\groovy;C:\Users\DELL\.katalon\packages\KSE-10.0.1\plugins\com.kms.katalon.core_1.0.0.202412050416.jar;C:\Users\DELL\.katalon\packages\KSE-10.0.1\configuration\resources\lib\aalto-xml-1.0.0.jar;C:\Users\DELL\.katalon\packages\KSE-10.0.1\configuration\resources\lib\aspectjweaver-1.9.1.jar;C:\Users\DELL\.katalon\packages\KSE-10.0.1\configuration\resources\lib\aws-2.20.3-fat.jar;C:\Users\DELL\.katalon\packages\KSE-10.0.1\configuration\resources\lib\bcpkix-jdk15on-1.64.jar;C:\Users\DELL\.katalon\packages\KSE-10.0.1\configuration\resources\lib\bcprov-jdk15on-1.64.jar;C:\Users\DELL\.katalon\packages\KSE-10.0.1\configuration\resources\lib\browsermob-core-2.1.5.jar;C:\Users\DELL\.katalon\packages\KSE-10.0.1\configuration\resources\lib\byte-buddy-1.14.3.jar;C:\Users\DELL\.katalon\packages\KSE-10.0.1\configuration\resources\lib\byte-buddy-agent-1.14.3.jar;C:\Users\DELL\.katalon\packages\KSE-10.0.1\configuration\resources\lib\cglib-3.2.10.jar;C:\Users\DELL\.katalon\packages\KSE-10.0.1\configuration\resources\lib\commons-codec-1.10.jar;C:\Users\DELL\.katalon\packages\KSE-10.0.1\configuration\resources\lib\commons-collections4-4.1.jar;C:\Users\DELL\.katalon\packages\KSE-10.0.1\configuration\resources\lib\commons-validator-1.6.jar;C:\Users\DELL\.katalon\packages\KSE-10.0.1\configuration\resources\lib\curvesapi-1.04.jar;C:\Users\DELL\.katalon\packages\KSE-10.0.1\configuration\resources\lib\dnsjava-3.6.2.jar;C:\Users\DELL\.katalon\packages\KSE-10.0.1\configuration\resources\lib\groovy-3.0.17-fat.jar;C:\Users\DELL\.katalon\packages\KSE-10.
java_class_path (initial): C:\Users\DELL\Katalon Studio\katalon\bin\keyword;C:\Users\DELL\Katalon Studio\katalon\bin\listener;C:\Users\DELL\Katalon Studio\katalon\bin\lib;C:\Users\DELL\Katalon Studio\katalon\bin\groovy;C:\Users\DELL\Katalon Studio\katalon\bin;C:\Users\DELL\.katalon\packages\KSE-10.0.1\plugins\com.kms.katalon.core_1.0.0.202412050416.jar;C:\Users\DELL\.katalon\packages\KSE-10.0.1\configuration\resources\lib\aalto-xml-1.0.0.jar;C:\Users\DELL\.katalon\packages\KSE-10.0.1\configuration\resources\lib\aspectjweaver-1.9.1.jar;C:\Users\DELL\.katalon\packages\KSE-10.0.1\configuration\resources\lib\aws-2.20.3-fat.jar;C:\Users\DELL\.katalon\packages\KSE-10.0.1\configuration\resources\lib\bcpkix-jdk15on-1.64.jar;C:\Users\DELL\.katalon\packages\KSE-10.0.1\configuration\resources\lib\bcprov-jdk15on-1.64.jar;C:\Users\DELL\.katalon\packages\KSE-10.0.1\configuration\resources\lib\browsermob-core-2.1.5.jar;C:\Users\DELL\.katalon\packages\KSE-10.0.1\configuration\resources\lib\byte-buddy-1.14.3.jar;C:\Users\DELL\.katalon\packages\KSE-10.0.1\configuration\resources\lib\byte-buddy-agent-1.14.3.jar;C:\Users\DELL\.katalon\packages\KSE-10.0.1\configuration\resources\lib\cglib-3.2.10.jar;C:\Users\DELL\.katalon\packages\KSE-10.0.1\configuration\resources\lib\commons-codec-1.10.jar;C:\Users\DELL\.katalon\packages\KSE-10.0.1\configuration\resources\lib\commons-collections4-4.1.jar;C:\Users\DELL\.katalon\packages\KSE-10.0.1\configuration\resources\lib\commons-validator-1.6.jar;C:\Users\DELL\.katalon\packages\KSE-10.0.1\configuration\resources\lib\curvesapi-1.04.jar;C:\Users\DELL\.katalon\packages\KSE-10.0.1\configuration\resources\lib\dnsjava-3.6.2.jar;C:\Users\DELL\.katalon\packages\KSE-10.0.1\configuration\resources\lib\groovy-3.0.17-fat.jar;C:\Users\DELL\.katalon\packages\KSE-10.0.1\configuration\resources\lib\jackson-coreutils-2.0.jar;C:\Users\DELL\.katalon\packages\KSE-10.0.1\configuration\resources\lib\jackson-coreutils-equivalence-1.0.jar;C:\Users\DELL\.katalon\packages
Launcher Type: SUN_STANDARD

[Global flags]
     intx CICompilerCount                          = 4                                         {product} {ergonomic}
     uint ConcGCThreads                            = 3                                         {product} {ergonomic}
     uint G1ConcRefinementThreads                  = 10                                        {product} {ergonomic}
   size_t G1HeapRegionSize                         = 1048576                                   {product} {ergonomic}
    uintx GCDrainStackTargetSize                   = 64                                        {product} {ergonomic}
   size_t InitialHeapSize                          = 130023424                                 {product} {ergonomic}
   size_t MarkStackSize                            = 4194304                                   {product} {ergonomic}
   size_t MaxHeapSize                              = 2147483648                                {product} {command line}
   size_t MaxNewSize                               = 1287651328                                {product} {ergonomic}
   size_t MinHeapDeltaBytes                        = 1048576                                   {product} {ergonomic}
   size_t MinHeapSize                              = 8388608                                   {product} {ergonomic}
    uintx NonNMethodCodeHeapSize                   = 5839372                                {pd product} {ergonomic}
    uintx NonProfiledCodeHeapSize                  = 122909434                              {pd product} {ergonomic}
    uintx ProfiledCodeHeapSize                     = 122909434                              {pd product} {ergonomic}
    uintx ReservedCodeCacheSize                    = 251658240                              {pd product} {ergonomic}
     bool SegmentedCodeCache                       = true                                      {product} {ergonomic}
     bool ShowCodeDetailsInExceptionMessages       = true                                   {manageable} {command line}
   size_t SoftMaxHeapSize                          = 2147483648                             {manageable} {ergonomic}
     bool UseCompressedClassPointers               = true                           {product lp64_product} {ergonomic}
     bool UseCompressedOops                        = true                           {product lp64_product} {ergonomic}
     bool UseG1GC                                  = true                                      {product} {ergonomic}
     bool UseLargePagesIndividualAllocation        = false                                  {pd product} {ergonomic}

Logging:
Log output configuration:
 #0: stdout all=warning uptime,level,tags
 #1: stderr all=off uptime,level,tags

Environment Variables:
PATH=C:/Users/DELL/.katalon/packages/KSE-10.0.1/jre/bin/server;C:/Users/DELL/.katalon/packages/KSE-10.0.1/jre/bin;C:\ProgramData\Oracle\Java\javapath;C:\Windows\system32;C:\Windows;C:\Windows\System32\Wbem;C:\Windows\System32\WindowsPowerShell\v1.0\;C:\Windows\System32\OpenSSH\;C:\Program Files\dotnet\;C:\Program Files (x86)\Java\jre1.8.0_361\bin;D:\Git\cmd;C:\Program Files\nodejs\;C:\Ampps\php;C:\Program Files\Microsoft SQL Server\Client SDK\ODBC\170\Tools\Binn\;C:\Program Files (x86)\Microsoft SQL Server\150\Tools\Binn\;C:\Program Files\Microsoft SQL Server\150\Tools\Binn\;C:\Program Files\Microsoft SQL Server\150\DTS\Binn\;C:\Program Files\Microsoft SQL Server\120\Tools\Binn\;C:\Program Files\Microsoft SQL Server\Client SDK\ODBC\110\Tools\Binn\;C:\Program Files (x86)\Microsoft SQL Server\120\Tools\Binn\;C:\Program Files\Microsoft SQL Server\120\DTS\Binn\;C:\Program Files (x86)\Microsoft SQL Server\120\Tools\Binn\ManagementStudio\;C:\Program Files (x86)\Microsoft SQL Server\120\DTS\Binn\;C:\xampp;C:\xampp\htdocs;C:\xampp\php;C:\Users\DELL\AppData\Local\Programs\Python\Python311\Scripts\;C:\Users\DELL\AppData\Local\Programs\Python\Python311\;C:\Users\DELL\.console-ninja\.bin;C:\Program Files (x86)\Common Files\Oracle\Java\javapath;C:\ProgramData\Oracle\Java\javapath;C:\Windows\system32;C:\Windows;C:\Windows\System32\Wbem;C:\Windows\System32\WindowsPowerShell\v1.0\;C:\Windows\System32\OpenSSH\;C:\Program Files\dotnet\;C:\Program Files (x86)\Java\jre1.8.0_361\bin;D:\Git\cmd;C:\Program Files\nodejs\;C:\Ampps\php;C:\Program Files\Microsoft SQL Server\130\Tools\Binn\;C:\Program Files\Microsoft SQL Server\Client SDK\ODBC\170\Tools\Binn\;C:\Program Files (x86)\Microsoft SQL Server\150\Tools\Binn\;C:\Program Files\Microsoft SQL Server\150\Tools\Binn\;C:\Program Files\Microsoft SQL Server\150\DTS\Binn\;C:\Program Files\Microsoft SQL Server\120\Tools\Binn\;C:\Program Files\Microsoft SQL Server\Client SDK\ODBC\110\Tools\Binn\;C:\Program Files (x86)\Microsoft SQL Server\120\Tools
USERNAME=DELL
OS=Windows_NT
PROCESSOR_IDENTIFIER=Intel64 Family 6 Model 154 Stepping 4, GenuineIntel
TMP=C:\Users\DELL\AppData\Local\Temp
TEMP=C:\Users\DELL\AppData\Local\Temp



---------------  S Y S T E M  ---------------

OS:
 Windows 11 , 64 bit Build 22621 (10.0.22621.3958)
OS uptime: 0 days 1:43 hours

CPU: total 12 (initial active 12) (12 cores per cpu, 1 threads per core) family 6 model 154 stepping 4 microcode 0x434, cx8, cmov, fxsr, mmx, 3dnowpref, sse, sse2, sse3, ssse3, sse4.1, sse4.2, popcnt, lzcnt, tsc, tscinvbit, avx, avx2, aes, erms, clmul, bmi1, bmi2, adx, sha, fma, vzeroupper, clflush, clflushopt, clwb

Memory: 4k page, system-wide physical 7876M (328M free)
TotalPageFile size 18792M (AvailPageFile size 240M)
current process WorkingSet (physical memory assigned to process): 213M, peak: 214M
current process commit charge ("private bytes"): 267M, peak: 271M

vm_info: OpenJDK 64-Bit Server VM (17.0.7+7) for windows-amd64 JRE (17.0.7+7), built on Apr 18 2023 22:10:42 by "temurin" with MS VC++ 16.7 (VS2019)

END.
